2017-09-10 13:23:28	PHP Error Severity: 8 --> Undefined index: frozen E:\wamp\www\test\trunk\source\Application\Setting\Model\UserDataModel.class.php 142
2017-09-10 13:23:28	PHP Error Severity: 8 --> Undefined index: frozen E:\wamp\www\test\trunk\source\Application\Setting\Model\UserDataModel.class.php 142
2017-09-10 13:23:28	PHP Error Severity: 8 --> Undefined index: frozen E:\wamp\www\test\trunk\source\Application\Setting\Model\UserDataModel.class.php 142
2017-09-10 13:23:28	PHP Error Severity: 8 --> Undefined index: frozen E:\wamp\www\test\trunk\source\Application\Setting\Model\UserDataModel.class.php 142
2017-09-10 13:23:28	PHP Error Severity: 8 --> Undefined index: frozen E:\wamp\www\test\trunk\source\Application\Setting\Model\UserDataModel.class.php 142
2017-09-10 13:23:28	PHP Error Severity: 8 --> Undefined index: frozen E:\wamp\www\test\trunk\source\Application\Setting\Model\UserDataModel.class.php 142
2017-09-10 13:23:28	PHP Error Severity: 8 --> Undefined index: frozen E:\wamp\www\test\trunk\source\Application\Setting\Model\UserDataModel.class.php 142
2017-09-10 13:23:28	PHP Error Severity: 8 --> Undefined index: frozen E:\wamp\www\test\trunk\source\Application\Setting\Model\UserDataModel.class.php 142
2017-09-10 13:23:28	PHP Error Severity: 8 --> Undefined index: frozen E:\wamp\www\test\trunk\source\Application\Setting\Model\UserDataModel.class.php 142
2017-09-10 13:23:28	PHP Error Severity: 8 --> Undefined index: frozen E:\wamp\www\test\trunk\source\Application\Setting\Model\UserDataModel.class.php 142
2017-09-10 13:23:28	PHP Error Severity: 8 --> Undefined index: frozen E:\wamp\www\test\trunk\source\Application\Setting\Model\UserDataModel.class.php 142
2017-09-10 13:23:28	PHP Error Severity: 8 --> Undefined index: frozen E:\wamp\www\test\trunk\source\Application\Setting\Model\UserDataModel.class.php 142
2017-09-10 13:23:28	PHP Error Severity: 8 --> Undefined index: frozen E:\wamp\www\test\trunk\source\Application\Setting\Model\UserDataModel.class.php 142
2017-09-10 13:23:28	PHP Error Severity: 8 --> Undefined index: frozen E:\wamp\www\test\trunk\source\Application\Setting\Model\UserDataModel.class.php 142
2017-09-10 13:23:28	PHP Error Severity: 8 --> Undefined index: frozen E:\wamp\www\test\trunk\source\Application\Setting\Model\UserDataModel.class.php 142
2017-09-10 13:23:28	PHP Error Severity: 8 --> Undefined index: frozen E:\wamp\www\test\trunk\source\Application\Setting\Model\UserDataModel.class.php 142
2017-09-10 13:23:28	PHP Error Severity: 8 --> Undefined index: frozen E:\wamp\www\test\trunk\source\Application\Setting\Model\UserDataModel.class.php 142
2017-09-10 13:23:28	PHP Error Severity: 8 --> Undefined index: frozen E:\wamp\www\test\trunk\source\Application\Setting\Model\UserDataModel.class.php 142
2017-09-10 13:23:28	PHP Error Severity: 8 --> Undefined index: frozen E:\wamp\www\test\trunk\source\Application\Setting\Model\UserDataModel.class.php 142
2017-09-10 13:23:28	PHP Error Severity: 8 --> Undefined index: frozen E:\wamp\www\test\trunk\source\Application\Setting\Model\UserDataModel.class.php 142
2017-09-10 13:23:28	PHP Error Severity: 8 --> Undefined index: frozen E:\wamp\www\test\trunk\source\Application\Setting\Model\UserDataModel.class.php 142
2017-09-10 13:23:28	PHP Error Severity: 8 --> Undefined index: frozen E:\wamp\www\test\trunk\source\Application\Setting\Model\UserDataModel.class.php 142
2017-09-10 13:23:28	PHP Error Severity: 8 --> Undefined index: frozen E:\wamp\www\test\trunk\source\Application\Setting\Model\UserDataModel.class.php 142
2017-09-10 13:23:28	PHP Error Severity: 8 --> Undefined index: frozen E:\wamp\www\test\trunk\source\Application\Setting\Model\UserDataModel.class.php 142
2017-09-10 13:23:28	PHP Error Severity: 8 --> Undefined index: frozen E:\wamp\www\test\trunk\source\Application\Setting\Model\UserDataModel.class.php 142
2017-09-10 13:23:28	PHP Error Severity: 8 --> Undefined index: frozen E:\wamp\www\test\trunk\source\Application\Setting\Model\UserDataModel.class.php 142
2017-09-10 13:23:28	PHP Error Severity: 8 --> Undefined index: frozen E:\wamp\www\test\trunk\source\Application\Setting\Model\UserDataModel.class.php 142
2017-09-10 13:23:28	PHP Error Severity: 8 --> Undefined index: frozen E:\wamp\www\test\trunk\source\Application\Setting\Model\UserDataModel.class.php 142
2017-09-10 13:23:28	PHP Error Severity: 8 --> Undefined index: frozen E:\wamp\www\test\trunk\source\Application\Setting\Model\UserDataModel.class.php 142
2017-09-10 13:23:28	PHP Error Severity: 8 --> Undefined index: frozen E:\wamp\www\test\trunk\source\Application\Setting\Model\UserDataModel.class.php 142
2017-09-10 13:23:28	PHP Error Severity: 8 --> Undefined index: frozen E:\wamp\www\test\trunk\source\Application\Setting\Model\UserDataModel.class.php 142
2017-09-10 13:23:28	PHP Error Severity: 8 --> Undefined index: frozen E:\wamp\www\test\trunk\source\Application\Setting\Model\UserDataModel.class.php 142
2017-09-10 13:23:28	PHP Error Severity: 8 --> Undefined index: frozen E:\wamp\www\test\trunk\source\Application\Setting\Model\UserDataModel.class.php 142
2017-09-10 13:23:28	PHP Error Severity: 8 --> Undefined index: frozen E:\wamp\www\test\trunk\source\Application\Setting\Model\UserDataModel.class.php 142
2017-09-10 13:23:28	PHP Error Severity: 8 --> Undefined index: frozen E:\wamp\www\test\trunk\source\Application\Setting\Model\UserDataModel.class.php 142
2017-09-10 13:23:28	PHP Error Severity: 8 --> Undefined index: frozen E:\wamp\www\test\trunk\source\Application\Setting\Model\UserDataModel.class.php 142
2017-09-10 13:23:28	PHP Error Severity: 8 --> Undefined index: frozen E:\wamp\www\test\trunk\source\Application\Setting\Model\UserDataModel.class.php 142
2017-09-10 13:23:28	PHP Error Severity: 8 --> Undefined index: frozen E:\wamp\www\test\trunk\source\Application\Setting\Model\UserDataModel.class.php 142
2017-09-10 13:23:28	PHP Error Severity: 8 --> Undefined index: frozen E:\wamp\www\test\trunk\source\Application\Setting\Model\UserDataModel.class.php 142
2017-09-10 13:23:28	PHP Error Severity: 8 --> Undefined index: frozen E:\wamp\www\test\trunk\source\Application\Setting\Model\UserDataModel.class.php 142
2017-09-10 13:23:28	PHP Error Severity: 8 --> Undefined index: frozen E:\wamp\www\test\trunk\source\Application\Setting\Model\UserDataModel.class.php 142
2017-09-10 13:23:28	PHP Error Severity: 8 --> Undefined index: frozen E:\wamp\www\test\trunk\source\Application\Setting\Model\UserDataModel.class.php 142
2017-09-10 13:23:28	PHP Error Severity: 8 --> Undefined index: frozen E:\wamp\www\test\trunk\source\Application\Setting\Model\UserDataModel.class.php 142
2017-09-10 13:23:28	PHP Error Severity: 8 --> Undefined index: frozen E:\wamp\www\test\trunk\source\Application\Setting\Model\UserDataModel.class.php 142
2017-09-10 13:23:28	PHP Error Severity: 8 --> Undefined index: frozen E:\wamp\www\test\trunk\source\Application\Setting\Model\UserDataModel.class.php 142
2017-09-10 13:23:28	PHP Error Severity: 8 --> Undefined index: frozen E:\wamp\www\test\trunk\source\Application\Setting\Model\UserDataModel.class.php 142
2017-09-10 13:23:28	PHP Error Severity: 8 --> Undefined index: frozen E:\wamp\www\test\trunk\source\Application\Setting\Model\UserDataModel.class.php 142
2017-09-10 13:23:28	PHP Error Severity: 8 --> Undefined index: frozen E:\wamp\www\test\trunk\source\Application\Setting\Model\UserDataModel.class.php 142
2017-09-10 13:23:28	PHP Error Severity: 8 --> Undefined variable: mores E:\wamp\www\test\trunk\source\Application\Setting\Model\UserDataModel.class.php 148
2017-09-10 13:23:28	PHP Error Severity: 2 --> Invalid argument supplied for foreach() E:\wamp\www\test\trunk\source\Application\Setting\Model\UserDataModel.class.php 148
2017-09-10 13:23:28	PHP Error Severity: 8 --> Undefined index: frozen E:\wamp\www\test\trunk\source\Application\Setting\Model\UserDataModel.class.php 142
2017-09-10 13:23:28	PHP Error Severity: 8 --> Undefined index: frozen E:\wamp\www\test\trunk\source\Application\Setting\Model\UserDataModel.class.php 142
2017-09-10 13:23:28	PHP Error Severity: 8 --> Undefined index: frozen E:\wamp\www\test\trunk\source\Application\Setting\Model\UserDataModel.class.php 142
2017-09-10 13:23:28	PHP Error Severity: 8 --> Undefined index: frozen E:\wamp\www\test\trunk\source\Application\Setting\Model\UserDataModel.class.php 142
2017-09-10 13:23:28	PHP Error Severity: 8 --> Undefined index: frozen E:\wamp\www\test\trunk\source\Application\Setting\Model\UserDataModel.class.php 142
2017-09-10 13:23:28	PHP Error Severity: 8 --> Undefined index: frozen E:\wamp\www\test\trunk\source\Application\Setting\Model\UserDataModel.class.php 142
2017-09-10 13:23:28	PHP Error Severity: 8 --> Undefined index: frozen E:\wamp\www\test\trunk\source\Application\Setting\Model\UserDataModel.class.php 142
2017-09-10 13:23:28	PHP Error Severity: 8 --> Undefined index: frozen E:\wamp\www\test\trunk\source\Application\Setting\Model\UserDataModel.class.php 142
2017-09-10 13:23:28	PHP Error Severity: 8 --> Undefined index: frozen E:\wamp\www\test\trunk\source\Application\Setting\Model\UserDataModel.class.php 142
2017-09-10 13:23:28	PHP Error Severity: 8 --> Undefined index: frozen E:\wamp\www\test\trunk\source\Application\Setting\Model\UserDataModel.class.php 142
2017-09-10 13:23:28	PHP Error Severity: 8 --> Undefined index: frozen E:\wamp\www\test\trunk\source\Application\Setting\Model\UserDataModel.class.php 142
2017-09-10 13:23:28	PHP Error Severity: 8 --> Undefined index: frozen E:\wamp\www\test\trunk\source\Application\Setting\Model\UserDataModel.class.php 142
2017-09-10 13:23:28	PHP Error Severity: 8 --> Undefined index: frozen E:\wamp\www\test\trunk\source\Application\Setting\Model\UserDataModel.class.php 142
2017-09-10 13:23:28	PHP Error Severity: 8 --> Undefined index: frozen E:\wamp\www\test\trunk\source\Application\Setting\Model\UserDataModel.class.php 142
2017-09-10 13:23:28	PHP Error Severity: 8 --> Undefined index: frozen E:\wamp\www\test\trunk\source\Application\Setting\Model\UserDataModel.class.php 142
2017-09-10 13:23:28	PHP Error Severity: 8 --> Undefined index: frozen E:\wamp\www\test\trunk\source\Application\Setting\Model\UserDataModel.class.php 142
2017-09-10 13:23:28	PHP Error Severity: 8 --> Undefined index: frozen E:\wamp\www\test\trunk\source\Application\Setting\Model\UserDataModel.class.php 142
2017-09-10 13:23:28	PHP Error Severity: 8 --> Undefined index: frozen E:\wamp\www\test\trunk\source\Application\Setting\Model\UserDataModel.class.php 142
2017-09-10 13:23:28	PHP Error Severity: 8 --> Undefined index: frozen E:\wamp\www\test\trunk\source\Application\Setting\Model\UserDataModel.class.php 142
2017-09-10 13:23:28	PHP Error Severity: 8 --> Undefined index: frozen E:\wamp\www\test\trunk\source\Application\Setting\Model\UserDataModel.class.php 142
2017-09-10 13:23:28	PHP Error Severity: 8 --> Undefined index: frozen E:\wamp\www\test\trunk\source\Application\Setting\Model\UserDataModel.class.php 142
2017-09-10 13:23:28	PHP Error Severity: 8 --> Undefined index: frozen E:\wamp\www\test\trunk\source\Application\Setting\Model\UserDataModel.class.php 142
2017-09-10 13:23:28	PHP Error Severity: 8 --> Undefined index: frozen E:\wamp\www\test\trunk\source\Application\Setting\Model\UserDataModel.class.php 142
2017-09-10 13:23:28	PHP Error Severity: 8 --> Undefined index: frozen E:\wamp\www\test\trunk\source\Application\Setting\Model\UserDataModel.class.php 142
2017-09-10 13:23:28	PHP Error Severity: 8 --> Undefined index: frozen E:\wamp\www\test\trunk\source\Application\Setting\Model\UserDataModel.class.php 142
2017-09-10 13:23:28	PHP Error Severity: 8 --> Undefined index: frozen E:\wamp\www\test\trunk\source\Application\Setting\Model\UserDataModel.class.php 142
2017-09-10 13:23:28	PHP Error Severity: 8 --> Undefined index: frozen E:\wamp\www\test\trunk\source\Application\Setting\Model\UserDataModel.class.php 142
2017-09-10 13:23:28	PHP Error Severity: 8 --> Undefined index: frozen E:\wamp\www\test\trunk\source\Application\Setting\Model\UserDataModel.class.php 142
2017-09-10 13:23:28	PHP Error Severity: 8 --> Undefined index: frozen E:\wamp\www\test\trunk\source\Application\Setting\Model\UserDataModel.class.php 142
2017-09-10 13:23:28	PHP Error Severity: 8 --> Undefined index: frozen E:\wamp\www\test\trunk\source\Application\Setting\Model\UserDataModel.class.php 142
2017-09-10 13:23:28	PHP Error Severity: 8 --> Undefined index: frozen E:\wamp\www\test\trunk\source\Application\Setting\Model\UserDataModel.class.php 142
2017-09-10 13:23:28	PHP Error Severity: 8 --> Undefined index: frozen E:\wamp\www\test\trunk\source\Application\Setting\Model\UserDataModel.class.php 142
2017-09-10 13:23:28	PHP Error Severity: 8 --> Undefined index: frozen E:\wamp\www\test\trunk\source\Application\Setting\Model\UserDataModel.class.php 142
2017-09-10 13:23:28	PHP Error Severity: 8 --> Undefined index: frozen E:\wamp\www\test\trunk\source\Application\Setting\Model\UserDataModel.class.php 142
2017-09-10 13:23:28	PHP Error Severity: 8 --> Undefined index: frozen E:\wamp\www\test\trunk\source\Application\Setting\Model\UserDataModel.class.php 142
2017-09-10 13:23:28	PHP Error Severity: 8 --> Undefined index: frozen E:\wamp\www\test\trunk\source\Application\Setting\Model\UserDataModel.class.php 142
2017-09-10 13:23:28	PHP Error Severity: 8 --> Undefined index: frozen E:\wamp\www\test\trunk\source\Application\Setting\Model\UserDataModel.class.php 142
2017-09-10 13:23:28	PHP Error Severity: 8 --> Undefined index: frozen E:\wamp\www\test\trunk\source\Application\Setting\Model\UserDataModel.class.php 142
2017-09-10 13:23:28	PHP Error Severity: 8 --> Undefined index: frozen E:\wamp\www\test\trunk\source\Application\Setting\Model\UserDataModel.class.php 142
2017-09-10 13:23:28	PHP Error Severity: 8 --> Undefined index: frozen E:\wamp\www\test\trunk\source\Application\Setting\Model\UserDataModel.class.php 142
2017-09-10 13:23:28	PHP Error Severity: 8 --> Undefined index: frozen E:\wamp\www\test\trunk\source\Application\Setting\Model\UserDataModel.class.php 142
2017-09-10 13:23:28	PHP Error Severity: 8 --> Undefined index: frozen E:\wamp\www\test\trunk\source\Application\Setting\Model\UserDataModel.class.php 142
2017-09-10 13:23:28	PHP Error Severity: 8 --> Undefined index: frozen E:\wamp\www\test\trunk\source\Application\Setting\Model\UserDataModel.class.php 142
2017-09-10 13:23:28	PHP Error Severity: 8 --> Undefined index: frozen E:\wamp\www\test\trunk\source\Application\Setting\Model\UserDataModel.class.php 142
2017-09-10 13:23:28	PHP Error Severity: 8 --> Undefined index: frozen E:\wamp\www\test\trunk\source\Application\Setting\Model\UserDataModel.class.php 142
2017-09-10 13:23:28	PHP Error Severity: 8 --> Undefined index: frozen E:\wamp\www\test\trunk\source\Application\Setting\Model\UserDataModel.class.php 142
2017-09-10 13:23:28	PHP Error Severity: 8 --> Undefined index: frozen E:\wamp\www\test\trunk\source\Application\Setting\Model\UserDataModel.class.php 142
2017-09-10 13:23:28	PHP Error Severity: 8 --> Undefined index: frozen E:\wamp\www\test\trunk\source\Application\Setting\Model\UserDataModel.class.php 142
2017-09-10 13:23:29	PHP Error Severity: 8 --> Undefined index: setTabs E:\wamp\www\test\trunk\source\Application\Runtime\Cache\Stock\a86bf417a11fef5a67d42bef67498f3d.php 116
2017-09-10 13:23:29	PHP Error Severity: 8 --> Undefined variable: print_licenses E:\wamp\www\test\trunk\source\Application\Runtime\Cache\Stock\a86bf417a11fef5a67d42bef67498f3d.php 1899
2017-09-10 13:23:29	PHP Error Severity: 8 --> Undefined variable: print_licenses E:\wamp\www\test\trunk\source\Application\Runtime\Cache\Stock\a86bf417a11fef5a67d42bef67498f3d.php 1926
2017-09-10 13:23:29	PHP Error Severity: 8 --> Undefined variable: print_licenses E:\wamp\www\test\trunk\source\Application\Runtime\Cache\Stock\a86bf417a11fef5a67d42bef67498f3d.php 2287
2017-09-10 13:23:29	PHP Error Severity: 8 --> Undefined variable: print_licenses E:\wamp\www\test\trunk\source\Application\Runtime\Cache\Stock\a86bf417a11fef5a67d42bef67498f3d.php 2773
2017-09-10 13:23:30	PHP Error Severity: 8 --> Undefined index: search E:\wamp\www\test\trunk\source\Application\Statistics\Model\StatUseModel.class.php 34
2017-09-10 13:23:30	PHP Error Severity: 2 --> Invalid argument supplied for foreach() E:\wamp\www\test\trunk\source\Application\Statistics\Model\StatUseModel.class.php 34
2017-09-10 13:23:31	PHP Error Severity: 8 --> Undefined index: shop_id E:\wamp\www\test\trunk\source\Application\Setting\Model\EmployeeRightsModel.class.php 242
2017-09-10 13:23:31	PHP Error Severity: 8 --> Undefined index: shop_id E:\wamp\www\test\trunk\source\Application\Setting\Model\EmployeeRightsModel.class.php 242
2017-09-10 13:23:31	PHP Error Severity: 8 --> Undefined index: warehouse_id E:\wamp\www\test\trunk\source\Application\Setting\Model\EmployeeRightsModel.class.php 242
2017-09-10 13:23:31	PHP Error Severity: 8 --> Undefined index: warehouse_id E:\wamp\www\test\trunk\source\Application\Setting\Model\EmployeeRightsModel.class.php 242
2017-09-10 13:23:31	PHP Error Severity: 8 --> Undefined index: _string E:\wamp\www\test\trunk\source\Application\Stock\Model\StockOutOrderModel.class.php 619
2017-09-10 13:28:51	PHP Error Severity: 8 --> Undefined index: frozen E:\wamp\www\test\trunk\source\Application\Setting\Model\UserDataModel.class.php 142
2017-09-10 13:28:51	PHP Error Severity: 8 --> Undefined index: frozen E:\wamp\www\test\trunk\source\Application\Setting\Model\UserDataModel.class.php 142
2017-09-10 13:28:51	PHP Error Severity: 8 --> Undefined index: frozen E:\wamp\www\test\trunk\source\Application\Setting\Model\UserDataModel.class.php 142
2017-09-10 13:28:51	PHP Error Severity: 8 --> Undefined index: frozen E:\wamp\www\test\trunk\source\Application\Setting\Model\UserDataModel.class.php 142
2017-09-10 13:28:51	PHP Error Severity: 8 --> Undefined index: frozen E:\wamp\www\test\trunk\source\Application\Setting\Model\UserDataModel.class.php 142
2017-09-10 13:28:51	PHP Error Severity: 8 --> Undefined index: frozen E:\wamp\www\test\trunk\source\Application\Setting\Model\UserDataModel.class.php 142
2017-09-10 13:28:51	PHP Error Severity: 8 --> Undefined index: frozen E:\wamp\www\test\trunk\source\Application\Setting\Model\UserDataModel.class.php 142
2017-09-10 13:28:51	PHP Error Severity: 8 --> Undefined index: frozen E:\wamp\www\test\trunk\source\Application\Setting\Model\UserDataModel.class.php 142
2017-09-10 13:28:51	PHP Error Severity: 8 --> Undefined index: frozen E:\wamp\www\test\trunk\source\Application\Setting\Model\UserDataModel.class.php 142
2017-09-10 13:28:51	PHP Error Severity: 8 --> Undefined index: frozen E:\wamp\www\test\trunk\source\Application\Setting\Model\UserDataModel.class.php 142
2017-09-10 13:28:51	PHP Error Severity: 8 --> Undefined index: frozen E:\wamp\www\test\trunk\source\Application\Setting\Model\UserDataModel.class.php 142
2017-09-10 13:28:51	PHP Error Severity: 8 --> Undefined index: frozen E:\wamp\www\test\trunk\source\Application\Setting\Model\UserDataModel.class.php 142
2017-09-10 13:28:51	PHP Error Severity: 8 --> Undefined index: frozen E:\wamp\www\test\trunk\source\Application\Setting\Model\UserDataModel.class.php 142
2017-09-10 13:28:51	PHP Error Severity: 8 --> Undefined index: frozen E:\wamp\www\test\trunk\source\Application\Setting\Model\UserDataModel.class.php 142
2017-09-10 13:28:51	PHP Error Severity: 8 --> Undefined index: frozen E:\wamp\www\test\trunk\source\Application\Setting\Model\UserDataModel.class.php 142
2017-09-10 13:28:51	PHP Error Severity: 8 --> Undefined index: frozen E:\wamp\www\test\trunk\source\Application\Setting\Model\UserDataModel.class.php 142
2017-09-10 13:28:51	PHP Error Severity: 8 --> Undefined index: frozen E:\wamp\www\test\trunk\source\Application\Setting\Model\UserDataModel.class.php 142
2017-09-10 13:28:51	PHP Error Severity: 8 --> Undefined index: frozen E:\wamp\www\test\trunk\source\Application\Setting\Model\UserDataModel.class.php 142
2017-09-10 13:28:51	PHP Error Severity: 8 --> Undefined index: frozen E:\wamp\www\test\trunk\source\Application\Setting\Model\UserDataModel.class.php 142
2017-09-10 13:28:51	PHP Error Severity: 8 --> Undefined index: frozen E:\wamp\www\test\trunk\source\Application\Setting\Model\UserDataModel.class.php 142
2017-09-10 13:28:51	PHP Error Severity: 8 --> Undefined index: frozen E:\wamp\www\test\trunk\source\Application\Setting\Model\UserDataModel.class.php 142
2017-09-10 13:28:51	PHP Error Severity: 8 --> Undefined index: frozen E:\wamp\www\test\trunk\source\Application\Setting\Model\UserDataModel.class.php 142
2017-09-10 13:28:51	PHP Error Severity: 8 --> Undefined index: frozen E:\wamp\www\test\trunk\source\Application\Setting\Model\UserDataModel.class.php 142
2017-09-10 13:28:51	PHP Error Severity: 8 --> Undefined index: frozen E:\wamp\www\test\trunk\source\Application\Setting\Model\UserDataModel.class.php 142
2017-09-10 13:28:51	PHP Error Severity: 8 --> Undefined index: frozen E:\wamp\www\test\trunk\source\Application\Setting\Model\UserDataModel.class.php 142
2017-09-10 13:28:51	PHP Error Severity: 8 --> Undefined index: frozen E:\wamp\www\test\trunk\source\Application\Setting\Model\UserDataModel.class.php 142
2017-09-10 13:28:51	PHP Error Severity: 8 --> Undefined index: frozen E:\wamp\www\test\trunk\source\Application\Setting\Model\UserDataModel.class.php 142
2017-09-10 13:28:51	PHP Error Severity: 8 --> Undefined index: frozen E:\wamp\www\test\trunk\source\Application\Setting\Model\UserDataModel.class.php 142
2017-09-10 13:28:51	PHP Error Severity: 8 --> Undefined index: frozen E:\wamp\www\test\trunk\source\Application\Setting\Model\UserDataModel.class.php 142
2017-09-10 13:28:51	PHP Error Severity: 8 --> Undefined index: frozen E:\wamp\www\test\trunk\source\Application\Setting\Model\UserDataModel.class.php 142
2017-09-10 13:28:51	PHP Error Severity: 8 --> Undefined index: frozen E:\wamp\www\test\trunk\source\Application\Setting\Model\UserDataModel.class.php 142
2017-09-10 13:28:51	PHP Error Severity: 8 --> Undefined index: frozen E:\wamp\www\test\trunk\source\Application\Setting\Model\UserDataModel.class.php 142
2017-09-10 13:28:51	PHP Error Severity: 8 --> Undefined index: frozen E:\wamp\www\test\trunk\source\Application\Setting\Model\UserDataModel.class.php 142
2017-09-10 13:28:51	PHP Error Severity: 8 --> Undefined index: frozen E:\wamp\www\test\trunk\source\Application\Setting\Model\UserDataModel.class.php 142
2017-09-10 13:28:51	PHP Error Severity: 8 --> Undefined index: frozen E:\wamp\www\test\trunk\source\Application\Setting\Model\UserDataModel.class.php 142
2017-09-10 13:28:51	PHP Error Severity: 8 --> Undefined index: frozen E:\wamp\www\test\trunk\source\Application\Setting\Model\UserDataModel.class.php 142
2017-09-10 13:28:51	PHP Error Severity: 8 --> Undefined index: frozen E:\wamp\www\test\trunk\source\Application\Setting\Model\UserDataModel.class.php 142
2017-09-10 13:28:51	PHP Error Severity: 8 --> Undefined index: frozen E:\wamp\www\test\trunk\source\Application\Setting\Model\UserDataModel.class.php 142
2017-09-10 13:28:51	PHP Error Severity: 8 --> Undefined index: frozen E:\wamp\www\test\trunk\source\Application\Setting\Model\UserDataModel.class.php 142
2017-09-10 13:28:51	PHP Error Severity: 8 --> Undefined index: frozen E:\wamp\www\test\trunk\source\Application\Setting\Model\UserDataModel.class.php 142
2017-09-10 13:28:51	PHP Error Severity: 8 --> Undefined index: frozen E:\wamp\www\test\trunk\source\Application\Setting\Model\UserDataModel.class.php 142
2017-09-10 13:28:51	PHP Error Severity: 8 --> Undefined index: frozen E:\wamp\www\test\trunk\source\Application\Setting\Model\UserDataModel.class.php 142
2017-09-10 13:28:51	PHP Error Severity: 8 --> Undefined index: frozen E:\wamp\www\test\trunk\source\Application\Setting\Model\UserDataModel.class.php 142
2017-09-10 13:28:51	PHP Error Severity: 8 --> Undefined index: frozen E:\wamp\www\test\trunk\source\Application\Setting\Model\UserDataModel.class.php 142
2017-09-10 13:28:51	PHP Error Severity: 8 --> Undefined index: frozen E:\wamp\www\test\trunk\source\Application\Setting\Model\UserDataModel.class.php 142
2017-09-10 13:28:51	PHP Error Severity: 8 --> Undefined index: frozen E:\wamp\www\test\trunk\source\Application\Setting\Model\UserDataModel.class.php 142
2017-09-10 13:28:51	PHP Error Severity: 8 --> Undefined index: frozen E:\wamp\www\test\trunk\source\Application\Setting\Model\UserDataModel.class.php 142
2017-09-10 13:28:51	PHP Error Severity: 8 --> Undefined index: frozen E:\wamp\www\test\trunk\source\Application\Setting\Model\UserDataModel.class.php 142
2017-09-10 13:28:51	PHP Error Severity: 8 --> Undefined variable: mores E:\wamp\www\test\trunk\source\Application\Setting\Model\UserDataModel.class.php 148
2017-09-10 13:28:51	PHP Error Severity: 2 --> Invalid argument supplied for foreach() E:\wamp\www\test\trunk\source\Application\Setting\Model\UserDataModel.class.php 148
2017-09-10 13:28:51	PHP Error Severity: 8 --> Undefined index: frozen E:\wamp\www\test\trunk\source\Application\Setting\Model\UserDataModel.class.php 142
2017-09-10 13:28:51	PHP Error Severity: 8 --> Undefined index: frozen E:\wamp\www\test\trunk\source\Application\Setting\Model\UserDataModel.class.php 142
2017-09-10 13:28:51	PHP Error Severity: 8 --> Undefined index: frozen E:\wamp\www\test\trunk\source\Application\Setting\Model\UserDataModel.class.php 142
2017-09-10 13:28:51	PHP Error Severity: 8 --> Undefined index: frozen E:\wamp\www\test\trunk\source\Application\Setting\Model\UserDataModel.class.php 142
2017-09-10 13:28:51	PHP Error Severity: 8 --> Undefined index: frozen E:\wamp\www\test\trunk\source\Application\Setting\Model\UserDataModel.class.php 142
2017-09-10 13:28:51	PHP Error Severity: 8 --> Undefined index: frozen E:\wamp\www\test\trunk\source\Application\Setting\Model\UserDataModel.class.php 142
2017-09-10 13:28:51	PHP Error Severity: 8 --> Undefined index: frozen E:\wamp\www\test\trunk\source\Application\Setting\Model\UserDataModel.class.php 142
2017-09-10 13:28:51	PHP Error Severity: 8 --> Undefined index: frozen E:\wamp\www\test\trunk\source\Application\Setting\Model\UserDataModel.class.php 142
2017-09-10 13:28:51	PHP Error Severity: 8 --> Undefined index: frozen E:\wamp\www\test\trunk\source\Application\Setting\Model\UserDataModel.class.php 142
2017-09-10 13:28:51	PHP Error Severity: 8 --> Undefined index: frozen E:\wamp\www\test\trunk\source\Application\Setting\Model\UserDataModel.class.php 142
2017-09-10 13:28:51	PHP Error Severity: 8 --> Undefined index: frozen E:\wamp\www\test\trunk\source\Application\Setting\Model\UserDataModel.class.php 142
2017-09-10 13:28:51	PHP Error Severity: 8 --> Undefined index: frozen E:\wamp\www\test\trunk\source\Application\Setting\Model\UserDataModel.class.php 142
2017-09-10 13:28:51	PHP Error Severity: 8 --> Undefined index: frozen E:\wamp\www\test\trunk\source\Application\Setting\Model\UserDataModel.class.php 142
2017-09-10 13:28:51	PHP Error Severity: 8 --> Undefined index: frozen E:\wamp\www\test\trunk\source\Application\Setting\Model\UserDataModel.class.php 142
2017-09-10 13:28:51	PHP Error Severity: 8 --> Undefined index: frozen E:\wamp\www\test\trunk\source\Application\Setting\Model\UserDataModel.class.php 142
2017-09-10 13:28:51	PHP Error Severity: 8 --> Undefined index: frozen E:\wamp\www\test\trunk\source\Application\Setting\Model\UserDataModel.class.php 142
2017-09-10 13:28:51	PHP Error Severity: 8 --> Undefined index: frozen E:\wamp\www\test\trunk\source\Application\Setting\Model\UserDataModel.class.php 142
2017-09-10 13:28:51	PHP Error Severity: 8 --> Undefined index: frozen E:\wamp\www\test\trunk\source\Application\Setting\Model\UserDataModel.class.php 142
2017-09-10 13:28:51	PHP Error Severity: 8 --> Undefined index: frozen E:\wamp\www\test\trunk\source\Application\Setting\Model\UserDataModel.class.php 142
2017-09-10 13:28:51	PHP Error Severity: 8 --> Undefined index: frozen E:\wamp\www\test\trunk\source\Application\Setting\Model\UserDataModel.class.php 142
2017-09-10 13:28:51	PHP Error Severity: 8 --> Undefined index: frozen E:\wamp\www\test\trunk\source\Application\Setting\Model\UserDataModel.class.php 142
2017-09-10 13:28:51	PHP Error Severity: 8 --> Undefined index: frozen E:\wamp\www\test\trunk\source\Application\Setting\Model\UserDataModel.class.php 142
2017-09-10 13:28:51	PHP Error Severity: 8 --> Undefined index: frozen E:\wamp\www\test\trunk\source\Application\Setting\Model\UserDataModel.class.php 142
2017-09-10 13:28:51	PHP Error Severity: 8 --> Undefined index: frozen E:\wamp\www\test\trunk\source\Application\Setting\Model\UserDataModel.class.php 142
2017-09-10 13:28:51	PHP Error Severity: 8 --> Undefined index: frozen E:\wamp\www\test\trunk\source\Application\Setting\Model\UserDataModel.class.php 142
2017-09-10 13:28:51	PHP Error Severity: 8 --> Undefined index: frozen E:\wamp\www\test\trunk\source\Application\Setting\Model\UserDataModel.class.php 142
2017-09-10 13:28:51	PHP Error Severity: 8 --> Undefined index: frozen E:\wamp\www\test\trunk\source\Application\Setting\Model\UserDataModel.class.php 142
2017-09-10 13:28:51	PHP Error Severity: 8 --> Undefined index: frozen E:\wamp\www\test\trunk\source\Application\Setting\Model\UserDataModel.class.php 142
2017-09-10 13:28:51	PHP Error Severity: 8 --> Undefined index: frozen E:\wamp\www\test\trunk\source\Application\Setting\Model\UserDataModel.class.php 142
2017-09-10 13:28:51	PHP Error Severity: 8 --> Undefined index: frozen E:\wamp\www\test\trunk\source\Application\Setting\Model\UserDataModel.class.php 142
2017-09-10 13:28:51	PHP Error Severity: 8 --> Undefined index: frozen E:\wamp\www\test\trunk\source\Application\Setting\Model\UserDataModel.class.php 142
2017-09-10 13:28:51	PHP Error Severity: 8 --> Undefined index: frozen E:\wamp\www\test\trunk\source\Application\Setting\Model\UserDataModel.class.php 142
2017-09-10 13:28:51	PHP Error Severity: 8 --> Undefined index: frozen E:\wamp\www\test\trunk\source\Application\Setting\Model\UserDataModel.class.php 142
2017-09-10 13:28:51	PHP Error Severity: 8 --> Undefined index: frozen E:\wamp\www\test\trunk\source\Application\Setting\Model\UserDataModel.class.php 142
2017-09-10 13:28:51	PHP Error Severity: 8 --> Undefined index: frozen E:\wamp\www\test\trunk\source\Application\Setting\Model\UserDataModel.class.php 142
2017-09-10 13:28:51	PHP Error Severity: 8 --> Undefined index: frozen E:\wamp\www\test\trunk\source\Application\Setting\Model\UserDataModel.class.php 142
2017-09-10 13:28:51	PHP Error Severity: 8 --> Undefined index: frozen E:\wamp\www\test\trunk\source\Application\Setting\Model\UserDataModel.class.php 142
2017-09-10 13:28:51	PHP Error Severity: 8 --> Undefined index: frozen E:\wamp\www\test\trunk\source\Application\Setting\Model\UserDataModel.class.php 142
2017-09-10 13:28:51	PHP Error Severity: 8 --> Undefined index: frozen E:\wamp\www\test\trunk\source\Application\Setting\Model\UserDataModel.class.php 142
2017-09-10 13:28:51	PHP Error Severity: 8 --> Undefined index: frozen E:\wamp\www\test\trunk\source\Application\Setting\Model\UserDataModel.class.php 142
2017-09-10 13:28:51	PHP Error Severity: 8 --> Undefined index: frozen E:\wamp\www\test\trunk\source\Application\Setting\Model\UserDataModel.class.php 142
2017-09-10 13:28:51	PHP Error Severity: 8 --> Undefined index: frozen E:\wamp\www\test\trunk\source\Application\Setting\Model\UserDataModel.class.php 142
2017-09-10 13:28:51	PHP Error Severity: 8 --> Undefined index: frozen E:\wamp\www\test\trunk\source\Application\Setting\Model\UserDataModel.class.php 142
2017-09-10 13:28:51	PHP Error Severity: 8 --> Undefined index: frozen E:\wamp\www\test\trunk\source\Application\Setting\Model\UserDataModel.class.php 142
2017-09-10 13:28:51	PHP Error Severity: 8 --> Undefined index: frozen E:\wamp\www\test\trunk\source\Application\Setting\Model\UserDataModel.class.php 142
2017-09-10 13:28:51	PHP Error Severity: 8 --> Undefined index: frozen E:\wamp\www\test\trunk\source\Application\Setting\Model\UserDataModel.class.php 142
2017-09-10 13:28:51	PHP Error Severity: 8 --> Undefined index: frozen E:\wamp\www\test\trunk\source\Application\Setting\Model\UserDataModel.class.php 142
2017-09-10 13:28:51	PHP Error Severity: 8 --> Undefined index: frozen E:\wamp\www\test\trunk\source\Application\Setting\Model\UserDataModel.class.php 142
2017-09-10 13:28:51	PHP Error Severity: 8 --> Undefined index: setTabs E:\wamp\www\test\trunk\source\Application\Runtime\Cache\Stock\a86bf417a11fef5a67d42bef67498f3d.php 116
2017-09-10 13:28:52	PHP Error Severity: 8 --> Undefined variable: print_licenses E:\wamp\www\test\trunk\source\Application\Runtime\Cache\Stock\a86bf417a11fef5a67d42bef67498f3d.php 1899
2017-09-10 13:28:52	PHP Error Severity: 8 --> Undefined variable: print_licenses E:\wamp\www\test\trunk\source\Application\Runtime\Cache\Stock\a86bf417a11fef5a67d42bef67498f3d.php 1926
2017-09-10 13:28:52	PHP Error Severity: 8 --> Undefined variable: print_licenses E:\wamp\www\test\trunk\source\Application\Runtime\Cache\Stock\a86bf417a11fef5a67d42bef67498f3d.php 2287
2017-09-10 13:28:52	PHP Error Severity: 8 --> Undefined variable: print_licenses E:\wamp\www\test\trunk\source\Application\Runtime\Cache\Stock\a86bf417a11fef5a67d42bef67498f3d.php 2773
2017-09-10 13:28:53	PHP Error Severity: 8 --> Undefined index: search E:\wamp\www\test\trunk\source\Application\Statistics\Model\StatUseModel.class.php 34
2017-09-10 13:28:53	PHP Error Severity: 2 --> Invalid argument supplied for foreach() E:\wamp\www\test\trunk\source\Application\Statistics\Model\StatUseModel.class.php 34
2017-09-10 13:28:53	PHP Error Severity: 8 --> Undefined index: shop_id E:\wamp\www\test\trunk\source\Application\Setting\Model\EmployeeRightsModel.class.php 242
2017-09-10 13:28:53	PHP Error Severity: 8 --> Undefined index: shop_id E:\wamp\www\test\trunk\source\Application\Setting\Model\EmployeeRightsModel.class.php 242
2017-09-10 13:28:53	PHP Error Severity: 8 --> Undefined index: warehouse_id E:\wamp\www\test\trunk\source\Application\Setting\Model\EmployeeRightsModel.class.php 242
2017-09-10 13:28:53	PHP Error Severity: 8 --> Undefined index: warehouse_id E:\wamp\www\test\trunk\source\Application\Setting\Model\EmployeeRightsModel.class.php 242
2017-09-10 13:28:53	PHP Error Severity: 8 --> Undefined index: _string E:\wamp\www\test\trunk\source\Application\Stock\Model\StockOutOrderModel.class.php 619
2017-09-10 13:29:00	PHP Error Severity: 8 --> Undefined index: search E:\wamp\www\test\trunk\source\Application\Statistics\Model\StatUseModel.class.php 34
2017-09-10 13:29:00	PHP Error Severity: 2 --> Invalid argument supplied for foreach() E:\wamp\www\test\trunk\source\Application\Statistics\Model\StatUseModel.class.php 34
2017-09-10 13:29:00	PHP Error Severity: 8 --> Undefined index: shop_id E:\wamp\www\test\trunk\source\Application\Setting\Model\EmployeeRightsModel.class.php 242
2017-09-10 13:29:00	PHP Error Severity: 8 --> Undefined index: shop_id E:\wamp\www\test\trunk\source\Application\Setting\Model\EmployeeRightsModel.class.php 242
2017-09-10 13:29:00	PHP Error Severity: 8 --> Undefined index: warehouse_id E:\wamp\www\test\trunk\source\Application\Setting\Model\EmployeeRightsModel.class.php 242
2017-09-10 13:29:00	PHP Error Severity: 8 --> Undefined index: warehouse_id E:\wamp\www\test\trunk\source\Application\Setting\Model\EmployeeRightsModel.class.php 242
2017-09-10 13:29:01	PHP Error Severity: 8 --> Undefined index: _string E:\wamp\www\test\trunk\source\Application\Stock\Model\StockOutOrderModel.class.php 619
2017-09-10 13:29:02	PHP Error Severity: 8 --> Undefined index: search E:\wamp\www\test\trunk\source\Application\Statistics\Model\StatUseModel.class.php 34
2017-09-10 13:29:02	PHP Error Severity: 2 --> Invalid argument supplied for foreach() E:\wamp\www\test\trunk\source\Application\Statistics\Model\StatUseModel.class.php 34
