2017-10-05 16:12:46	PHP Error Severity: 8 --> Undefined index: frozen E:\wamp\www\test\trunk\source\Application\Setting\Model\UserDataModel.class.php 129
2017-10-05 16:12:46	PHP Error Severity: 8 --> Undefined index: frozen E:\wamp\www\test\trunk\source\Application\Setting\Model\UserDataModel.class.php 129
2017-10-05 16:12:46	PHP Error Severity: 8 --> Undefined index: frozen E:\wamp\www\test\trunk\source\Application\Setting\Model\UserDataModel.class.php 129
2017-10-05 16:12:46	PHP Error Severity: 8 --> Undefined index: frozen E:\wamp\www\test\trunk\source\Application\Setting\Model\UserDataModel.class.php 129
2017-10-05 16:12:46	PHP Error Severity: 8 --> Undefined index: frozen E:\wamp\www\test\trunk\source\Application\Setting\Model\UserDataModel.class.php 129
2017-10-05 16:12:46	PHP Error Severity: 8 --> Undefined index: frozen E:\wamp\www\test\trunk\source\Application\Setting\Model\UserDataModel.class.php 129
2017-10-05 16:12:46	PHP Error Severity: 8 --> Undefined index: frozen E:\wamp\www\test\trunk\source\Application\Setting\Model\UserDataModel.class.php 129
2017-10-05 16:12:46	PHP Error Severity: 8 --> Undefined index: frozen E:\wamp\www\test\trunk\source\Application\Setting\Model\UserDataModel.class.php 129
2017-10-05 16:12:46	PHP Error Severity: 8 --> Undefined index: frozen E:\wamp\www\test\trunk\source\Application\Setting\Model\UserDataModel.class.php 129
2017-10-05 16:12:46	PHP Error Severity: 8 --> Undefined index: frozen E:\wamp\www\test\trunk\source\Application\Setting\Model\UserDataModel.class.php 129
2017-10-05 16:12:46	PHP Error Severity: 8 --> Undefined index: frozen E:\wamp\www\test\trunk\source\Application\Setting\Model\UserDataModel.class.php 129
2017-10-05 16:12:46	PHP Error Severity: 8 --> Undefined index: frozen E:\wamp\www\test\trunk\source\Application\Setting\Model\UserDataModel.class.php 129
2017-10-05 16:12:46	PHP Error Severity: 8 --> Undefined index: frozen E:\wamp\www\test\trunk\source\Application\Setting\Model\UserDataModel.class.php 129
2017-10-05 16:12:46	PHP Error Severity: 8 --> Undefined index: frozen E:\wamp\www\test\trunk\source\Application\Setting\Model\UserDataModel.class.php 129
2017-10-05 16:12:46	PHP Error Severity: 8 --> Undefined index: frozen E:\wamp\www\test\trunk\source\Application\Setting\Model\UserDataModel.class.php 129
2017-10-05 16:12:46	PHP Error Severity: 8 --> Undefined index: frozen E:\wamp\www\test\trunk\source\Application\Setting\Model\UserDataModel.class.php 129
2017-10-05 16:12:47	PHP Error Severity: 8 --> Undefined index: setTabs E:\wamp\www\test\trunk\source\Application\Runtime\Cache\Stock\a86bf417a11fef5a67d42bef67498f3d.php 116
2017-10-05 16:12:50	PHP Error Severity: 8 --> Undefined index: search E:\wamp\www\test\trunk\source\Application\Statistics\Model\StatUseModel.class.php 34
2017-10-05 16:12:50	PHP Error Severity: 2 --> Invalid argument supplied for foreach() E:\wamp\www\test\trunk\source\Application\Statistics\Model\StatUseModel.class.php 34
2017-10-05 16:12:50	PHP Error Severity: 8 --> Undefined index: shop_id E:\wamp\www\test\trunk\source\Application\Setting\Model\EmployeeRightsModel.class.php 242
2017-10-05 16:12:50	PHP Error Severity: 8 --> Undefined index: shop_id E:\wamp\www\test\trunk\source\Application\Setting\Model\EmployeeRightsModel.class.php 242
2017-10-05 16:12:50	PHP Error Severity: 8 --> Undefined index: warehouse_id E:\wamp\www\test\trunk\source\Application\Setting\Model\EmployeeRightsModel.class.php 242
2017-10-05 16:12:50	PHP Error Severity: 8 --> Undefined index: warehouse_id E:\wamp\www\test\trunk\source\Application\Setting\Model\EmployeeRightsModel.class.php 242
2017-10-05 16:12:50	PHP Error Severity: 8 --> Undefined index: _string E:\wamp\www\test\trunk\source\Application\Stock\Model\StockOutOrderModel.class.php 625
2017-10-05 16:12:52	PHP Error Severity: 8 --> Undefined index: search E:\wamp\www\test\trunk\source\Application\Statistics\Model\StatUseModel.class.php 34
2017-10-05 16:12:52	PHP Error Severity: 2 --> Invalid argument supplied for foreach() E:\wamp\www\test\trunk\source\Application\Statistics\Model\StatUseModel.class.php 34
2017-10-05 16:27:22	PHP Error Severity: 8 --> Undefined index: frozen E:\wamp\www\test\trunk\source\Application\Setting\Model\UserDataModel.class.php 129
2017-10-05 16:27:22	PHP Error Severity: 8 --> Undefined index: frozen E:\wamp\www\test\trunk\source\Application\Setting\Model\UserDataModel.class.php 129
2017-10-05 16:27:22	PHP Error Severity: 8 --> Undefined index: frozen E:\wamp\www\test\trunk\source\Application\Setting\Model\UserDataModel.class.php 129
2017-10-05 16:27:22	PHP Error Severity: 8 --> Undefined index: frozen E:\wamp\www\test\trunk\source\Application\Setting\Model\UserDataModel.class.php 129
2017-10-05 16:27:22	PHP Error Severity: 8 --> Undefined index: frozen E:\wamp\www\test\trunk\source\Application\Setting\Model\UserDataModel.class.php 129
2017-10-05 16:27:22	PHP Error Severity: 8 --> Undefined index: frozen E:\wamp\www\test\trunk\source\Application\Setting\Model\UserDataModel.class.php 129
2017-10-05 16:27:22	PHP Error Severity: 8 --> Undefined index: frozen E:\wamp\www\test\trunk\source\Application\Setting\Model\UserDataModel.class.php 129
2017-10-05 16:27:22	PHP Error Severity: 8 --> Undefined index: frozen E:\wamp\www\test\trunk\source\Application\Setting\Model\UserDataModel.class.php 129
2017-10-05 16:27:22	PHP Error Severity: 8 --> Undefined index: frozen E:\wamp\www\test\trunk\source\Application\Setting\Model\UserDataModel.class.php 129
2017-10-05 16:27:22	PHP Error Severity: 8 --> Undefined index: frozen E:\wamp\www\test\trunk\source\Application\Setting\Model\UserDataModel.class.php 129
2017-10-05 16:27:22	PHP Error Severity: 8 --> Undefined index: frozen E:\wamp\www\test\trunk\source\Application\Setting\Model\UserDataModel.class.php 129
2017-10-05 16:27:22	PHP Error Severity: 8 --> Undefined index: frozen E:\wamp\www\test\trunk\source\Application\Setting\Model\UserDataModel.class.php 129
2017-10-05 16:27:22	PHP Error Severity: 8 --> Undefined index: frozen E:\wamp\www\test\trunk\source\Application\Setting\Model\UserDataModel.class.php 129
2017-10-05 16:27:22	PHP Error Severity: 8 --> Undefined index: frozen E:\wamp\www\test\trunk\source\Application\Setting\Model\UserDataModel.class.php 129
2017-10-05 16:27:22	PHP Error Severity: 8 --> Undefined index: frozen E:\wamp\www\test\trunk\source\Application\Setting\Model\UserDataModel.class.php 129
2017-10-05 16:27:22	PHP Error Severity: 8 --> Undefined index: frozen E:\wamp\www\test\trunk\source\Application\Setting\Model\UserDataModel.class.php 129
2017-10-05 16:27:23	PHP Error Severity: 8 --> Undefined index: setTabs E:\wamp\www\test\trunk\source\Application\Runtime\Cache\Stock\a86bf417a11fef5a67d42bef67498f3d.php 116
2017-10-05 16:27:24	PHP Error Severity: 8 --> Undefined index: search E:\wamp\www\test\trunk\source\Application\Statistics\Model\StatUseModel.class.php 34
2017-10-05 16:27:24	PHP Error Severity: 2 --> Invalid argument supplied for foreach() E:\wamp\www\test\trunk\source\Application\Statistics\Model\StatUseModel.class.php 34
2017-10-05 16:27:24	PHP Error Severity: 8 --> Undefined index: shop_id E:\wamp\www\test\trunk\source\Application\Setting\Model\EmployeeRightsModel.class.php 242
2017-10-05 16:27:24	PHP Error Severity: 8 --> Undefined index: shop_id E:\wamp\www\test\trunk\source\Application\Setting\Model\EmployeeRightsModel.class.php 242
2017-10-05 16:27:24	PHP Error Severity: 8 --> Undefined index: warehouse_id E:\wamp\www\test\trunk\source\Application\Setting\Model\EmployeeRightsModel.class.php 242
2017-10-05 16:27:24	PHP Error Severity: 8 --> Undefined index: warehouse_id E:\wamp\www\test\trunk\source\Application\Setting\Model\EmployeeRightsModel.class.php 242
2017-10-05 16:27:24	PHP Error Severity: 8 --> Undefined index: _string E:\wamp\www\test\trunk\source\Application\Stock\Model\StockOutOrderModel.class.php 625
2017-10-05 16:27:25	PHP Error Severity: 8 --> Undefined index: search E:\wamp\www\test\trunk\source\Application\Statistics\Model\StatUseModel.class.php 34
2017-10-05 16:27:25	PHP Error Severity: 2 --> Invalid argument supplied for foreach() E:\wamp\www\test\trunk\source\Application\Statistics\Model\StatUseModel.class.php 34
2017-10-05 16:28:20	PHP Error Severity: 8 --> Undefined index: search E:\wamp\www\test\trunk\source\Application\Statistics\Model\StatUseModel.class.php 34
2017-10-05 16:28:20	PHP Error Severity: 2 --> Invalid argument supplied for foreach() E:\wamp\www\test\trunk\source\Application\Statistics\Model\StatUseModel.class.php 34
2017-10-05 16:28:20	PHP Error Severity: 8 --> Undefined index: shop_id E:\wamp\www\test\trunk\source\Application\Setting\Model\EmployeeRightsModel.class.php 242
2017-10-05 16:28:20	PHP Error Severity: 8 --> Undefined index: shop_id E:\wamp\www\test\trunk\source\Application\Setting\Model\EmployeeRightsModel.class.php 242
2017-10-05 16:28:20	PHP Error Severity: 8 --> Undefined index: warehouse_id E:\wamp\www\test\trunk\source\Application\Setting\Model\EmployeeRightsModel.class.php 242
2017-10-05 16:28:20	PHP Error Severity: 8 --> Undefined index: warehouse_id E:\wamp\www\test\trunk\source\Application\Setting\Model\EmployeeRightsModel.class.php 242
2017-10-05 16:28:20	PHP Error Severity: 8 --> Undefined index: _string E:\wamp\www\test\trunk\source\Application\Stock\Model\StockOutOrderModel.class.php 625
2017-10-05 16:28:21	PHP Error Severity: 8 --> Undefined index: style E:\wamp\www\test\trunk\source\Application\Runtime\Cache\Stock\6b6171510665978528538d42e5d05edc.php 27
2017-10-05 16:28:22	PHP Error Severity: 8 --> Undefined index: search E:\wamp\www\test\trunk\source\Application\Statistics\Model\StatUseModel.class.php 34
2017-10-05 16:28:22	PHP Error Severity: 2 --> Invalid argument supplied for foreach() E:\wamp\www\test\trunk\source\Application\Statistics\Model\StatUseModel.class.php 34
2017-10-05 16:28:30	PHP Error Severity: 8 --> Undefined index: search E:\wamp\www\test\trunk\source\Application\Statistics\Model\StatUseModel.class.php 34
2017-10-05 16:28:30	PHP Error Severity: 2 --> Invalid argument supplied for foreach() E:\wamp\www\test\trunk\source\Application\Statistics\Model\StatUseModel.class.php 34
2017-10-05 16:28:30	PHP Error Severity: 8 --> Undefined index: shop_id E:\wamp\www\test\trunk\source\Application\Setting\Model\EmployeeRightsModel.class.php 242
2017-10-05 16:28:30	PHP Error Severity: 8 --> Undefined index: shop_id E:\wamp\www\test\trunk\source\Application\Setting\Model\EmployeeRightsModel.class.php 242
2017-10-05 16:28:30	PHP Error Severity: 8 --> Undefined index: warehouse_id E:\wamp\www\test\trunk\source\Application\Setting\Model\EmployeeRightsModel.class.php 242
2017-10-05 16:28:30	PHP Error Severity: 8 --> Undefined index: warehouse_id E:\wamp\www\test\trunk\source\Application\Setting\Model\EmployeeRightsModel.class.php 242
2017-10-05 16:28:31	PHP Error Severity: 8 --> Undefined index: _string E:\wamp\www\test\trunk\source\Application\Stock\Model\StockOutOrderModel.class.php 625
2017-10-05 16:28:32	PHP Error Severity: 8 --> Undefined index: search E:\wamp\www\test\trunk\source\Application\Statistics\Model\StatUseModel.class.php 34
2017-10-05 16:28:32	PHP Error Severity: 2 --> Invalid argument supplied for foreach() E:\wamp\www\test\trunk\source\Application\Statistics\Model\StatUseModel.class.php 34
