2017-12-02 19:25:49	PHP Error Severity: 8 --> Undefined index: setTabs E:\wamp\www\test\trunk\source\Application\Runtime\Cache\Stock\a86bf417a11fef5a67d42bef67498f3d.php 130
2017-12-02 19:25:50	PHP Error Severity: 8 --> Undefined index: warehouse_id E:\wamp\www\test\trunk\source\Application\Setting\Model\EmployeeRightsModel.class.php 245
2017-12-02 19:25:51	PHP Error Severity: 8 --> Undefined index: warehouse_id E:\wamp\www\test\trunk\source\Application\Setting\Model\EmployeeRightsModel.class.php 245
2017-12-02 19:26:00	PHP Error Severity: 8 --> Undefined index: warehouse_id E:\wamp\www\test\trunk\source\Application\Setting\Model\EmployeeRightsModel.class.php 245
2017-12-02 19:26:03	PHP Error Severity: 8 --> Undefined index: warehouse_id E:\wamp\www\test\trunk\source\Application\Setting\Model\EmployeeRightsModel.class.php 245
2017-12-02 19:26:05	PHP Error Severity: 8 --> Undefined index: warehouse_id E:\wamp\www\test\trunk\source\Application\Setting\Model\EmployeeRightsModel.class.php 245
2017-12-02 19:26:10	PHP Error Severity: 8 --> Undefined index: warehouse_id E:\wamp\www\test\trunk\source\Application\Setting\Model\EmployeeRightsModel.class.php 245
2017-12-02 19:26:12	PHP Error Severity: 8 --> Undefined index: warehouse_id E:\wamp\www\test\trunk\source\Application\Setting\Model\EmployeeRightsModel.class.php 245
2017-12-02 19:26:14	PHP Error Severity: 8 --> Undefined index: warehouse_id E:\wamp\www\test\trunk\source\Application\Setting\Model\EmployeeRightsModel.class.php 245
2017-12-02 19:26:16	PHP Error Severity: 8 --> Undefined index: warehouse_id E:\wamp\www\test\trunk\source\Application\Setting\Model\EmployeeRightsModel.class.php 245
2017-12-02 19:26:19	PHP Error Severity: 8 --> Undefined index: warehouse_id E:\wamp\www\test\trunk\source\Application\Setting\Model\EmployeeRightsModel.class.php 245
2017-12-02 19:26:24	PHP Error Severity: 8 --> Undefined variable: salesstockout_status E:\wamp\www\test\trunk\source\Application\Stock\Field\StockSalesPrintField.class.php 87
2017-12-02 19:26:30	PHP Error Severity: 8 --> Array to string conversion E:\wamp\www\test\trunk\source\Application\Stock\Model\SalesStockOutModel.class.php 1386
2017-12-02 19:26:30	PHP Error Severity: 8 --> Array to string conversion E:\wamp\www\test\trunk\source\Application\Stock\Model\SalesStockOutModel.class.php 1386
2017-12-02 19:26:30	PHP Error Severity: 8 --> Array to string conversion E:\wamp\www\test\trunk\source\Application\Stock\Model\SalesStockOutModel.class.php 1386
2017-12-02 19:26:30	PHP Error Severity: 8 --> Array to string conversion E:\wamp\www\test\trunk\source\Application\Stock\Model\SalesStockOutModel.class.php 1386
2017-12-02 19:26:30	PHP Error Severity: 8 --> Array to string conversion E:\wamp\www\test\trunk\source\Application\Stock\Model\SalesStockOutModel.class.php 1386
2017-12-02 19:26:30	PHP Error Severity: 8 --> Array to string conversion E:\wamp\www\test\trunk\source\Application\Stock\Model\SalesStockOutModel.class.php 1386
2017-12-02 19:26:30	PHP Error Severity: 8 --> Array to string conversion E:\wamp\www\test\trunk\source\Application\Stock\Model\SalesStockOutModel.class.php 1386
2017-12-02 19:26:30	PHP Error Severity: 8 --> Array to string conversion E:\wamp\www\test\trunk\source\Application\Stock\Model\SalesStockOutModel.class.php 1386
2017-12-02 19:26:30	PHP Error Severity: 8 --> Array to string conversion E:\wamp\www\test\trunk\source\Application\Stock\Model\SalesStockOutModel.class.php 1386
2017-12-02 19:26:30	PHP Error Severity: 8 --> Array to string conversion E:\wamp\www\test\trunk\source\Application\Stock\Model\SalesStockOutModel.class.php 1386
2017-12-02 19:26:30	PHP Error Severity: 8 --> Array to string conversion E:\wamp\www\test\trunk\source\Application\Stock\Model\SalesStockOutModel.class.php 1386
2017-12-02 19:26:30	PHP Error Severity: 8 --> Array to string conversion E:\wamp\www\test\trunk\source\Application\Stock\Model\SalesStockOutModel.class.php 1386
2017-12-02 19:26:30	PHP Error Severity: 8 --> Array to string conversion E:\wamp\www\test\trunk\source\Application\Stock\Model\SalesStockOutModel.class.php 1386
2017-12-02 19:26:30	PHP Error Severity: 8 --> Array to string conversion E:\wamp\www\test\trunk\source\Application\Stock\Model\SalesStockOutModel.class.php 1386
2017-12-02 19:26:30	PHP Error Severity: 8 --> Array to string conversion E:\wamp\www\test\trunk\source\Application\Stock\Model\SalesStockOutModel.class.php 1386
2017-12-02 19:26:30	PHP Error Severity: 8 --> Array to string conversion E:\wamp\www\test\trunk\source\Application\Stock\Model\SalesStockOutModel.class.php 1386
2017-12-02 19:26:30	PHP Error Severity: 8 --> Array to string conversion E:\wamp\www\test\trunk\source\Application\Stock\Model\SalesStockOutModel.class.php 1386
2017-12-02 19:26:30	PHP Error Severity: 8 --> Array to string conversion E:\wamp\www\test\trunk\source\Application\Stock\Model\SalesStockOutModel.class.php 1386
2017-12-02 19:26:30	PHP Error Severity: 8 --> Array to string conversion E:\wamp\www\test\trunk\source\Application\Stock\Model\SalesStockOutModel.class.php 1386
2017-12-02 19:26:30	PHP Error Severity: 8 --> Array to string conversion E:\wamp\www\test\trunk\source\Application\Stock\Model\SalesStockOutModel.class.php 1386
2017-12-02 19:26:30	PHP Error Severity: 8 --> Undefined index: warehouse_id E:\wamp\www\test\trunk\source\Application\Setting\Model\EmployeeRightsModel.class.php 245
2017-12-02 19:26:35	PHP Error Severity: 2 --> Declaration of Setting\Model\PrintTemplateModel::save($data, $update_field) should be compatible with Think\Model::save($data = '', $options = Array) E:\wamp\www\test\trunk\source\Application\Setting\Model\PrintTemplateModel.class.php 95
2017-12-02 19:26:37	PHP Error Severity: 2 --> Missing argument 4 for Stock\Model\StockOutOrderModel::newUpdatePrintLog(), called in E:\wamp\www\test\trunk\source\Application\Stock\Model\StockOutOrderModel.class.php on line 2436 and defined E:\wamp\www\test\trunk\source\Application\Stock\Model\StockOutOrderModel.class.php 2565
2017-12-02 19:26:43	PHP Error Severity: 2 --> Declaration of Setting\Model\PrintTemplateModel::save($data, $update_field) should be compatible with Think\Model::save($data = '', $options = Array) E:\wamp\www\test\trunk\source\Application\Setting\Model\PrintTemplateModel.class.php 95
2017-12-02 19:26:48	PHP Error Severity: 2 --> Declaration of Setting\Model\PrintTemplateModel::save($data, $update_field) should be compatible with Think\Model::save($data = '', $options = Array) E:\wamp\www\test\trunk\source\Application\Setting\Model\PrintTemplateModel.class.php 95
2017-12-02 19:26:48	PHP Error Severity: 8 --> Undefined index: id E:\wamp\www\test\trunk\source\Application\Stock\Controller\StockSalesPrintController.class.php 1321
2017-12-02 19:26:48	PHP Error Severity: 8 --> Undefined index: id E:\wamp\www\test\trunk\source\Application\Stock\Controller\StockSalesPrintController.class.php 1322
2017-12-02 19:26:48	PHP Error Severity: 8 --> Undefined index: id E:\wamp\www\test\trunk\source\Application\Stock\Controller\StockSalesPrintController.class.php 1323
2017-12-02 19:26:48	PHP Error Severity: 8 --> Undefined index: id E:\wamp\www\test\trunk\source\Application\Stock\Controller\StockSalesPrintController.class.php 1324
2017-12-02 19:26:48	PHP Error Severity: 8 --> Undefined index: id E:\wamp\www\test\trunk\source\Application\Stock\Controller\StockSalesPrintController.class.php 1325
2017-12-02 19:26:48	PHP Error Severity: 8 --> Undefined index: id E:\wamp\www\test\trunk\source\Application\Stock\Controller\StockSalesPrintController.class.php 1321
2017-12-02 19:26:48	PHP Error Severity: 8 --> Undefined index: id E:\wamp\www\test\trunk\source\Application\Stock\Controller\StockSalesPrintController.class.php 1323
2017-12-02 19:26:48	PHP Error Severity: 8 --> Undefined index: id E:\wamp\www\test\trunk\source\Application\Stock\Controller\StockSalesPrintController.class.php 1324
2017-12-02 19:26:48	PHP Error Severity: 8 --> Undefined index: id E:\wamp\www\test\trunk\source\Application\Stock\Controller\StockSalesPrintController.class.php 1325
2017-12-02 19:26:52	PHP Error Severity: 2 --> Declaration of Setting\Model\PrintTemplateModel::save($data, $update_field) should be compatible with Think\Model::save($data = '', $options = Array) E:\wamp\www\test\trunk\source\Application\Setting\Model\PrintTemplateModel.class.php 95
2017-12-02 19:26:57	PHP Error Severity: 8 --> Undefined variable: salesstockout_status E:\wamp\www\test\trunk\source\Application\Stock\Field\StockSalesPrintField.class.php 87
2017-12-02 19:26:57	PHP Error Severity: 8 --> Undefined index: style E:\wamp\www\test\trunk\source\Application\Runtime\Cache\Stock\73efedff521dd12c426b135bf4f4f55a.php 27
2017-12-02 19:26:57	PHP Error Severity: 8 --> Undefined index: add E:\wamp\www\test\trunk\source\Application\Runtime\Cache\Stock\73efedff521dd12c426b135bf4f4f55a.php 33
2017-12-02 19:26:57	PHP Error Severity: 8 --> Undefined index: edit E:\wamp\www\test\trunk\source\Application\Runtime\Cache\Stock\73efedff521dd12c426b135bf4f4f55a.php 33
2017-12-02 19:26:58	PHP Error Severity: 8 --> Undefined index: src_order_no E:\wamp\www\test\trunk\source\Application\Stock\Model\StockOutOrderModel.class.php 2796
2017-12-02 19:26:58	PHP Error Severity: 8 --> Undefined index: style E:\wamp\www\test\trunk\source\Application\Runtime\Cache\Stock\b613c06c802a435344f3574bf9b9874b.php 27
2017-12-02 19:27:00	PHP Error Severity: 8 --> Undefined index: shop_id E:\wamp\www\test\trunk\source\Application\Setting\Model\EmployeeRightsModel.class.php 245
2017-12-02 19:27:00	PHP Error Severity: 8 --> Undefined index: warehouse_id E:\wamp\www\test\trunk\source\Application\Setting\Model\EmployeeRightsModel.class.php 245
2017-12-02 19:27:11	PHP Error Severity: 2 --> Declaration of Setting\Model\PrintTemplateModel::save($data, $update_field) should be compatible with Think\Model::save($data = '', $options = Array) E:\wamp\www\test\trunk\source\Application\Setting\Model\PrintTemplateModel.class.php 95
2017-12-02 19:27:12	PHP Error Severity: 2 --> Missing argument 4 for Stock\Model\StockOutOrderModel::newUpdatePrintLog(), called in E:\wamp\www\test\trunk\source\Application\Stock\Model\StockOutOrderModel.class.php on line 2436 and defined E:\wamp\www\test\trunk\source\Application\Stock\Model\StockOutOrderModel.class.php 2565
2017-12-02 19:27:12	PHP Error Severity: 8 --> Undefined variable: salesstockout_status E:\wamp\www\test\trunk\source\Application\Stock\Field\StockSalesPrintField.class.php 87
2017-12-02 19:27:14	PHP Error Severity: 2 --> Missing argument 4 for Stock\Model\StockOutOrderModel::newUpdatePrintLog(), called in E:\wamp\www\test\trunk\source\Application\Stock\Controller\StockSalesPrintController.class.php on line 1159 and defined E:\wamp\www\test\trunk\source\Application\Stock\Model\StockOutOrderModel.class.php 2565
2017-12-02 19:27:20	PHP Error Severity: 2 --> Declaration of Setting\Model\PrintTemplateModel::save($data, $update_field) should be compatible with Think\Model::save($data = '', $options = Array) E:\wamp\www\test\trunk\source\Application\Setting\Model\PrintTemplateModel.class.php 95
2017-12-02 19:27:21	PHP Error Severity: 2 --> Missing argument 4 for Stock\Model\StockOutOrderModel::newUpdatePrintLog(), called in E:\wamp\www\test\trunk\source\Application\Stock\Model\StockOutOrderModel.class.php on line 2436 and defined E:\wamp\www\test\trunk\source\Application\Stock\Model\StockOutOrderModel.class.php 2565
2017-12-02 19:27:22	PHP Error Severity: 8 --> Undefined variable: salesstockout_status E:\wamp\www\test\trunk\source\Application\Stock\Field\StockSalesPrintField.class.php 87
2017-12-02 19:27:23	PHP Error Severity: 2 --> Missing argument 4 for Stock\Model\StockOutOrderModel::newUpdatePrintLog(), called in E:\wamp\www\test\trunk\source\Application\Stock\Model\StockOutOrderModel.class.php on line 2436 and defined E:\wamp\www\test\trunk\source\Application\Stock\Model\StockOutOrderModel.class.php 2565
2017-12-02 19:27:51	PHP Error Severity: 2 --> Declaration of Setting\Model\PrintTemplateModel::save($data, $update_field) should be compatible with Think\Model::save($data = '', $options = Array) E:\wamp\www\test\trunk\source\Application\Setting\Model\PrintTemplateModel.class.php 95
2017-12-02 19:27:52	PHP Error Severity: 2 --> Missing argument 4 for Stock\Model\StockOutOrderModel::newUpdatePrintLog(), called in E:\wamp\www\test\trunk\source\Application\Stock\Controller\StockSalesPrintController.class.php on line 1585 and defined E:\wamp\www\test\trunk\source\Application\Stock\Model\StockOutOrderModel.class.php 2565
2017-12-02 21:03:55	PHP Error Severity: 8 --> Undefined index: setTabs E:\wamp\www\test\trunk\source\Application\Runtime\Cache\Stock\a86bf417a11fef5a67d42bef67498f3d.php 130
2017-12-02 21:03:57	PHP Error Severity: 8 --> Undefined index: warehouse_id E:\wamp\www\test\trunk\source\Application\Setting\Model\EmployeeRightsModel.class.php 245
2017-12-02 21:03:57	PHP Error Severity: 8 --> Undefined index: warehouse_id E:\wamp\www\test\trunk\source\Application\Setting\Model\EmployeeRightsModel.class.php 245
