2017-11-26 15:25:17	PHP Error Severity: 8 --> Undefined index: setTabs E:\wamp\www\test\trunk\source\Application\Runtime\Cache\Stock\a86bf417a11fef5a67d42bef67498f3d.php 134
2017-11-26 15:25:19	PHP Error Severity: 8 --> Undefined index: shop_id E:\wamp\www\test\trunk\source\Application\Setting\Model\EmployeeRightsModel.class.php 245
2017-11-26 15:25:19	PHP Error Severity: 8 --> Undefined index: shop_id E:\wamp\www\test\trunk\source\Application\Setting\Model\EmployeeRightsModel.class.php 245
2017-11-26 15:25:19	PHP Error Severity: 8 --> Undefined index: warehouse_id E:\wamp\www\test\trunk\source\Application\Setting\Model\EmployeeRightsModel.class.php 245
2017-11-26 15:25:19	PHP Error Severity: 8 --> Undefined index: warehouse_id E:\wamp\www\test\trunk\source\Application\Setting\Model\EmployeeRightsModel.class.php 245
2017-11-26 15:25:19	PHP Error Severity: 8 --> Undefined index: _string E:\wamp\www\test\trunk\source\Application\Stock\Model\StockOutOrderModel.class.php 710
2017-11-26 15:25:20	PHP Error Severity: 8 --> Undefined index: shop_id E:\wamp\www\test\trunk\source\Application\Setting\Model\EmployeeRightsModel.class.php 245
2017-11-26 15:25:20	PHP Error Severity: 8 --> Undefined index: shop_id E:\wamp\www\test\trunk\source\Application\Setting\Model\EmployeeRightsModel.class.php 245
2017-11-26 15:25:20	PHP Error Severity: 8 --> Undefined index: warehouse_id E:\wamp\www\test\trunk\source\Application\Setting\Model\EmployeeRightsModel.class.php 245
2017-11-26 15:25:20	PHP Error Severity: 8 --> Undefined index: warehouse_id E:\wamp\www\test\trunk\source\Application\Setting\Model\EmployeeRightsModel.class.php 245
2017-11-26 15:25:20	PHP Error Severity: 8 --> Undefined index: _string E:\wamp\www\test\trunk\source\Application\Stock\Model\StockOutOrderModel.class.php 710
2017-11-26 15:25:42	PHP Error Severity: 8 --> Undefined variable: salesstockout_status E:\wamp\www\test\trunk\source\Application\Stock\Field\StockSalesPrintField.class.php 87
2017-11-26 15:25:42	PHP Error Severity: 8 --> Undefined index: style E:\wamp\www\test\trunk\source\Application\Runtime\Cache\Stock\acf493c8368973cd1fcbacadfe81e647.php 27
2017-11-26 15:25:42	PHP Error Severity: 8 --> Undefined index: print_dialog E:\wamp\www\test\trunk\source\Application\Runtime\Cache\Stock\acf493c8368973cd1fcbacadfe81e647.php 33
2017-11-26 15:27:18	PHP Error Severity: 8 --> Undefined variable: salesstockout_status E:\wamp\www\test\trunk\source\Application\Stock\Field\StockSalesPrintField.class.php 87
2017-11-26 15:27:18	PHP Error Severity: 8 --> Undefined index: style E:\wamp\www\test\trunk\source\Application\Runtime\Cache\Stock\acf493c8368973cd1fcbacadfe81e647.php 27
2017-11-26 15:27:18	PHP Error Severity: 8 --> Undefined index: print_dialog E:\wamp\www\test\trunk\source\Application\Runtime\Cache\Stock\acf493c8368973cd1fcbacadfe81e647.php 33
2017-11-26 15:37:17	PHP Error Severity: 8 --> Undefined variable: salesstockout_status E:\wamp\www\test\trunk\source\Application\Stock\Field\StockSalesPrintField.class.php 87
2017-11-26 15:37:17	PHP Error Severity: 8 --> Undefined index: style E:\wamp\www\test\trunk\source\Application\Runtime\Cache\Stock\acf493c8368973cd1fcbacadfe81e647.php 27
2017-11-26 15:37:17	PHP Error Severity: 8 --> Undefined index: print_dialog E:\wamp\www\test\trunk\source\Application\Runtime\Cache\Stock\acf493c8368973cd1fcbacadfe81e647.php 33
2017-11-26 15:44:36	PHP Error Severity: 8 --> Undefined variable: salesstockout_status E:\wamp\www\test\trunk\source\Application\Stock\Field\StockSalesPrintField.class.php 87
2017-11-26 15:44:36	PHP Error Severity: 8 --> Undefined index: style E:\wamp\www\test\trunk\source\Application\Runtime\Cache\Stock\acf493c8368973cd1fcbacadfe81e647.php 27
2017-11-26 15:44:36	PHP Error Severity: 8 --> Undefined index: print_dialog E:\wamp\www\test\trunk\source\Application\Runtime\Cache\Stock\acf493c8368973cd1fcbacadfe81e647.php 33
2017-11-26 15:44:54	PHP Error Severity: 8 --> Undefined variable: salesstockout_status E:\wamp\www\test\trunk\source\Application\Stock\Field\StockSalesPrintField.class.php 87
2017-11-26 15:44:54	PHP Error Severity: 8 --> Undefined index: style E:\wamp\www\test\trunk\source\Application\Runtime\Cache\Stock\acf493c8368973cd1fcbacadfe81e647.php 27
2017-11-26 15:44:54	PHP Error Severity: 8 --> Undefined index: print_dialog E:\wamp\www\test\trunk\source\Application\Runtime\Cache\Stock\acf493c8368973cd1fcbacadfe81e647.php 33
2017-11-26 15:45:06	PHP Error Severity: 8 --> Undefined variable: salesstockout_status E:\wamp\www\test\trunk\source\Application\Stock\Field\StockSalesPrintField.class.php 87
2017-11-26 15:45:06	PHP Error Severity: 8 --> Undefined index: style E:\wamp\www\test\trunk\source\Application\Runtime\Cache\Stock\acf493c8368973cd1fcbacadfe81e647.php 27
2017-11-26 15:45:06	PHP Error Severity: 8 --> Undefined index: print_dialog E:\wamp\www\test\trunk\source\Application\Runtime\Cache\Stock\acf493c8368973cd1fcbacadfe81e647.php 33
2017-11-26 15:45:19	PHP Error Severity: 8 --> Undefined variable: salesstockout_status E:\wamp\www\test\trunk\source\Application\Stock\Field\StockSalesPrintField.class.php 87
2017-11-26 15:45:19	PHP Error Severity: 8 --> Undefined index: style E:\wamp\www\test\trunk\source\Application\Runtime\Cache\Stock\acf493c8368973cd1fcbacadfe81e647.php 27
2017-11-26 15:45:19	PHP Error Severity: 8 --> Undefined index: print_dialog E:\wamp\www\test\trunk\source\Application\Runtime\Cache\Stock\acf493c8368973cd1fcbacadfe81e647.php 33
2017-11-26 15:46:43	PHP Error Severity: 8 --> Undefined variable: salesstockout_status E:\wamp\www\test\trunk\source\Application\Stock\Field\StockSalesPrintField.class.php 87
2017-11-26 15:46:43	PHP Error Severity: 8 --> Undefined index: style E:\wamp\www\test\trunk\source\Application\Runtime\Cache\Stock\acf493c8368973cd1fcbacadfe81e647.php 27
2017-11-26 15:46:43	PHP Error Severity: 8 --> Undefined index: print_dialog E:\wamp\www\test\trunk\source\Application\Runtime\Cache\Stock\acf493c8368973cd1fcbacadfe81e647.php 33
2017-11-26 15:47:01	PHP Error Severity: 8 --> Undefined index: _string E:\wamp\www\test\trunk\source\Application\Stock\Model\StockOutOrderModel.class.php 710
2017-11-26 15:47:04	PHP Error Severity: 8 --> Undefined index: _string E:\wamp\www\test\trunk\source\Application\Stock\Model\StockOutOrderModel.class.php 710
2017-11-26 15:47:12	PHP Error Severity: 8 --> Undefined index: _string E:\wamp\www\test\trunk\source\Application\Stock\Model\StockOutOrderModel.class.php 710
2017-11-26 15:47:18	PHP Error Severity: 8 --> Undefined index: _string E:\wamp\www\test\trunk\source\Application\Stock\Model\StockOutOrderModel.class.php 710
2017-11-26 15:47:22	PHP Error Severity: 8 --> Undefined index: _string E:\wamp\www\test\trunk\source\Application\Stock\Model\StockOutOrderModel.class.php 710
2017-11-26 15:48:36	PHP Error Severity: 8 --> Undefined variable: salesstockout_status E:\wamp\www\test\trunk\source\Application\Stock\Field\StockSalesPrintField.class.php 87
2017-11-26 15:48:36	PHP Error Severity: 8 --> Undefined index: style E:\wamp\www\test\trunk\source\Application\Runtime\Cache\Stock\acf493c8368973cd1fcbacadfe81e647.php 27
2017-11-26 15:48:36	PHP Error Severity: 8 --> Undefined index: print_dialog E:\wamp\www\test\trunk\source\Application\Runtime\Cache\Stock\acf493c8368973cd1fcbacadfe81e647.php 33
2017-11-26 15:51:39	PHP Error Severity: 8 --> Undefined index: _string E:\wamp\www\test\trunk\source\Application\Stock\Model\StockOutOrderModel.class.php 710
2017-11-26 15:51:45	PHP Error Severity: 8 --> Undefined variable: salesstockout_status E:\wamp\www\test\trunk\source\Application\Stock\Field\StockSalesPrintField.class.php 87
2017-11-26 15:51:45	PHP Error Severity: 8 --> Undefined index: style E:\wamp\www\test\trunk\source\Application\Runtime\Cache\Stock\acf493c8368973cd1fcbacadfe81e647.php 27
2017-11-26 15:51:45	PHP Error Severity: 8 --> Undefined index: print_dialog E:\wamp\www\test\trunk\source\Application\Runtime\Cache\Stock\acf493c8368973cd1fcbacadfe81e647.php 33
2017-11-26 15:52:19	PHP Error Severity: 8 --> Undefined index: setTabs E:\wamp\www\test\trunk\source\Application\Runtime\Cache\Stock\a86bf417a11fef5a67d42bef67498f3d.php 134
2017-11-26 15:52:20	PHP Error Severity: 8 --> Undefined index: shop_id E:\wamp\www\test\trunk\source\Application\Setting\Model\EmployeeRightsModel.class.php 245
2017-11-26 15:52:20	PHP Error Severity: 8 --> Undefined index: shop_id E:\wamp\www\test\trunk\source\Application\Setting\Model\EmployeeRightsModel.class.php 245
2017-11-26 15:52:20	PHP Error Severity: 8 --> Undefined index: warehouse_id E:\wamp\www\test\trunk\source\Application\Setting\Model\EmployeeRightsModel.class.php 245
2017-11-26 15:52:20	PHP Error Severity: 8 --> Undefined index: warehouse_id E:\wamp\www\test\trunk\source\Application\Setting\Model\EmployeeRightsModel.class.php 245
2017-11-26 15:52:20	PHP Error Severity: 8 --> Undefined index: _string E:\wamp\www\test\trunk\source\Application\Stock\Model\StockOutOrderModel.class.php 710
2017-11-26 15:52:21	PHP Error Severity: 8 --> Undefined index: shop_id E:\wamp\www\test\trunk\source\Application\Setting\Model\EmployeeRightsModel.class.php 245
2017-11-26 15:52:21	PHP Error Severity: 8 --> Undefined index: shop_id E:\wamp\www\test\trunk\source\Application\Setting\Model\EmployeeRightsModel.class.php 245
2017-11-26 15:52:21	PHP Error Severity: 8 --> Undefined index: warehouse_id E:\wamp\www\test\trunk\source\Application\Setting\Model\EmployeeRightsModel.class.php 245
2017-11-26 15:52:21	PHP Error Severity: 8 --> Undefined index: warehouse_id E:\wamp\www\test\trunk\source\Application\Setting\Model\EmployeeRightsModel.class.php 245
2017-11-26 15:52:21	PHP Error Severity: 8 --> Undefined index: _string E:\wamp\www\test\trunk\source\Application\Stock\Model\StockOutOrderModel.class.php 710
2017-11-26 15:52:24	PHP Error Severity: 8 --> Undefined variable: salesstockout_status E:\wamp\www\test\trunk\source\Application\Stock\Field\StockSalesPrintField.class.php 87
2017-11-26 15:52:24	PHP Error Severity: 8 --> Undefined index: style E:\wamp\www\test\trunk\source\Application\Runtime\Cache\Stock\acf493c8368973cd1fcbacadfe81e647.php 27
2017-11-26 15:52:24	PHP Error Severity: 8 --> Undefined index: print_dialog E:\wamp\www\test\trunk\source\Application\Runtime\Cache\Stock\acf493c8368973cd1fcbacadfe81e647.php 33
2017-11-26 16:02:38	PHP Error Severity: 8 --> Undefined index: _string E:\wamp\www\test\trunk\source\Application\Stock\Model\StockOutOrderModel.class.php 710
2017-11-26 16:12:05	PHP Error Severity: 8 --> Undefined variable: salesstockout_status E:\wamp\www\test\trunk\source\Application\Stock\Field\StockSalesPrintField.class.php 87
2017-11-26 16:12:05	PHP Error Severity: 8 --> Undefined index: style E:\wamp\www\test\trunk\source\Application\Runtime\Cache\Stock\acf493c8368973cd1fcbacadfe81e647.php 27
2017-11-26 16:12:05	PHP Error Severity: 8 --> Undefined index: print_dialog E:\wamp\www\test\trunk\source\Application\Runtime\Cache\Stock\acf493c8368973cd1fcbacadfe81e647.php 33
2017-11-26 16:12:41	PHP Error Severity: 8 --> Undefined index: setTabs E:\wamp\www\test\trunk\source\Application\Runtime\Cache\Stock\a86bf417a11fef5a67d42bef67498f3d.php 136
2017-11-26 16:12:43	PHP Error Severity: 8 --> Undefined index: shop_id E:\wamp\www\test\trunk\source\Application\Setting\Model\EmployeeRightsModel.class.php 245
2017-11-26 16:12:43	PHP Error Severity: 8 --> Undefined index: shop_id E:\wamp\www\test\trunk\source\Application\Setting\Model\EmployeeRightsModel.class.php 245
2017-11-26 16:12:43	PHP Error Severity: 8 --> Undefined index: warehouse_id E:\wamp\www\test\trunk\source\Application\Setting\Model\EmployeeRightsModel.class.php 245
2017-11-26 16:12:43	PHP Error Severity: 8 --> Undefined index: warehouse_id E:\wamp\www\test\trunk\source\Application\Setting\Model\EmployeeRightsModel.class.php 245
2017-11-26 16:12:43	PHP Error Severity: 8 --> Undefined index: _string E:\wamp\www\test\trunk\source\Application\Stock\Model\StockOutOrderModel.class.php 710
2017-11-26 16:12:44	PHP Error Severity: 8 --> Undefined index: shop_id E:\wamp\www\test\trunk\source\Application\Setting\Model\EmployeeRightsModel.class.php 245
2017-11-26 16:12:44	PHP Error Severity: 8 --> Undefined index: shop_id E:\wamp\www\test\trunk\source\Application\Setting\Model\EmployeeRightsModel.class.php 245
2017-11-26 16:12:44	PHP Error Severity: 8 --> Undefined index: warehouse_id E:\wamp\www\test\trunk\source\Application\Setting\Model\EmployeeRightsModel.class.php 245
2017-11-26 16:12:44	PHP Error Severity: 8 --> Undefined index: warehouse_id E:\wamp\www\test\trunk\source\Application\Setting\Model\EmployeeRightsModel.class.php 245
2017-11-26 16:12:44	PHP Error Severity: 8 --> Undefined index: _string E:\wamp\www\test\trunk\source\Application\Stock\Model\StockOutOrderModel.class.php 710
2017-11-26 16:12:47	PHP Error Severity: 8 --> Undefined variable: salesstockout_status E:\wamp\www\test\trunk\source\Application\Stock\Field\StockSalesPrintField.class.php 87
2017-11-26 16:12:47	PHP Error Severity: 8 --> Undefined index: style E:\wamp\www\test\trunk\source\Application\Runtime\Cache\Stock\acf493c8368973cd1fcbacadfe81e647.php 27
2017-11-26 16:12:47	PHP Error Severity: 8 --> Undefined index: print_dialog E:\wamp\www\test\trunk\source\Application\Runtime\Cache\Stock\acf493c8368973cd1fcbacadfe81e647.php 33
2017-11-26 16:13:08	PHP Error Severity: 8 --> Undefined variable: salesstockout_status E:\wamp\www\test\trunk\source\Application\Stock\Field\StockSalesPrintField.class.php 87
2017-11-26 16:13:08	PHP Error Severity: 8 --> Undefined index: style E:\wamp\www\test\trunk\source\Application\Runtime\Cache\Stock\acf493c8368973cd1fcbacadfe81e647.php 27
2017-11-26 16:13:08	PHP Error Severity: 8 --> Undefined index: print_dialog E:\wamp\www\test\trunk\source\Application\Runtime\Cache\Stock\acf493c8368973cd1fcbacadfe81e647.php 33
2017-11-26 16:14:40	PHP Error Severity: 8 --> Undefined index: setTabs E:\wamp\www\test\trunk\source\Application\Runtime\Cache\Stock\a86bf417a11fef5a67d42bef67498f3d.php 136
2017-11-26 16:14:41	PHP Error Severity: 8 --> Undefined index: shop_id E:\wamp\www\test\trunk\source\Application\Setting\Model\EmployeeRightsModel.class.php 245
2017-11-26 16:14:41	PHP Error Severity: 8 --> Undefined index: shop_id E:\wamp\www\test\trunk\source\Application\Setting\Model\EmployeeRightsModel.class.php 245
2017-11-26 16:14:41	PHP Error Severity: 8 --> Undefined index: warehouse_id E:\wamp\www\test\trunk\source\Application\Setting\Model\EmployeeRightsModel.class.php 245
2017-11-26 16:14:41	PHP Error Severity: 8 --> Undefined index: warehouse_id E:\wamp\www\test\trunk\source\Application\Setting\Model\EmployeeRightsModel.class.php 245
2017-11-26 16:14:41	PHP Error Severity: 8 --> Undefined index: _string E:\wamp\www\test\trunk\source\Application\Stock\Model\StockOutOrderModel.class.php 710
2017-11-26 16:14:42	PHP Error Severity: 8 --> Undefined index: shop_id E:\wamp\www\test\trunk\source\Application\Setting\Model\EmployeeRightsModel.class.php 245
2017-11-26 16:14:42	PHP Error Severity: 8 --> Undefined index: shop_id E:\wamp\www\test\trunk\source\Application\Setting\Model\EmployeeRightsModel.class.php 245
2017-11-26 16:14:42	PHP Error Severity: 8 --> Undefined index: warehouse_id E:\wamp\www\test\trunk\source\Application\Setting\Model\EmployeeRightsModel.class.php 245
2017-11-26 16:14:42	PHP Error Severity: 8 --> Undefined index: warehouse_id E:\wamp\www\test\trunk\source\Application\Setting\Model\EmployeeRightsModel.class.php 245
2017-11-26 16:14:42	PHP Error Severity: 8 --> Undefined index: _string E:\wamp\www\test\trunk\source\Application\Stock\Model\StockOutOrderModel.class.php 710
2017-11-26 16:14:46	PHP Error Severity: 8 --> Undefined variable: salesstockout_status E:\wamp\www\test\trunk\source\Application\Stock\Field\StockSalesPrintField.class.php 87
2017-11-26 16:14:46	PHP Error Severity: 8 --> Undefined index: style E:\wamp\www\test\trunk\source\Application\Runtime\Cache\Stock\acf493c8368973cd1fcbacadfe81e647.php 27
2017-11-26 16:14:46	PHP Error Severity: 8 --> Undefined index: print_dialog E:\wamp\www\test\trunk\source\Application\Runtime\Cache\Stock\acf493c8368973cd1fcbacadfe81e647.php 33
2017-11-26 16:26:31	PHP Error Severity: 8 --> Undefined index: setTabs E:\wamp\www\test\trunk\source\Application\Runtime\Cache\Stock\a86bf417a11fef5a67d42bef67498f3d.php 136
2017-11-26 16:26:32	PHP Error Severity: 8 --> Undefined index: shop_id E:\wamp\www\test\trunk\source\Application\Setting\Model\EmployeeRightsModel.class.php 245
2017-11-26 16:26:32	PHP Error Severity: 8 --> Undefined index: shop_id E:\wamp\www\test\trunk\source\Application\Setting\Model\EmployeeRightsModel.class.php 245
2017-11-26 16:26:33	PHP Error Severity: 8 --> Undefined index: warehouse_id E:\wamp\www\test\trunk\source\Application\Setting\Model\EmployeeRightsModel.class.php 245
2017-11-26 16:26:33	PHP Error Severity: 8 --> Undefined index: warehouse_id E:\wamp\www\test\trunk\source\Application\Setting\Model\EmployeeRightsModel.class.php 245
2017-11-26 16:26:33	PHP Error Severity: 8 --> Undefined index: _string E:\wamp\www\test\trunk\source\Application\Stock\Model\StockOutOrderModel.class.php 710
2017-11-26 16:26:33	PHP Error Severity: 8 --> Undefined index: shop_id E:\wamp\www\test\trunk\source\Application\Setting\Model\EmployeeRightsModel.class.php 245
2017-11-26 16:26:33	PHP Error Severity: 8 --> Undefined index: shop_id E:\wamp\www\test\trunk\source\Application\Setting\Model\EmployeeRightsModel.class.php 245
2017-11-26 16:26:33	PHP Error Severity: 8 --> Undefined index: warehouse_id E:\wamp\www\test\trunk\source\Application\Setting\Model\EmployeeRightsModel.class.php 245
2017-11-26 16:26:33	PHP Error Severity: 8 --> Undefined index: warehouse_id E:\wamp\www\test\trunk\source\Application\Setting\Model\EmployeeRightsModel.class.php 245
2017-11-26 16:26:33	PHP Error Severity: 8 --> Undefined index: _string E:\wamp\www\test\trunk\source\Application\Stock\Model\StockOutOrderModel.class.php 710
2017-11-26 16:26:43	PHP Error Severity: 8 --> Undefined variable: salesstockout_status E:\wamp\www\test\trunk\source\Application\Stock\Field\StockSalesPrintField.class.php 87
2017-11-26 16:26:43	PHP Error Severity: 8 --> Undefined index: style E:\wamp\www\test\trunk\source\Application\Runtime\Cache\Stock\acf493c8368973cd1fcbacadfe81e647.php 27
2017-11-26 16:26:43	PHP Error Severity: 8 --> Undefined index: print_dialog E:\wamp\www\test\trunk\source\Application\Runtime\Cache\Stock\acf493c8368973cd1fcbacadfe81e647.php 33
2017-11-26 16:27:42	PHP Error Severity: 8 --> Undefined index: setTabs E:\wamp\www\test\trunk\source\Application\Runtime\Cache\Stock\a86bf417a11fef5a67d42bef67498f3d.php 136
2017-11-26 16:27:43	PHP Error Severity: 8 --> Undefined index: shop_id E:\wamp\www\test\trunk\source\Application\Setting\Model\EmployeeRightsModel.class.php 245
2017-11-26 16:27:43	PHP Error Severity: 8 --> Undefined index: shop_id E:\wamp\www\test\trunk\source\Application\Setting\Model\EmployeeRightsModel.class.php 245
2017-11-26 16:27:43	PHP Error Severity: 8 --> Undefined index: warehouse_id E:\wamp\www\test\trunk\source\Application\Setting\Model\EmployeeRightsModel.class.php 245
2017-11-26 16:27:43	PHP Error Severity: 8 --> Undefined index: warehouse_id E:\wamp\www\test\trunk\source\Application\Setting\Model\EmployeeRightsModel.class.php 245
2017-11-26 16:27:43	PHP Error Severity: 8 --> Undefined index: _string E:\wamp\www\test\trunk\source\Application\Stock\Model\StockOutOrderModel.class.php 710
2017-11-26 16:27:44	PHP Error Severity: 8 --> Undefined index: shop_id E:\wamp\www\test\trunk\source\Application\Setting\Model\EmployeeRightsModel.class.php 245
2017-11-26 16:27:44	PHP Error Severity: 8 --> Undefined index: shop_id E:\wamp\www\test\trunk\source\Application\Setting\Model\EmployeeRightsModel.class.php 245
2017-11-26 16:27:44	PHP Error Severity: 8 --> Undefined index: warehouse_id E:\wamp\www\test\trunk\source\Application\Setting\Model\EmployeeRightsModel.class.php 245
2017-11-26 16:27:44	PHP Error Severity: 8 --> Undefined index: warehouse_id E:\wamp\www\test\trunk\source\Application\Setting\Model\EmployeeRightsModel.class.php 245
2017-11-26 16:27:44	PHP Error Severity: 8 --> Undefined index: _string E:\wamp\www\test\trunk\source\Application\Stock\Model\StockOutOrderModel.class.php 710
2017-11-26 16:27:48	PHP Error Severity: 8 --> Undefined variable: salesstockout_status E:\wamp\www\test\trunk\source\Application\Stock\Field\StockSalesPrintField.class.php 87
2017-11-26 16:27:48	PHP Error Severity: 8 --> Undefined index: style E:\wamp\www\test\trunk\source\Application\Runtime\Cache\Stock\acf493c8368973cd1fcbacadfe81e647.php 27
2017-11-26 16:27:48	PHP Error Severity: 8 --> Undefined index: print_dialog E:\wamp\www\test\trunk\source\Application\Runtime\Cache\Stock\acf493c8368973cd1fcbacadfe81e647.php 33
2017-11-26 16:33:49	PHP Error Severity: 8 --> Undefined index: setTabs E:\wamp\www\test\trunk\source\Application\Runtime\Cache\Stock\a86bf417a11fef5a67d42bef67498f3d.php 136
2017-11-26 16:33:50	PHP Error Severity: 8 --> Undefined index: shop_id E:\wamp\www\test\trunk\source\Application\Setting\Model\EmployeeRightsModel.class.php 245
2017-11-26 16:33:50	PHP Error Severity: 8 --> Undefined index: shop_id E:\wamp\www\test\trunk\source\Application\Setting\Model\EmployeeRightsModel.class.php 245
2017-11-26 16:33:50	PHP Error Severity: 8 --> Undefined index: warehouse_id E:\wamp\www\test\trunk\source\Application\Setting\Model\EmployeeRightsModel.class.php 245
2017-11-26 16:33:50	PHP Error Severity: 8 --> Undefined index: warehouse_id E:\wamp\www\test\trunk\source\Application\Setting\Model\EmployeeRightsModel.class.php 245
2017-11-26 16:33:50	PHP Error Severity: 8 --> Undefined index: _string E:\wamp\www\test\trunk\source\Application\Stock\Model\StockOutOrderModel.class.php 710
2017-11-26 16:33:51	PHP Error Severity: 8 --> Undefined index: shop_id E:\wamp\www\test\trunk\source\Application\Setting\Model\EmployeeRightsModel.class.php 245
2017-11-26 16:33:51	PHP Error Severity: 8 --> Undefined index: shop_id E:\wamp\www\test\trunk\source\Application\Setting\Model\EmployeeRightsModel.class.php 245
2017-11-26 16:33:51	PHP Error Severity: 8 --> Undefined index: warehouse_id E:\wamp\www\test\trunk\source\Application\Setting\Model\EmployeeRightsModel.class.php 245
2017-11-26 16:33:51	PHP Error Severity: 8 --> Undefined index: warehouse_id E:\wamp\www\test\trunk\source\Application\Setting\Model\EmployeeRightsModel.class.php 245
2017-11-26 16:33:51	PHP Error Severity: 8 --> Undefined index: _string E:\wamp\www\test\trunk\source\Application\Stock\Model\StockOutOrderModel.class.php 710
2017-11-26 16:33:59	PHP Error Severity: 8 --> Undefined variable: salesstockout_status E:\wamp\www\test\trunk\source\Application\Stock\Field\StockSalesPrintField.class.php 87
2017-11-26 16:33:59	PHP Error Severity: 8 --> Undefined index: style E:\wamp\www\test\trunk\source\Application\Runtime\Cache\Stock\acf493c8368973cd1fcbacadfe81e647.php 27
2017-11-26 16:33:59	PHP Error Severity: 8 --> Undefined index: print_dialog E:\wamp\www\test\trunk\source\Application\Runtime\Cache\Stock\acf493c8368973cd1fcbacadfe81e647.php 33
2017-11-26 16:37:06	PHP Error Severity: 8 --> Undefined index: setTabs E:\wamp\www\test\trunk\source\Application\Runtime\Cache\Stock\a86bf417a11fef5a67d42bef67498f3d.php 134
2017-11-26 16:37:08	PHP Error Severity: 8 --> Undefined index: shop_id E:\wamp\www\test\trunk\source\Application\Setting\Model\EmployeeRightsModel.class.php 245
2017-11-26 16:37:08	PHP Error Severity: 8 --> Undefined index: shop_id E:\wamp\www\test\trunk\source\Application\Setting\Model\EmployeeRightsModel.class.php 245
2017-11-26 16:37:08	PHP Error Severity: 8 --> Undefined index: warehouse_id E:\wamp\www\test\trunk\source\Application\Setting\Model\EmployeeRightsModel.class.php 245
2017-11-26 16:37:08	PHP Error Severity: 8 --> Undefined index: warehouse_id E:\wamp\www\test\trunk\source\Application\Setting\Model\EmployeeRightsModel.class.php 245
2017-11-26 16:37:08	PHP Error Severity: 8 --> Undefined index: _string E:\wamp\www\test\trunk\source\Application\Stock\Model\StockOutOrderModel.class.php 710
2017-11-26 16:37:09	PHP Error Severity: 8 --> Undefined index: shop_id E:\wamp\www\test\trunk\source\Application\Setting\Model\EmployeeRightsModel.class.php 245
2017-11-26 16:37:09	PHP Error Severity: 8 --> Undefined index: shop_id E:\wamp\www\test\trunk\source\Application\Setting\Model\EmployeeRightsModel.class.php 245
2017-11-26 16:37:09	PHP Error Severity: 8 --> Undefined index: warehouse_id E:\wamp\www\test\trunk\source\Application\Setting\Model\EmployeeRightsModel.class.php 245
2017-11-26 16:37:09	PHP Error Severity: 8 --> Undefined index: warehouse_id E:\wamp\www\test\trunk\source\Application\Setting\Model\EmployeeRightsModel.class.php 245
2017-11-26 16:37:09	PHP Error Severity: 8 --> Undefined index: _string E:\wamp\www\test\trunk\source\Application\Stock\Model\StockOutOrderModel.class.php 710
2017-11-26 16:37:12	PHP Error Severity: 8 --> Undefined variable: salesstockout_status E:\wamp\www\test\trunk\source\Application\Stock\Field\StockSalesPrintField.class.php 87
2017-11-26 16:37:12	PHP Error Severity: 8 --> Undefined index: style E:\wamp\www\test\trunk\source\Application\Runtime\Cache\Stock\acf493c8368973cd1fcbacadfe81e647.php 27
2017-11-26 16:37:12	PHP Error Severity: 8 --> Undefined index: print_dialog E:\wamp\www\test\trunk\source\Application\Runtime\Cache\Stock\acf493c8368973cd1fcbacadfe81e647.php 33
2017-11-26 16:38:25	PHP Error Severity: 8 --> Undefined index: setTabs E:\wamp\www\test\trunk\source\Application\Runtime\Cache\Stock\a86bf417a11fef5a67d42bef67498f3d.php 134
2017-11-26 16:38:27	PHP Error Severity: 8 --> Undefined index: shop_id E:\wamp\www\test\trunk\source\Application\Setting\Model\EmployeeRightsModel.class.php 245
2017-11-26 16:38:27	PHP Error Severity: 8 --> Undefined index: shop_id E:\wamp\www\test\trunk\source\Application\Setting\Model\EmployeeRightsModel.class.php 245
2017-11-26 16:38:27	PHP Error Severity: 8 --> Undefined index: warehouse_id E:\wamp\www\test\trunk\source\Application\Setting\Model\EmployeeRightsModel.class.php 245
2017-11-26 16:38:27	PHP Error Severity: 8 --> Undefined index: warehouse_id E:\wamp\www\test\trunk\source\Application\Setting\Model\EmployeeRightsModel.class.php 245
2017-11-26 16:38:27	PHP Error Severity: 8 --> Undefined index: _string E:\wamp\www\test\trunk\source\Application\Stock\Model\StockOutOrderModel.class.php 710
2017-11-26 16:38:28	PHP Error Severity: 8 --> Undefined index: shop_id E:\wamp\www\test\trunk\source\Application\Setting\Model\EmployeeRightsModel.class.php 245
2017-11-26 16:38:28	PHP Error Severity: 8 --> Undefined index: shop_id E:\wamp\www\test\trunk\source\Application\Setting\Model\EmployeeRightsModel.class.php 245
2017-11-26 16:38:28	PHP Error Severity: 8 --> Undefined index: warehouse_id E:\wamp\www\test\trunk\source\Application\Setting\Model\EmployeeRightsModel.class.php 245
2017-11-26 16:38:28	PHP Error Severity: 8 --> Undefined index: warehouse_id E:\wamp\www\test\trunk\source\Application\Setting\Model\EmployeeRightsModel.class.php 245
2017-11-26 16:38:28	PHP Error Severity: 8 --> Undefined index: _string E:\wamp\www\test\trunk\source\Application\Stock\Model\StockOutOrderModel.class.php 710
2017-11-26 16:38:32	PHP Error Severity: 8 --> Undefined variable: salesstockout_status E:\wamp\www\test\trunk\source\Application\Stock\Field\StockSalesPrintField.class.php 87
2017-11-26 16:38:32	PHP Error Severity: 8 --> Undefined index: style E:\wamp\www\test\trunk\source\Application\Runtime\Cache\Stock\acf493c8368973cd1fcbacadfe81e647.php 27
2017-11-26 16:38:32	PHP Error Severity: 8 --> Undefined index: print_dialog E:\wamp\www\test\trunk\source\Application\Runtime\Cache\Stock\acf493c8368973cd1fcbacadfe81e647.php 33
2017-11-26 16:39:22	PHP Error Severity: 8 --> Undefined index: setTabs E:\wamp\www\test\trunk\source\Application\Runtime\Cache\Stock\a86bf417a11fef5a67d42bef67498f3d.php 134
2017-11-26 16:39:23	PHP Error Severity: 8 --> Undefined index: shop_id E:\wamp\www\test\trunk\source\Application\Setting\Model\EmployeeRightsModel.class.php 245
2017-11-26 16:39:23	PHP Error Severity: 8 --> Undefined index: shop_id E:\wamp\www\test\trunk\source\Application\Setting\Model\EmployeeRightsModel.class.php 245
2017-11-26 16:39:24	PHP Error Severity: 8 --> Undefined index: warehouse_id E:\wamp\www\test\trunk\source\Application\Setting\Model\EmployeeRightsModel.class.php 245
2017-11-26 16:39:24	PHP Error Severity: 8 --> Undefined index: warehouse_id E:\wamp\www\test\trunk\source\Application\Setting\Model\EmployeeRightsModel.class.php 245
2017-11-26 16:39:24	PHP Error Severity: 8 --> Undefined index: _string E:\wamp\www\test\trunk\source\Application\Stock\Model\StockOutOrderModel.class.php 710
2017-11-26 16:39:24	PHP Error Severity: 8 --> Undefined index: shop_id E:\wamp\www\test\trunk\source\Application\Setting\Model\EmployeeRightsModel.class.php 245
2017-11-26 16:39:24	PHP Error Severity: 8 --> Undefined index: shop_id E:\wamp\www\test\trunk\source\Application\Setting\Model\EmployeeRightsModel.class.php 245
2017-11-26 16:39:24	PHP Error Severity: 8 --> Undefined index: warehouse_id E:\wamp\www\test\trunk\source\Application\Setting\Model\EmployeeRightsModel.class.php 245
2017-11-26 16:39:24	PHP Error Severity: 8 --> Undefined index: warehouse_id E:\wamp\www\test\trunk\source\Application\Setting\Model\EmployeeRightsModel.class.php 245
2017-11-26 16:39:24	PHP Error Severity: 8 --> Undefined index: _string E:\wamp\www\test\trunk\source\Application\Stock\Model\StockOutOrderModel.class.php 710
2017-11-26 16:39:47	PHP Error Severity: 8 --> Undefined variable: salesstockout_status E:\wamp\www\test\trunk\source\Application\Stock\Field\StockSalesPrintField.class.php 87
2017-11-26 16:39:47	PHP Error Severity: 8 --> Undefined index: style E:\wamp\www\test\trunk\source\Application\Runtime\Cache\Stock\acf493c8368973cd1fcbacadfe81e647.php 27
2017-11-26 16:39:47	PHP Error Severity: 8 --> Undefined index: print_dialog E:\wamp\www\test\trunk\source\Application\Runtime\Cache\Stock\acf493c8368973cd1fcbacadfe81e647.php 33
2017-11-26 16:40:04	PHP Error Severity: 8 --> Undefined index: setTabs E:\wamp\www\test\trunk\source\Application\Runtime\Cache\Stock\a86bf417a11fef5a67d42bef67498f3d.php 134
2017-11-26 16:40:05	PHP Error Severity: 8 --> Undefined index: shop_id E:\wamp\www\test\trunk\source\Application\Setting\Model\EmployeeRightsModel.class.php 245
2017-11-26 16:40:05	PHP Error Severity: 8 --> Undefined index: shop_id E:\wamp\www\test\trunk\source\Application\Setting\Model\EmployeeRightsModel.class.php 245
2017-11-26 16:40:05	PHP Error Severity: 8 --> Undefined index: warehouse_id E:\wamp\www\test\trunk\source\Application\Setting\Model\EmployeeRightsModel.class.php 245
2017-11-26 16:40:05	PHP Error Severity: 8 --> Undefined index: warehouse_id E:\wamp\www\test\trunk\source\Application\Setting\Model\EmployeeRightsModel.class.php 245
2017-11-26 16:40:05	PHP Error Severity: 8 --> Undefined index: _string E:\wamp\www\test\trunk\source\Application\Stock\Model\StockOutOrderModel.class.php 710
2017-11-26 16:40:06	PHP Error Severity: 8 --> Undefined index: shop_id E:\wamp\www\test\trunk\source\Application\Setting\Model\EmployeeRightsModel.class.php 245
2017-11-26 16:40:06	PHP Error Severity: 8 --> Undefined index: shop_id E:\wamp\www\test\trunk\source\Application\Setting\Model\EmployeeRightsModel.class.php 245
2017-11-26 16:40:06	PHP Error Severity: 8 --> Undefined index: warehouse_id E:\wamp\www\test\trunk\source\Application\Setting\Model\EmployeeRightsModel.class.php 245
2017-11-26 16:40:06	PHP Error Severity: 8 --> Undefined index: warehouse_id E:\wamp\www\test\trunk\source\Application\Setting\Model\EmployeeRightsModel.class.php 245
2017-11-26 16:40:06	PHP Error Severity: 8 --> Undefined index: _string E:\wamp\www\test\trunk\source\Application\Stock\Model\StockOutOrderModel.class.php 710
2017-11-26 16:40:10	PHP Error Severity: 8 --> Undefined variable: salesstockout_status E:\wamp\www\test\trunk\source\Application\Stock\Field\StockSalesPrintField.class.php 87
2017-11-26 16:40:10	PHP Error Severity: 8 --> Undefined index: style E:\wamp\www\test\trunk\source\Application\Runtime\Cache\Stock\acf493c8368973cd1fcbacadfe81e647.php 27
2017-11-26 16:40:10	PHP Error Severity: 8 --> Undefined index: print_dialog E:\wamp\www\test\trunk\source\Application\Runtime\Cache\Stock\acf493c8368973cd1fcbacadfe81e647.php 33
2017-11-26 16:43:28	PHP Error Severity: 8 --> Undefined index: setTabs E:\wamp\www\test\trunk\source\Application\Runtime\Cache\Stock\a86bf417a11fef5a67d42bef67498f3d.php 134
2017-11-26 16:43:30	PHP Error Severity: 8 --> Undefined index: shop_id E:\wamp\www\test\trunk\source\Application\Setting\Model\EmployeeRightsModel.class.php 245
2017-11-26 16:43:30	PHP Error Severity: 8 --> Undefined index: shop_id E:\wamp\www\test\trunk\source\Application\Setting\Model\EmployeeRightsModel.class.php 245
2017-11-26 16:43:30	PHP Error Severity: 8 --> Undefined index: warehouse_id E:\wamp\www\test\trunk\source\Application\Setting\Model\EmployeeRightsModel.class.php 245
2017-11-26 16:43:30	PHP Error Severity: 8 --> Undefined index: warehouse_id E:\wamp\www\test\trunk\source\Application\Setting\Model\EmployeeRightsModel.class.php 245
2017-11-26 16:43:30	PHP Error Severity: 8 --> Undefined index: _string E:\wamp\www\test\trunk\source\Application\Stock\Model\StockOutOrderModel.class.php 710
2017-11-26 16:43:31	PHP Error Severity: 8 --> Undefined index: shop_id E:\wamp\www\test\trunk\source\Application\Setting\Model\EmployeeRightsModel.class.php 245
2017-11-26 16:43:31	PHP Error Severity: 8 --> Undefined index: shop_id E:\wamp\www\test\trunk\source\Application\Setting\Model\EmployeeRightsModel.class.php 245
2017-11-26 16:43:31	PHP Error Severity: 8 --> Undefined index: warehouse_id E:\wamp\www\test\trunk\source\Application\Setting\Model\EmployeeRightsModel.class.php 245
2017-11-26 16:43:31	PHP Error Severity: 8 --> Undefined index: warehouse_id E:\wamp\www\test\trunk\source\Application\Setting\Model\EmployeeRightsModel.class.php 245
2017-11-26 16:43:31	PHP Error Severity: 8 --> Undefined index: _string E:\wamp\www\test\trunk\source\Application\Stock\Model\StockOutOrderModel.class.php 710
2017-11-26 16:43:35	PHP Error Severity: 8 --> Undefined variable: salesstockout_status E:\wamp\www\test\trunk\source\Application\Stock\Field\StockSalesPrintField.class.php 87
2017-11-26 16:43:35	PHP Error Severity: 8 --> Undefined index: style E:\wamp\www\test\trunk\source\Application\Runtime\Cache\Stock\acf493c8368973cd1fcbacadfe81e647.php 27
2017-11-26 16:43:35	PHP Error Severity: 8 --> Undefined index: print_dialog E:\wamp\www\test\trunk\source\Application\Runtime\Cache\Stock\acf493c8368973cd1fcbacadfe81e647.php 33
2017-11-26 16:44:54	PHP Error Severity: 8 --> Undefined index: setTabs E:\wamp\www\test\trunk\source\Application\Runtime\Cache\Stock\a86bf417a11fef5a67d42bef67498f3d.php 134
2017-11-26 16:44:56	PHP Error Severity: 8 --> Undefined index: shop_id E:\wamp\www\test\trunk\source\Application\Setting\Model\EmployeeRightsModel.class.php 245
2017-11-26 16:44:56	PHP Error Severity: 8 --> Undefined index: shop_id E:\wamp\www\test\trunk\source\Application\Setting\Model\EmployeeRightsModel.class.php 245
2017-11-26 16:44:56	PHP Error Severity: 8 --> Undefined index: warehouse_id E:\wamp\www\test\trunk\source\Application\Setting\Model\EmployeeRightsModel.class.php 245
2017-11-26 16:44:56	PHP Error Severity: 8 --> Undefined index: warehouse_id E:\wamp\www\test\trunk\source\Application\Setting\Model\EmployeeRightsModel.class.php 245
2017-11-26 16:44:56	PHP Error Severity: 8 --> Undefined index: _string E:\wamp\www\test\trunk\source\Application\Stock\Model\StockOutOrderModel.class.php 710
2017-11-26 16:44:57	PHP Error Severity: 8 --> Undefined index: shop_id E:\wamp\www\test\trunk\source\Application\Setting\Model\EmployeeRightsModel.class.php 245
2017-11-26 16:44:57	PHP Error Severity: 8 --> Undefined index: shop_id E:\wamp\www\test\trunk\source\Application\Setting\Model\EmployeeRightsModel.class.php 245
2017-11-26 16:44:57	PHP Error Severity: 8 --> Undefined index: warehouse_id E:\wamp\www\test\trunk\source\Application\Setting\Model\EmployeeRightsModel.class.php 245
2017-11-26 16:44:57	PHP Error Severity: 8 --> Undefined index: warehouse_id E:\wamp\www\test\trunk\source\Application\Setting\Model\EmployeeRightsModel.class.php 245
2017-11-26 16:44:57	PHP Error Severity: 8 --> Undefined index: _string E:\wamp\www\test\trunk\source\Application\Stock\Model\StockOutOrderModel.class.php 710
2017-11-26 16:45:01	PHP Error Severity: 8 --> Undefined variable: salesstockout_status E:\wamp\www\test\trunk\source\Application\Stock\Field\StockSalesPrintField.class.php 87
2017-11-26 16:45:01	PHP Error Severity: 8 --> Undefined index: style E:\wamp\www\test\trunk\source\Application\Runtime\Cache\Stock\acf493c8368973cd1fcbacadfe81e647.php 27
2017-11-26 16:45:01	PHP Error Severity: 8 --> Undefined index: print_dialog E:\wamp\www\test\trunk\source\Application\Runtime\Cache\Stock\acf493c8368973cd1fcbacadfe81e647.php 33
2017-11-26 16:46:25	PHP Error Severity: 8 --> Undefined index: setTabs E:\wamp\www\test\trunk\source\Application\Runtime\Cache\Stock\a86bf417a11fef5a67d42bef67498f3d.php 134
2017-11-26 16:46:26	PHP Error Severity: 8 --> Undefined index: shop_id E:\wamp\www\test\trunk\source\Application\Setting\Model\EmployeeRightsModel.class.php 245
2017-11-26 16:46:26	PHP Error Severity: 8 --> Undefined index: shop_id E:\wamp\www\test\trunk\source\Application\Setting\Model\EmployeeRightsModel.class.php 245
2017-11-26 16:46:26	PHP Error Severity: 8 --> Undefined index: warehouse_id E:\wamp\www\test\trunk\source\Application\Setting\Model\EmployeeRightsModel.class.php 245
2017-11-26 16:46:26	PHP Error Severity: 8 --> Undefined index: warehouse_id E:\wamp\www\test\trunk\source\Application\Setting\Model\EmployeeRightsModel.class.php 245
2017-11-26 16:46:26	PHP Error Severity: 8 --> Undefined index: _string E:\wamp\www\test\trunk\source\Application\Stock\Model\StockOutOrderModel.class.php 710
2017-11-26 16:46:27	PHP Error Severity: 8 --> Undefined index: shop_id E:\wamp\www\test\trunk\source\Application\Setting\Model\EmployeeRightsModel.class.php 245
2017-11-26 16:46:27	PHP Error Severity: 8 --> Undefined index: shop_id E:\wamp\www\test\trunk\source\Application\Setting\Model\EmployeeRightsModel.class.php 245
2017-11-26 16:46:27	PHP Error Severity: 8 --> Undefined index: warehouse_id E:\wamp\www\test\trunk\source\Application\Setting\Model\EmployeeRightsModel.class.php 245
2017-11-26 16:46:27	PHP Error Severity: 8 --> Undefined index: warehouse_id E:\wamp\www\test\trunk\source\Application\Setting\Model\EmployeeRightsModel.class.php 245
2017-11-26 16:46:27	PHP Error Severity: 8 --> Undefined index: _string E:\wamp\www\test\trunk\source\Application\Stock\Model\StockOutOrderModel.class.php 710
2017-11-26 16:46:30	PHP Error Severity: 8 --> Undefined variable: salesstockout_status E:\wamp\www\test\trunk\source\Application\Stock\Field\StockSalesPrintField.class.php 87
2017-11-26 16:46:30	PHP Error Severity: 8 --> Undefined index: style E:\wamp\www\test\trunk\source\Application\Runtime\Cache\Stock\acf493c8368973cd1fcbacadfe81e647.php 27
2017-11-26 16:46:30	PHP Error Severity: 8 --> Undefined index: print_dialog E:\wamp\www\test\trunk\source\Application\Runtime\Cache\Stock\acf493c8368973cd1fcbacadfe81e647.php 33
