2017-12-10 17:49:43	PHP Error Severity: 8 --> Undefined index: setTabs E:\wamp\www\test\trunk\source\Application\Runtime\Cache\Stock\a86bf417a11fef5a67d42bef67498f3d.php 134
2017-12-10 17:49:45	PHP Error Severity: 8 --> Undefined index: warehouse_id E:\wamp\www\test\trunk\source\Application\Setting\Model\EmployeeRightsModel.class.php 245
2017-12-10 17:49:46	PHP Error Severity: 8 --> Undefined index: warehouse_id E:\wamp\www\test\trunk\source\Application\Setting\Model\EmployeeRightsModel.class.php 245
2017-12-10 17:49:49	PHP Error Severity: 8 --> Undefined variable: salesstockout_status E:\wamp\www\test\trunk\source\Application\Stock\Field\StockSalesPrintField.class.php 87
2017-12-10 17:49:49	PHP Error Severity: 8 --> Undefined index: style E:\wamp\www\test\trunk\source\Application\Runtime\Cache\Stock\acf493c8368973cd1fcbacadfe81e647.php 27
2017-12-10 17:49:49	PHP Error Severity: 8 --> Undefined index: print_dialog E:\wamp\www\test\trunk\source\Application\Runtime\Cache\Stock\acf493c8368973cd1fcbacadfe81e647.php 33
2017-12-10 17:50:02	PHP Error Severity: 8 --> Undefined variable: salesstockout_status E:\wamp\www\test\trunk\source\Application\Stock\Field\StockSalesPrintField.class.php 87
2017-12-10 17:50:02	PHP Error Severity: 8 --> Undefined index: style E:\wamp\www\test\trunk\source\Application\Runtime\Cache\Stock\acf493c8368973cd1fcbacadfe81e647.php 27
2017-12-10 17:50:02	PHP Error Severity: 8 --> Undefined index: print_dialog E:\wamp\www\test\trunk\source\Application\Runtime\Cache\Stock\acf493c8368973cd1fcbacadfe81e647.php 33
2017-12-10 21:30:34	PHP Error Severity: 8 --> Undefined index: setTabs E:\wamp\www\test\trunk\source\Application\Runtime\Cache\Stock\a86bf417a11fef5a67d42bef67498f3d.php 134
2017-12-10 21:30:36	PHP Error Severity: 8 --> Undefined index: warehouse_id E:\wamp\www\test\trunk\source\Application\Setting\Model\EmployeeRightsModel.class.php 245
2017-12-10 21:30:37	PHP Error Severity: 8 --> Undefined index: warehouse_id E:\wamp\www\test\trunk\source\Application\Setting\Model\EmployeeRightsModel.class.php 245
2017-12-10 21:31:29	PHP Error Severity: 8 --> Undefined variable: salesstockout_status E:\wamp\www\test\trunk\source\Application\Stock\Field\StockSalesPrintField.class.php 87
2017-12-10 21:31:29	PHP Error Severity: 8 --> Undefined index: style E:\wamp\www\test\trunk\source\Application\Runtime\Cache\Stock\acf493c8368973cd1fcbacadfe81e647.php 27
2017-12-10 21:31:29	PHP Error Severity: 8 --> Undefined index: print_dialog E:\wamp\www\test\trunk\source\Application\Runtime\Cache\Stock\acf493c8368973cd1fcbacadfe81e647.php 33
2017-12-10 21:36:33	PHP Error Severity: 8 --> Undefined index: setTabs E:\wamp\www\test\trunk\source\Application\Runtime\Cache\Stock\a86bf417a11fef5a67d42bef67498f3d.php 134
2017-12-10 21:36:35	PHP Error Severity: 8 --> Undefined index: warehouse_id E:\wamp\www\test\trunk\source\Application\Setting\Model\EmployeeRightsModel.class.php 245
2017-12-10 21:36:36	PHP Error Severity: 8 --> Undefined index: warehouse_id E:\wamp\www\test\trunk\source\Application\Setting\Model\EmployeeRightsModel.class.php 245
2017-12-10 21:36:40	PHP Error Severity: 8 --> Undefined variable: salesstockout_status E:\wamp\www\test\trunk\source\Application\Stock\Field\StockSalesPrintField.class.php 87
2017-12-10 21:36:40	PHP Error Severity: 8 --> Undefined index: style E:\wamp\www\test\trunk\source\Application\Runtime\Cache\Stock\acf493c8368973cd1fcbacadfe81e647.php 27
2017-12-10 21:36:40	PHP Error Severity: 8 --> Undefined index: print_dialog E:\wamp\www\test\trunk\source\Application\Runtime\Cache\Stock\acf493c8368973cd1fcbacadfe81e647.php 33
2017-12-10 21:39:27	PHP Error Severity: 8 --> Undefined index: setTabs E:\wamp\www\test\trunk\source\Application\Runtime\Cache\Stock\a86bf417a11fef5a67d42bef67498f3d.php 135
2017-12-10 21:39:29	PHP Error Severity: 8 --> Undefined index: warehouse_id E:\wamp\www\test\trunk\source\Application\Setting\Model\EmployeeRightsModel.class.php 245
2017-12-10 21:39:29	PHP Error Severity: 8 --> Undefined index: warehouse_id E:\wamp\www\test\trunk\source\Application\Setting\Model\EmployeeRightsModel.class.php 245
2017-12-10 21:40:03	PHP Error Severity: 8 --> Undefined index: setTabs E:\wamp\www\test\trunk\source\Application\Runtime\Cache\Stock\a86bf417a11fef5a67d42bef67498f3d.php 135
2017-12-10 21:40:06	PHP Error Severity: 8 --> Undefined index: warehouse_id E:\wamp\www\test\trunk\source\Application\Setting\Model\EmployeeRightsModel.class.php 245
2017-12-10 21:40:06	PHP Error Severity: 8 --> Undefined index: warehouse_id E:\wamp\www\test\trunk\source\Application\Setting\Model\EmployeeRightsModel.class.php 245
2017-12-10 21:40:11	PHP Error Severity: 8 --> Undefined variable: salesstockout_status E:\wamp\www\test\trunk\source\Application\Stock\Field\StockSalesPrintField.class.php 87
2017-12-10 21:40:11	PHP Error Severity: 8 --> Undefined index: style E:\wamp\www\test\trunk\source\Application\Runtime\Cache\Stock\acf493c8368973cd1fcbacadfe81e647.php 27
2017-12-10 21:40:11	PHP Error Severity: 8 --> Undefined index: print_dialog E:\wamp\www\test\trunk\source\Application\Runtime\Cache\Stock\acf493c8368973cd1fcbacadfe81e647.php 33
2017-12-10 21:41:08	PHP Error Severity: 8 --> Undefined index: setTabs E:\wamp\www\test\trunk\source\Application\Runtime\Cache\Stock\a86bf417a11fef5a67d42bef67498f3d.php 135
2017-12-10 21:41:09	PHP Error Severity: 8 --> Undefined index: warehouse_id E:\wamp\www\test\trunk\source\Application\Setting\Model\EmployeeRightsModel.class.php 245
2017-12-10 21:41:11	PHP Error Severity: 8 --> Undefined index: warehouse_id E:\wamp\www\test\trunk\source\Application\Setting\Model\EmployeeRightsModel.class.php 245
2017-12-10 21:41:14	PHP Error Severity: 8 --> Undefined variable: salesstockout_status E:\wamp\www\test\trunk\source\Application\Stock\Field\StockSalesPrintField.class.php 87
2017-12-10 21:41:14	PHP Error Severity: 8 --> Undefined index: style E:\wamp\www\test\trunk\source\Application\Runtime\Cache\Stock\acf493c8368973cd1fcbacadfe81e647.php 27
2017-12-10 21:41:14	PHP Error Severity: 8 --> Undefined index: print_dialog E:\wamp\www\test\trunk\source\Application\Runtime\Cache\Stock\acf493c8368973cd1fcbacadfe81e647.php 33
2017-12-10 22:05:25	PHP Error Severity: 8 --> Undefined variable: salesstockout_status E:\wamp\www\test\trunk\source\Application\Stock\Field\StockSalesPrintField.class.php 87
2017-12-10 22:05:25	PHP Error Severity: 8 --> Undefined index: style E:\wamp\www\test\trunk\source\Application\Runtime\Cache\Stock\acf493c8368973cd1fcbacadfe81e647.php 27
2017-12-10 22:05:25	PHP Error Severity: 8 --> Undefined index: print_dialog E:\wamp\www\test\trunk\source\Application\Runtime\Cache\Stock\acf493c8368973cd1fcbacadfe81e647.php 33
2017-12-10 22:10:58	PHP Error Severity: 8 --> Undefined variable: salesstockout_status E:\wamp\www\test\trunk\source\Application\Stock\Field\StockSalesPrintField.class.php 87
2017-12-10 22:10:58	PHP Error Severity: 8 --> Undefined index: style E:\wamp\www\test\trunk\source\Application\Runtime\Cache\Stock\acf493c8368973cd1fcbacadfe81e647.php 27
2017-12-10 22:10:58	PHP Error Severity: 8 --> Undefined index: print_dialog E:\wamp\www\test\trunk\source\Application\Runtime\Cache\Stock\acf493c8368973cd1fcbacadfe81e647.php 33
2017-12-10 22:18:38	PHP Error Severity: 2 --> explode() expects at least 2 parameters, 1 given E:\wamp\www\test\trunk\source\Application\Stock\Model\StockOutOrderModel.class.php 375
2017-12-10 22:58:10	PHP Error Severity: 8 --> Undefined variable: salesstockout_status E:\wamp\www\test\trunk\source\Application\Stock\Field\StockSalesPrintField.class.php 87
2017-12-10 22:58:10	PHP Error Severity: 8 --> Undefined index: style E:\wamp\www\test\trunk\source\Application\Runtime\Cache\Stock\acf493c8368973cd1fcbacadfe81e647.php 27
2017-12-10 22:58:10	PHP Error Severity: 8 --> Undefined index: print_dialog E:\wamp\www\test\trunk\source\Application\Runtime\Cache\Stock\acf493c8368973cd1fcbacadfe81e647.php 33
