2017-11-30 22:31:35	PHP Error Severity: 8 --> Undefined index: setTabs E:\wamp\www\test\trunk\source\Application\Runtime\Cache\Stock\a86bf417a11fef5a67d42bef67498f3d.php 134
2017-11-30 22:31:39	PHP Error Severity: 8 --> Undefined index: warehouse_id E:\wamp\www\test\trunk\source\Application\Setting\Model\EmployeeRightsModel.class.php 245
2017-11-30 22:31:40	PHP Error Severity: 8 --> Undefined index: warehouse_id E:\wamp\www\test\trunk\source\Application\Setting\Model\EmployeeRightsModel.class.php 245
2017-11-30 22:32:47	PHP Error Severity: 2 --> Declaration of Setting\Model\PrintTemplateModel::save($data, $update_field) should be compatible with Think\Model::save($data = '', $options = Array) E:\wamp\www\test\trunk\source\Application\Setting\Model\PrintTemplateModel.class.php 95
2017-11-30 22:32:47	PHP Error Severity: 8 --> Undefined index: not_show_no E:\wamp\www\test\trunk\source\Application\Stock\Controller\StockSalesPrintController.class.php 1271
2017-11-30 22:33:20	PHP Error Severity: 8 --> Undefined variable: salesstockout_status E:\wamp\www\test\trunk\source\Application\Stock\Field\StockSalesPrintField.class.php 87
2017-11-30 22:33:20	PHP Error Severity: 8 --> Undefined index: style E:\wamp\www\test\trunk\source\Application\Runtime\Cache\Stock\73efedff521dd12c426b135bf4f4f55a.php 27
2017-11-30 22:33:20	PHP Error Severity: 8 --> Undefined index: add E:\wamp\www\test\trunk\source\Application\Runtime\Cache\Stock\73efedff521dd12c426b135bf4f4f55a.php 33
2017-11-30 22:33:20	PHP Error Severity: 8 --> Undefined index: edit E:\wamp\www\test\trunk\source\Application\Runtime\Cache\Stock\73efedff521dd12c426b135bf4f4f55a.php 33
2017-11-30 22:33:21	PHP Error Severity: 8 --> Undefined index: src_order_no E:\wamp\www\test\trunk\source\Application\Stock\Model\StockOutOrderModel.class.php 2849
2017-11-30 22:33:21	PHP Error Severity: 8 --> Undefined index: style E:\wamp\www\test\trunk\source\Application\Runtime\Cache\Stock\b613c06c802a435344f3574bf9b9874b.php 27
2017-11-30 22:33:42	PHP Error Severity: 2 --> Declaration of Setting\Model\PrintTemplateModel::save($data, $update_field) should be compatible with Think\Model::save($data = '', $options = Array) E:\wamp\www\test\trunk\source\Application\Setting\Model\PrintTemplateModel.class.php 95
2017-11-30 22:33:42	PHP Error Severity: 8 --> Undefined index: not_show_no E:\wamp\www\test\trunk\source\Application\Stock\Controller\StockSalesPrintController.class.php 1271
2017-11-30 22:33:44	PHP Error Severity: 2 --> Missing argument 4 for Stock\Model\StockOutOrderModel::newUpdatePrintLog(), called in E:\wamp\www\test\trunk\source\Application\Stock\Model\StockOutOrderModel.class.php on line 2448 and defined E:\wamp\www\test\trunk\source\Application\Stock\Model\StockOutOrderModel.class.php 2607
2017-11-30 22:33:55	PHP Error Severity: 8 --> Undefined variable: salesstockout_status E:\wamp\www\test\trunk\source\Application\Stock\Field\StockSalesPrintField.class.php 87
2017-11-30 22:33:55	PHP Error Severity: 8 --> Undefined index: style E:\wamp\www\test\trunk\source\Application\Runtime\Cache\Stock\73efedff521dd12c426b135bf4f4f55a.php 27
2017-11-30 22:33:55	PHP Error Severity: 8 --> Undefined index: add E:\wamp\www\test\trunk\source\Application\Runtime\Cache\Stock\73efedff521dd12c426b135bf4f4f55a.php 33
2017-11-30 22:33:55	PHP Error Severity: 8 --> Undefined index: edit E:\wamp\www\test\trunk\source\Application\Runtime\Cache\Stock\73efedff521dd12c426b135bf4f4f55a.php 33
2017-11-30 22:33:56	PHP Error Severity: 8 --> Undefined index: src_order_no E:\wamp\www\test\trunk\source\Application\Stock\Model\StockOutOrderModel.class.php 2849
2017-11-30 22:33:56	PHP Error Severity: 8 --> Undefined index: style E:\wamp\www\test\trunk\source\Application\Runtime\Cache\Stock\b613c06c802a435344f3574bf9b9874b.php 27
2017-11-30 22:34:03	PHP Error Severity: 2 --> Declaration of Setting\Model\PrintTemplateModel::save($data, $update_field) should be compatible with Think\Model::save($data = '', $options = Array) E:\wamp\www\test\trunk\source\Application\Setting\Model\PrintTemplateModel.class.php 95
2017-11-30 22:34:03	PHP Error Severity: 8 --> Undefined index: not_show_no E:\wamp\www\test\trunk\source\Application\Stock\Controller\StockSalesPrintController.class.php 1271
2017-11-30 22:34:05	PHP Error Severity: 2 --> Missing argument 4 for Stock\Model\StockOutOrderModel::newUpdatePrintLog(), called in E:\wamp\www\test\trunk\source\Application\Stock\Model\StockOutOrderModel.class.php on line 2448 and defined E:\wamp\www\test\trunk\source\Application\Stock\Model\StockOutOrderModel.class.php 2607
2017-11-30 22:34:05	PHP Error Severity: 8 --> Undefined variable: salesstockout_status E:\wamp\www\test\trunk\source\Application\Stock\Field\StockSalesPrintField.class.php 87
2017-11-30 22:34:07	PHP Error Severity: 2 --> Missing argument 4 for Stock\Model\StockOutOrderModel::newUpdatePrintLog(), called in E:\wamp\www\test\trunk\source\Application\Stock\Controller\StockSalesPrintController.class.php on line 1169 and defined E:\wamp\www\test\trunk\source\Application\Stock\Model\StockOutOrderModel.class.php 2607
2017-11-30 22:34:09	PHP Error Severity: 8 --> Undefined variable: salesstockout_status E:\wamp\www\test\trunk\source\Application\Stock\Field\StockSalesPrintField.class.php 87
2017-11-30 22:34:11	PHP Error Severity: 8 --> Undefined variable: salesstockout_status E:\wamp\www\test\trunk\source\Application\Stock\Field\StockSalesPrintField.class.php 87
2017-11-30 22:34:11	PHP Error Severity: 8 --> Undefined index: style E:\wamp\www\test\trunk\source\Application\Runtime\Cache\Stock\73efedff521dd12c426b135bf4f4f55a.php 27
2017-11-30 22:34:11	PHP Error Severity: 8 --> Undefined index: add E:\wamp\www\test\trunk\source\Application\Runtime\Cache\Stock\73efedff521dd12c426b135bf4f4f55a.php 33
2017-11-30 22:34:11	PHP Error Severity: 8 --> Undefined index: edit E:\wamp\www\test\trunk\source\Application\Runtime\Cache\Stock\73efedff521dd12c426b135bf4f4f55a.php 33
2017-11-30 22:34:12	PHP Error Severity: 8 --> Undefined index: src_order_no E:\wamp\www\test\trunk\source\Application\Stock\Model\StockOutOrderModel.class.php 2849
2017-11-30 22:34:12	PHP Error Severity: 8 --> Undefined index: style E:\wamp\www\test\trunk\source\Application\Runtime\Cache\Stock\b613c06c802a435344f3574bf9b9874b.php 27
2017-11-30 22:34:27	PHP Error Severity: 2 --> Declaration of Setting\Model\PrintTemplateModel::save($data, $update_field) should be compatible with Think\Model::save($data = '', $options = Array) E:\wamp\www\test\trunk\source\Application\Setting\Model\PrintTemplateModel.class.php 95
2017-11-30 22:34:27	PHP Error Severity: 8 --> Undefined index: not_show_no E:\wamp\www\test\trunk\source\Application\Stock\Controller\StockSalesPrintController.class.php 1271
2017-11-30 22:34:28	PHP Error Severity: 2 --> Missing argument 4 for Stock\Model\StockOutOrderModel::newUpdatePrintLog(), called in E:\wamp\www\test\trunk\source\Application\Stock\Model\StockOutOrderModel.class.php on line 2448 and defined E:\wamp\www\test\trunk\source\Application\Stock\Model\StockOutOrderModel.class.php 2607
2017-11-30 22:34:29	PHP Error Severity: 8 --> Undefined variable: salesstockout_status E:\wamp\www\test\trunk\source\Application\Stock\Field\StockSalesPrintField.class.php 87
2017-11-30 22:34:30	PHP Error Severity: 2 --> Missing argument 4 for Stock\Model\StockOutOrderModel::newUpdatePrintLog(), called in E:\wamp\www\test\trunk\source\Application\Stock\Model\StockOutOrderModel.class.php on line 2448 and defined E:\wamp\www\test\trunk\source\Application\Stock\Model\StockOutOrderModel.class.php 2607
2017-11-30 22:34:33	PHP Error Severity: 8 --> Undefined variable: salesstockout_status E:\wamp\www\test\trunk\source\Application\Stock\Field\StockSalesPrintField.class.php 87
2017-11-30 22:34:33	PHP Error Severity: 8 --> Undefined index: style E:\wamp\www\test\trunk\source\Application\Runtime\Cache\Stock\73efedff521dd12c426b135bf4f4f55a.php 27
2017-11-30 22:34:33	PHP Error Severity: 8 --> Undefined index: add E:\wamp\www\test\trunk\source\Application\Runtime\Cache\Stock\73efedff521dd12c426b135bf4f4f55a.php 33
2017-11-30 22:34:33	PHP Error Severity: 8 --> Undefined index: edit E:\wamp\www\test\trunk\source\Application\Runtime\Cache\Stock\73efedff521dd12c426b135bf4f4f55a.php 33
2017-11-30 22:34:34	PHP Error Severity: 8 --> Undefined index: src_order_no E:\wamp\www\test\trunk\source\Application\Stock\Model\StockOutOrderModel.class.php 2849
2017-11-30 22:34:34	PHP Error Severity: 8 --> Undefined index: style E:\wamp\www\test\trunk\source\Application\Runtime\Cache\Stock\b613c06c802a435344f3574bf9b9874b.php 27
2017-11-30 22:35:43	PHP Error Severity: 2 --> Declaration of Setting\Model\PrintTemplateModel::save($data, $update_field) should be compatible with Think\Model::save($data = '', $options = Array) E:\wamp\www\test\trunk\source\Application\Setting\Model\PrintTemplateModel.class.php 95
2017-11-30 22:35:43	PHP Error Severity: 8 --> Undefined index: id E:\wamp\www\test\trunk\source\Application\Stock\Controller\StockSalesPrintController.class.php 1331
2017-11-30 22:35:43	PHP Error Severity: 8 --> Undefined index: id E:\wamp\www\test\trunk\source\Application\Stock\Controller\StockSalesPrintController.class.php 1332
2017-11-30 22:35:43	PHP Error Severity: 8 --> Undefined index: id E:\wamp\www\test\trunk\source\Application\Stock\Controller\StockSalesPrintController.class.php 1333
2017-11-30 22:35:43	PHP Error Severity: 8 --> Undefined index: id E:\wamp\www\test\trunk\source\Application\Stock\Controller\StockSalesPrintController.class.php 1334
2017-11-30 22:35:43	PHP Error Severity: 8 --> Undefined index: id E:\wamp\www\test\trunk\source\Application\Stock\Controller\StockSalesPrintController.class.php 1335
2017-11-30 22:35:43	PHP Error Severity: 8 --> Undefined index: id E:\wamp\www\test\trunk\source\Application\Stock\Controller\StockSalesPrintController.class.php 1331
2017-11-30 22:35:43	PHP Error Severity: 8 --> Undefined index: id E:\wamp\www\test\trunk\source\Application\Stock\Controller\StockSalesPrintController.class.php 1333
2017-11-30 22:35:43	PHP Error Severity: 8 --> Undefined index: id E:\wamp\www\test\trunk\source\Application\Stock\Controller\StockSalesPrintController.class.php 1334
2017-11-30 22:35:43	PHP Error Severity: 8 --> Undefined index: id E:\wamp\www\test\trunk\source\Application\Stock\Controller\StockSalesPrintController.class.php 1335
2017-11-30 22:35:43	PHP Error Severity: 8 --> Undefined index: not_show_no E:\wamp\www\test\trunk\source\Application\Stock\Controller\StockSalesPrintController.class.php 1271
2017-11-30 22:35:43	PHP Error Severity: 8 --> Undefined index: not_show_no E:\wamp\www\test\trunk\source\Application\Stock\Controller\StockSalesPrintController.class.php 1271
2017-11-30 22:35:45	PHP Error Severity: 2 --> Missing argument 4 for Stock\Model\StockOutOrderModel::newUpdatePrintLog(), called in E:\wamp\www\test\trunk\source\Application\Stock\Model\StockOutOrderModel.class.php on line 2448 and defined E:\wamp\www\test\trunk\source\Application\Stock\Model\StockOutOrderModel.class.php 2607
2017-11-30 22:35:45	PHP Error Severity: 8 --> Undefined index: picklist_print_status E:\wamp\www\test\trunk\source\Application\Stock\Model\StockOutOrderModel.class.php 2661
2017-11-30 22:35:45	PHP Error Severity: 8 --> Undefined index: picklist_print_status E:\wamp\www\test\trunk\source\Application\Stock\Model\StockOutOrderModel.class.php 2661
2017-11-30 22:35:47	PHP Error Severity: 8 --> Undefined variable: salesstockout_status E:\wamp\www\test\trunk\source\Application\Stock\Field\StockSalesPrintField.class.php 87
2017-11-30 22:35:47	PHP Error Severity: 8 --> Undefined index: style E:\wamp\www\test\trunk\source\Application\Runtime\Cache\Stock\73efedff521dd12c426b135bf4f4f55a.php 27
2017-11-30 22:35:47	PHP Error Severity: 8 --> Undefined index: add E:\wamp\www\test\trunk\source\Application\Runtime\Cache\Stock\73efedff521dd12c426b135bf4f4f55a.php 33
2017-11-30 22:35:47	PHP Error Severity: 8 --> Undefined index: edit E:\wamp\www\test\trunk\source\Application\Runtime\Cache\Stock\73efedff521dd12c426b135bf4f4f55a.php 33
2017-11-30 22:35:47	PHP Error Severity: 8 --> Undefined index: src_order_no E:\wamp\www\test\trunk\source\Application\Stock\Model\StockOutOrderModel.class.php 2849
2017-11-30 22:35:48	PHP Error Severity: 8 --> Undefined index: style E:\wamp\www\test\trunk\source\Application\Runtime\Cache\Stock\b613c06c802a435344f3574bf9b9874b.php 27
2017-11-30 22:36:09	PHP Error Severity: 2 --> Declaration of Setting\Model\PrintTemplateModel::save($data, $update_field) should be compatible with Think\Model::save($data = '', $options = Array) E:\wamp\www\test\trunk\source\Application\Setting\Model\PrintTemplateModel.class.php 95
2017-11-30 22:36:09	PHP Error Severity: 8 --> Undefined index: id E:\wamp\www\test\trunk\source\Application\Stock\Controller\StockSalesPrintController.class.php 1331
2017-11-30 22:36:09	PHP Error Severity: 8 --> Undefined index: id E:\wamp\www\test\trunk\source\Application\Stock\Controller\StockSalesPrintController.class.php 1332
2017-11-30 22:36:09	PHP Error Severity: 8 --> Undefined index: id E:\wamp\www\test\trunk\source\Application\Stock\Controller\StockSalesPrintController.class.php 1333
2017-11-30 22:36:09	PHP Error Severity: 8 --> Undefined index: id E:\wamp\www\test\trunk\source\Application\Stock\Controller\StockSalesPrintController.class.php 1334
2017-11-30 22:36:09	PHP Error Severity: 8 --> Undefined index: id E:\wamp\www\test\trunk\source\Application\Stock\Controller\StockSalesPrintController.class.php 1335
2017-11-30 22:36:09	PHP Error Severity: 8 --> Undefined index: id E:\wamp\www\test\trunk\source\Application\Stock\Controller\StockSalesPrintController.class.php 1331
2017-11-30 22:36:09	PHP Error Severity: 8 --> Undefined index: id E:\wamp\www\test\trunk\source\Application\Stock\Controller\StockSalesPrintController.class.php 1333
2017-11-30 22:36:09	PHP Error Severity: 8 --> Undefined index: id E:\wamp\www\test\trunk\source\Application\Stock\Controller\StockSalesPrintController.class.php 1334
2017-11-30 22:36:09	PHP Error Severity: 8 --> Undefined index: id E:\wamp\www\test\trunk\source\Application\Stock\Controller\StockSalesPrintController.class.php 1335
2017-11-30 22:36:09	PHP Error Severity: 8 --> Undefined index: not_show_no E:\wamp\www\test\trunk\source\Application\Stock\Controller\StockSalesPrintController.class.php 1271
2017-11-30 22:36:09	PHP Error Severity: 8 --> Undefined index: not_show_no E:\wamp\www\test\trunk\source\Application\Stock\Controller\StockSalesPrintController.class.php 1271
2017-11-30 22:36:10	PHP Error Severity: 2 --> Missing argument 4 for Stock\Model\StockOutOrderModel::newUpdatePrintLog(), called in E:\wamp\www\test\trunk\source\Application\Stock\Model\StockOutOrderModel.class.php on line 2448 and defined E:\wamp\www\test\trunk\source\Application\Stock\Model\StockOutOrderModel.class.php 2607
2017-11-30 22:36:10	PHP Error Severity: 8 --> Undefined index: picklist_print_status E:\wamp\www\test\trunk\source\Application\Stock\Model\StockOutOrderModel.class.php 2661
2017-11-30 22:36:10	PHP Error Severity: 8 --> Undefined index: picklist_print_status E:\wamp\www\test\trunk\source\Application\Stock\Model\StockOutOrderModel.class.php 2661
2017-11-30 22:36:10	PHP Error Severity: 8 --> Undefined variable: salesstockout_status E:\wamp\www\test\trunk\source\Application\Stock\Field\StockSalesPrintField.class.php 87
2017-11-30 22:36:12	PHP Error Severity: 2 --> Missing argument 4 for Stock\Model\StockOutOrderModel::newUpdatePrintLog(), called in E:\wamp\www\test\trunk\source\Application\Stock\Controller\StockSalesPrintController.class.php on line 1169 and defined E:\wamp\www\test\trunk\source\Application\Stock\Model\StockOutOrderModel.class.php 2607
2017-11-30 22:36:12	PHP Error Severity: 8 --> Undefined index: picklist_print_status E:\wamp\www\test\trunk\source\Application\Stock\Model\StockOutOrderModel.class.php 2661
2017-11-30 22:36:12	PHP Error Severity: 8 --> Undefined index: picklist_print_status E:\wamp\www\test\trunk\source\Application\Stock\Model\StockOutOrderModel.class.php 2661
2017-11-30 22:36:17	PHP Error Severity: 8 --> Undefined variable: salesstockout_status E:\wamp\www\test\trunk\source\Application\Stock\Field\StockSalesPrintField.class.php 87
2017-11-30 22:36:17	PHP Error Severity: 8 --> Undefined index: style E:\wamp\www\test\trunk\source\Application\Runtime\Cache\Stock\73efedff521dd12c426b135bf4f4f55a.php 27
2017-11-30 22:36:17	PHP Error Severity: 8 --> Undefined index: add E:\wamp\www\test\trunk\source\Application\Runtime\Cache\Stock\73efedff521dd12c426b135bf4f4f55a.php 33
2017-11-30 22:36:17	PHP Error Severity: 8 --> Undefined index: edit E:\wamp\www\test\trunk\source\Application\Runtime\Cache\Stock\73efedff521dd12c426b135bf4f4f55a.php 33
2017-11-30 22:36:18	PHP Error Severity: 8 --> Undefined index: src_order_no E:\wamp\www\test\trunk\source\Application\Stock\Model\StockOutOrderModel.class.php 2849
2017-11-30 22:36:18	PHP Error Severity: 8 --> Undefined index: style E:\wamp\www\test\trunk\source\Application\Runtime\Cache\Stock\b613c06c802a435344f3574bf9b9874b.php 27
2017-11-30 22:40:25	PHP Error Severity: 8 --> Undefined index: setTabs E:\wamp\www\test\trunk\source\Application\Runtime\Cache\Stock\a86bf417a11fef5a67d42bef67498f3d.php 130
2017-11-30 22:40:27	PHP Error Severity: 8 --> Undefined index: warehouse_id E:\wamp\www\test\trunk\source\Application\Setting\Model\EmployeeRightsModel.class.php 245
2017-11-30 22:40:28	PHP Error Severity: 8 --> Undefined index: warehouse_id E:\wamp\www\test\trunk\source\Application\Setting\Model\EmployeeRightsModel.class.php 245
2017-11-30 22:40:45	PHP Error Severity: 2 --> Declaration of Setting\Model\PrintTemplateModel::save($data, $update_field) should be compatible with Think\Model::save($data = '', $options = Array) E:\wamp\www\test\trunk\source\Application\Setting\Model\PrintTemplateModel.class.php 95
2017-11-30 22:40:49	PHP Error Severity: 2 --> Declaration of Setting\Model\PrintTemplateModel::save($data, $update_field) should be compatible with Think\Model::save($data = '', $options = Array) E:\wamp\www\test\trunk\source\Application\Setting\Model\PrintTemplateModel.class.php 95
2017-11-30 22:40:49	PHP Error Severity: 8 --> Undefined index: id E:\wamp\www\test\trunk\source\Application\Stock\Controller\StockSalesPrintController.class.php 1322
2017-11-30 22:40:49	PHP Error Severity: 8 --> Undefined index: id E:\wamp\www\test\trunk\source\Application\Stock\Controller\StockSalesPrintController.class.php 1323
2017-11-30 22:40:49	PHP Error Severity: 8 --> Undefined index: id E:\wamp\www\test\trunk\source\Application\Stock\Controller\StockSalesPrintController.class.php 1324
2017-11-30 22:40:49	PHP Error Severity: 8 --> Undefined index: id E:\wamp\www\test\trunk\source\Application\Stock\Controller\StockSalesPrintController.class.php 1325
2017-11-30 22:40:49	PHP Error Severity: 8 --> Undefined index: id E:\wamp\www\test\trunk\source\Application\Stock\Controller\StockSalesPrintController.class.php 1326
2017-11-30 22:40:50	PHP Error Severity: 2 --> Missing argument 4 for Stock\Model\StockOutOrderModel::newUpdatePrintLog(), called in E:\wamp\www\test\trunk\source\Application\Stock\Model\StockOutOrderModel.class.php on line 2448 and defined E:\wamp\www\test\trunk\source\Application\Stock\Model\StockOutOrderModel.class.php 2607
2017-11-30 22:40:50	PHP Error Severity: 8 --> Undefined index: picklist_print_status E:\wamp\www\test\trunk\source\Application\Stock\Model\StockOutOrderModel.class.php 2661
2017-11-30 22:40:57	PHP Error Severity: 2 --> Declaration of Setting\Model\PrintTemplateModel::save($data, $update_field) should be compatible with Think\Model::save($data = '', $options = Array) E:\wamp\www\test\trunk\source\Application\Setting\Model\PrintTemplateModel.class.php 95
2017-11-30 22:40:57	PHP Error Severity: 8 --> Undefined index: id E:\wamp\www\test\trunk\source\Application\Stock\Controller\StockSalesPrintController.class.php 1322
2017-11-30 22:40:57	PHP Error Severity: 8 --> Undefined index: id E:\wamp\www\test\trunk\source\Application\Stock\Controller\StockSalesPrintController.class.php 1323
2017-11-30 22:40:57	PHP Error Severity: 8 --> Undefined index: id E:\wamp\www\test\trunk\source\Application\Stock\Controller\StockSalesPrintController.class.php 1324
2017-11-30 22:40:57	PHP Error Severity: 8 --> Undefined index: id E:\wamp\www\test\trunk\source\Application\Stock\Controller\StockSalesPrintController.class.php 1325
2017-11-30 22:40:57	PHP Error Severity: 8 --> Undefined index: id E:\wamp\www\test\trunk\source\Application\Stock\Controller\StockSalesPrintController.class.php 1326
2017-11-30 22:40:58	PHP Error Severity: 2 --> Missing argument 4 for Stock\Model\StockOutOrderModel::newUpdatePrintLog(), called in E:\wamp\www\test\trunk\source\Application\Stock\Model\StockOutOrderModel.class.php on line 2448 and defined E:\wamp\www\test\trunk\source\Application\Stock\Model\StockOutOrderModel.class.php 2607
2017-11-30 22:40:58	PHP Error Severity: 8 --> Undefined index: picklist_print_status E:\wamp\www\test\trunk\source\Application\Stock\Model\StockOutOrderModel.class.php 2661
2017-11-30 22:40:59	PHP Error Severity: 8 --> Undefined variable: salesstockout_status E:\wamp\www\test\trunk\source\Application\Stock\Field\StockSalesPrintField.class.php 87
2017-11-30 22:41:01	PHP Error Severity: 2 --> Missing argument 4 for Stock\Model\StockOutOrderModel::newUpdatePrintLog(), called in E:\wamp\www\test\trunk\source\Application\Stock\Controller\StockSalesPrintController.class.php on line 1160 and defined E:\wamp\www\test\trunk\source\Application\Stock\Model\StockOutOrderModel.class.php 2607
2017-11-30 22:41:01	PHP Error Severity: 8 --> Undefined index: picklist_print_status E:\wamp\www\test\trunk\source\Application\Stock\Model\StockOutOrderModel.class.php 2661
2017-11-30 22:43:15	PHP Error Severity: 2 --> Declaration of Setting\Model\PrintTemplateModel::save($data, $update_field) should be compatible with Think\Model::save($data = '', $options = Array) E:\wamp\www\test\trunk\source\Application\Setting\Model\PrintTemplateModel.class.php 95
2017-11-30 22:43:15	PHP Error Severity: 8 --> Undefined index: id E:\wamp\www\test\trunk\source\Application\Stock\Controller\StockSalesPrintController.class.php 1322
2017-11-30 22:43:15	PHP Error Severity: 8 --> Undefined index: id E:\wamp\www\test\trunk\source\Application\Stock\Controller\StockSalesPrintController.class.php 1323
2017-11-30 22:43:15	PHP Error Severity: 8 --> Undefined index: id E:\wamp\www\test\trunk\source\Application\Stock\Controller\StockSalesPrintController.class.php 1324
2017-11-30 22:43:15	PHP Error Severity: 8 --> Undefined index: id E:\wamp\www\test\trunk\source\Application\Stock\Controller\StockSalesPrintController.class.php 1325
2017-11-30 22:43:15	PHP Error Severity: 8 --> Undefined index: id E:\wamp\www\test\trunk\source\Application\Stock\Controller\StockSalesPrintController.class.php 1326
2017-11-30 22:43:16	PHP Error Severity: 2 --> Missing argument 4 for Stock\Model\StockOutOrderModel::newUpdatePrintLog(), called in E:\wamp\www\test\trunk\source\Application\Stock\Model\StockOutOrderModel.class.php on line 2448 and defined E:\wamp\www\test\trunk\source\Application\Stock\Model\StockOutOrderModel.class.php 2607
2017-11-30 22:43:16	PHP Error Severity: 8 --> Undefined variable: salesstockout_status E:\wamp\www\test\trunk\source\Application\Stock\Field\StockSalesPrintField.class.php 87
2017-11-30 22:43:18	PHP Error Severity: 2 --> Missing argument 4 for Stock\Model\StockOutOrderModel::newUpdatePrintLog(), called in E:\wamp\www\test\trunk\source\Application\Stock\Controller\StockSalesPrintController.class.php on line 1160 and defined E:\wamp\www\test\trunk\source\Application\Stock\Model\StockOutOrderModel.class.php 2607
2017-11-30 22:43:25	PHP Error Severity: 2 --> Declaration of Setting\Model\PrintTemplateModel::save($data, $update_field) should be compatible with Think\Model::save($data = '', $options = Array) E:\wamp\www\test\trunk\source\Application\Setting\Model\PrintTemplateModel.class.php 95
2017-11-30 22:43:25	PHP Error Severity: 8 --> Undefined index: id E:\wamp\www\test\trunk\source\Application\Stock\Controller\StockSalesPrintController.class.php 1322
2017-11-30 22:43:25	PHP Error Severity: 8 --> Undefined index: id E:\wamp\www\test\trunk\source\Application\Stock\Controller\StockSalesPrintController.class.php 1323
2017-11-30 22:43:25	PHP Error Severity: 8 --> Undefined index: id E:\wamp\www\test\trunk\source\Application\Stock\Controller\StockSalesPrintController.class.php 1324
2017-11-30 22:43:25	PHP Error Severity: 8 --> Undefined index: id E:\wamp\www\test\trunk\source\Application\Stock\Controller\StockSalesPrintController.class.php 1325
2017-11-30 22:43:25	PHP Error Severity: 8 --> Undefined index: id E:\wamp\www\test\trunk\source\Application\Stock\Controller\StockSalesPrintController.class.php 1326
2017-11-30 22:43:25	PHP Error Severity: 8 --> Undefined index: id E:\wamp\www\test\trunk\source\Application\Stock\Controller\StockSalesPrintController.class.php 1322
2017-11-30 22:43:25	PHP Error Severity: 8 --> Undefined index: id E:\wamp\www\test\trunk\source\Application\Stock\Controller\StockSalesPrintController.class.php 1324
2017-11-30 22:43:25	PHP Error Severity: 8 --> Undefined index: id E:\wamp\www\test\trunk\source\Application\Stock\Controller\StockSalesPrintController.class.php 1325
2017-11-30 22:43:25	PHP Error Severity: 8 --> Undefined index: id E:\wamp\www\test\trunk\source\Application\Stock\Controller\StockSalesPrintController.class.php 1326
2017-11-30 22:43:25	PHP Error Severity: 8 --> Undefined index: id E:\wamp\www\test\trunk\source\Application\Stock\Controller\StockSalesPrintController.class.php 1322
2017-11-30 22:43:25	PHP Error Severity: 8 --> Undefined index: id E:\wamp\www\test\trunk\source\Application\Stock\Controller\StockSalesPrintController.class.php 1324
2017-11-30 22:43:25	PHP Error Severity: 8 --> Undefined index: id E:\wamp\www\test\trunk\source\Application\Stock\Controller\StockSalesPrintController.class.php 1325
2017-11-30 22:43:25	PHP Error Severity: 8 --> Undefined index: id E:\wamp\www\test\trunk\source\Application\Stock\Controller\StockSalesPrintController.class.php 1326
2017-11-30 22:43:26	PHP Error Severity: 2 --> Missing argument 4 for Stock\Model\StockOutOrderModel::newUpdatePrintLog(), called in E:\wamp\www\test\trunk\source\Application\Stock\Model\StockOutOrderModel.class.php on line 2448 and defined E:\wamp\www\test\trunk\source\Application\Stock\Model\StockOutOrderModel.class.php 2607
2017-11-30 22:43:27	PHP Error Severity: 8 --> Undefined variable: salesstockout_status E:\wamp\www\test\trunk\source\Application\Stock\Field\StockSalesPrintField.class.php 87
2017-11-30 22:43:28	PHP Error Severity: 2 --> Missing argument 4 for Stock\Model\StockOutOrderModel::newUpdatePrintLog(), called in E:\wamp\www\test\trunk\source\Application\Stock\Model\StockOutOrderModel.class.php on line 2448 and defined E:\wamp\www\test\trunk\source\Application\Stock\Model\StockOutOrderModel.class.php 2607
