2017-10-29 11:35:41	PHP Error Severity: 8 --> Undefined index: frozen E:\wamp\www\test\trunk\source\Application\Setting\Model\UserDataModel.class.php 129
2017-10-29 11:35:41	PHP Error Severity: 8 --> Undefined index: frozen E:\wamp\www\test\trunk\source\Application\Setting\Model\UserDataModel.class.php 129
2017-10-29 11:35:41	PHP Error Severity: 8 --> Undefined index: frozen E:\wamp\www\test\trunk\source\Application\Setting\Model\UserDataModel.class.php 129
2017-10-29 11:35:41	PHP Error Severity: 8 --> Undefined index: frozen E:\wamp\www\test\trunk\source\Application\Setting\Model\UserDataModel.class.php 129
2017-10-29 11:35:41	PHP Error Severity: 8 --> Undefined index: frozen E:\wamp\www\test\trunk\source\Application\Setting\Model\UserDataModel.class.php 129
2017-10-29 11:35:41	PHP Error Severity: 8 --> Undefined index: frozen E:\wamp\www\test\trunk\source\Application\Setting\Model\UserDataModel.class.php 129
2017-10-29 11:35:41	PHP Error Severity: 8 --> Undefined index: frozen E:\wamp\www\test\trunk\source\Application\Setting\Model\UserDataModel.class.php 129
2017-10-29 11:35:41	PHP Error Severity: 8 --> Undefined index: frozen E:\wamp\www\test\trunk\source\Application\Setting\Model\UserDataModel.class.php 129
2017-10-29 11:35:41	PHP Error Severity: 8 --> Undefined index: frozen E:\wamp\www\test\trunk\source\Application\Setting\Model\UserDataModel.class.php 129
2017-10-29 11:35:41	PHP Error Severity: 8 --> Undefined index: frozen E:\wamp\www\test\trunk\source\Application\Setting\Model\UserDataModel.class.php 129
2017-10-29 11:35:41	PHP Error Severity: 8 --> Undefined index: frozen E:\wamp\www\test\trunk\source\Application\Setting\Model\UserDataModel.class.php 129
2017-10-29 11:35:41	PHP Error Severity: 8 --> Undefined index: frozen E:\wamp\www\test\trunk\source\Application\Setting\Model\UserDataModel.class.php 129
2017-10-29 11:35:41	PHP Error Severity: 8 --> Undefined index: frozen E:\wamp\www\test\trunk\source\Application\Setting\Model\UserDataModel.class.php 129
2017-10-29 11:35:41	PHP Error Severity: 8 --> Undefined index: frozen E:\wamp\www\test\trunk\source\Application\Setting\Model\UserDataModel.class.php 129
2017-10-29 11:35:41	PHP Error Severity: 8 --> Undefined index: frozen E:\wamp\www\test\trunk\source\Application\Setting\Model\UserDataModel.class.php 129
2017-10-29 11:35:41	PHP Error Severity: 8 --> Undefined index: frozen E:\wamp\www\test\trunk\source\Application\Setting\Model\UserDataModel.class.php 129
2017-10-29 11:35:42	PHP Error Severity: 8 --> Undefined index: setTabs E:\wamp\www\test\trunk\source\Application\Runtime\Cache\Stock\a86bf417a11fef5a67d42bef67498f3d.php 119
2017-10-29 11:35:42	PHP Error Severity: 8 --> Undefined index: print_dialog E:\wamp\www\test\trunk\source\Application\Runtime\Cache\Stock\a86bf417a11fef5a67d42bef67498f3d.php 150
2017-10-29 11:35:42	PHP Error Severity: 8 --> Undefined index: print_dialog E:\wamp\www\test\trunk\source\Application\Runtime\Cache\Stock\a86bf417a11fef5a67d42bef67498f3d.php 2441
2017-10-29 11:35:45	PHP Error Severity: 8 --> Undefined index: shop_id E:\wamp\www\test\trunk\source\Application\Setting\Model\EmployeeRightsModel.class.php 242
2017-10-29 11:35:45	PHP Error Severity: 8 --> Undefined index: shop_id E:\wamp\www\test\trunk\source\Application\Setting\Model\EmployeeRightsModel.class.php 242
2017-10-29 11:35:45	PHP Error Severity: 8 --> Undefined index: warehouse_id E:\wamp\www\test\trunk\source\Application\Setting\Model\EmployeeRightsModel.class.php 242
2017-10-29 11:35:45	PHP Error Severity: 8 --> Undefined index: warehouse_id E:\wamp\www\test\trunk\source\Application\Setting\Model\EmployeeRightsModel.class.php 242
2017-10-29 11:35:45	PHP Error Severity: 8 --> Undefined index: _string E:\wamp\www\test\trunk\source\Application\Stock\Model\StockOutOrderModel.class.php 637
2017-10-29 11:36:10	PHP Error Severity: 8 --> Undefined index: shop_id E:\wamp\www\test\trunk\source\Application\Setting\Model\EmployeeRightsModel.class.php 242
2017-10-29 11:36:10	PHP Error Severity: 8 --> Undefined index: shop_id E:\wamp\www\test\trunk\source\Application\Setting\Model\EmployeeRightsModel.class.php 242
2017-10-29 11:36:10	PHP Error Severity: 8 --> Undefined index: warehouse_id E:\wamp\www\test\trunk\source\Application\Setting\Model\EmployeeRightsModel.class.php 242
2017-10-29 11:36:10	PHP Error Severity: 8 --> Undefined index: warehouse_id E:\wamp\www\test\trunk\source\Application\Setting\Model\EmployeeRightsModel.class.php 242
2017-10-29 11:36:10	PHP Error Severity: 8 --> Undefined index: _string E:\wamp\www\test\trunk\source\Application\Stock\Model\StockOutOrderModel.class.php 637
2017-10-29 11:36:21	PHP Error Severity: 8 --> Undefined index: _string E:\wamp\www\test\trunk\source\Application\Stock\Model\StockOutOrderModel.class.php 637
2017-10-29 11:36:29	PHP Error Severity: 8 --> Undefined variable: is_force E:\wamp\www\test\trunk\source\Application\Stock\Model\SalesStockOutModel.class.php 1772
2017-10-29 11:36:29	PHP Error Severity: 8 --> Undefined index: order_deliver_block_consign E:\wamp\www\test\trunk\source\Application\Stock\Model\SalesStockOutModel.class.php 1779
2017-10-29 11:36:47	PHP Error Severity: 8 --> Undefined variable: is_force E:\wamp\www\test\trunk\source\Application\Stock\Model\SalesStockOutModel.class.php 1772
2017-10-29 11:36:47	PHP Error Severity: 8 --> Undefined index: order_deliver_block_consign E:\wamp\www\test\trunk\source\Application\Stock\Model\SalesStockOutModel.class.php 1779
2017-10-29 11:36:55	PHP Error Severity: 8 --> Undefined variable: salesstockout_status E:\wamp\www\test\trunk\source\Application\Stock\Field\StockSalesPrintField.class.php 87
2017-10-29 11:36:55	PHP Error Severity: 8 --> Undefined variable: stdTemplates E:\wamp\www\test\trunk\source\Application\Runtime\Cache\Stock\e5f88d052c3101229660730aace8c649.php 80
2017-10-29 11:37:02	PHP Error Severity: 8 --> Undefined index: _string E:\wamp\www\test\trunk\source\Application\Stock\Model\StockOutOrderModel.class.php 637
2017-10-29 11:37:16	PHP Error Severity: 8 --> Undefined index: _string E:\wamp\www\test\trunk\source\Application\Stock\Model\StockOutOrderModel.class.php 637
2017-10-29 12:00:22	PHP Error Severity: 8 --> Undefined index: _string E:\wamp\www\test\trunk\source\Application\Stock\Model\StockOutOrderModel.class.php 637
2017-10-29 12:00:54	PHP Error Severity: 8 --> Undefined index: shop_id E:\wamp\www\test\trunk\source\Application\Setting\Model\EmployeeRightsModel.class.php 242
2017-10-29 12:00:54	PHP Error Severity: 8 --> Undefined index: shop_id E:\wamp\www\test\trunk\source\Application\Setting\Model\EmployeeRightsModel.class.php 242
2017-10-29 12:00:54	PHP Error Severity: 8 --> Undefined index: warehouse_id E:\wamp\www\test\trunk\source\Application\Setting\Model\EmployeeRightsModel.class.php 242
2017-10-29 12:00:54	PHP Error Severity: 8 --> Undefined index: warehouse_id E:\wamp\www\test\trunk\source\Application\Setting\Model\EmployeeRightsModel.class.php 242
2017-10-29 12:00:54	PHP Error Severity: 8 --> Undefined index: _string E:\wamp\www\test\trunk\source\Application\Stock\Model\StockOutOrderModel.class.php 637
2017-10-29 12:01:29	PHP Error Severity: 8 --> Undefined index: _string E:\wamp\www\test\trunk\source\Application\Stock\Model\StockOutOrderModel.class.php 637
2017-10-29 12:02:02	PHP Error Severity: 8 --> Undefined index: _string E:\wamp\www\test\trunk\source\Application\Stock\Model\StockOutOrderModel.class.php 637
