2018-04-14 15:54:43	SQL ERROR: Connection to database failedAccess denied for user 'ekb'@'221.216.137.79' (using password: YES),'','error'
2018-04-14 15:54:43	邮件错误信息: The following From address failed: ekb_erp@163.com
2018-04-14 15:54:45	PHP Error Severity: 8 --> Undefined index: setTabs E:\wamp\www\test\trunk\source\Application\Runtime\Cache\Stock\a86bf417a11fef5a67d42bef67498f3d.php 144
2018-04-14 15:54:47	PHP Error Severity: 8 --> Undefined index: warehouse_id E:\wamp\www\test\trunk\source\Application\Setting\Model\EmployeeRightsModel.class.php 255
2018-04-14 15:54:49	PHP Error Severity: 8 --> Undefined index: warehouse_id E:\wamp\www\test\trunk\source\Application\Setting\Model\EmployeeRightsModel.class.php 255
2018-04-14 15:54:59	PHP Error Severity: 8 --> Undefined index: warehouse_id E:\wamp\www\test\trunk\source\Application\Setting\Model\EmployeeRightsModel.class.php 255
2018-04-14 15:55:00	PHP Error Severity: 8 --> Undefined index: warehouse_id E:\wamp\www\test\trunk\source\Application\Setting\Model\EmployeeRightsModel.class.php 255
2018-04-14 15:55:03	PHP Error Severity: 2 --> Declaration of Setting\Model\PrintTemplateModel::save($data, $update_field) should be compatible with Think\Model::save($data = '', $options = Array) E:\wamp\www\test\trunk\source\Application\Setting\Model\PrintTemplateModel.class.php 99
2018-04-14 15:55:03	PHP Error Severity: 8 --> Undefined variable: result E:\wamp\www\test\trunk\source\Application\Runtime\Cache\Stock\e12bdc3dabf33c75852ff273c342116f.php 14
2018-04-14 15:55:03	PHP Error Severity: 8 --> Undefined variable: stdTemplates E:\wamp\www\test\trunk\source\Application\Runtime\Cache\Stock\e12bdc3dabf33c75852ff273c342116f.php 32
2018-04-14 15:55:09	PHP Error Severity: 2 --> Missing argument 4 for Stock\Model\StockOutOrderModel::newUpdatePrintLog(), called in E:\wamp\www\test\trunk\source\Application\Stock\Controller\StockSalesPrintController.class.php on line 1656 and defined E:\wamp\www\test\trunk\source\Application\Stock\Model\StockOutOrderModel.class.php 3151
2018-04-14 15:55:30	PHP Error Severity: 2 --> Missing argument 4 for Stock\Model\StockOutOrderModel::newUpdatePrintLog(), called in E:\wamp\www\test\trunk\source\Application\Stock\Controller\StockSalesPrintController.class.php on line 1656 and defined E:\wamp\www\test\trunk\source\Application\Stock\Model\StockOutOrderModel.class.php 3151
2018-04-14 15:58:55	PHP Error Severity: 2 --> Missing argument 4 for Stock\Model\StockOutOrderModel::newUpdatePrintLog(), called in E:\wamp\www\test\trunk\source\Application\Stock\Controller\StockSalesPrintController.class.php on line 1656 and defined E:\wamp\www\test\trunk\source\Application\Stock\Model\StockOutOrderModel.class.php 3151
2018-04-14 15:59:07	PHP Error Severity: 2 --> Declaration of Setting\Model\PrintTemplateModel::save($data, $update_field) should be compatible with Think\Model::save($data = '', $options = Array) E:\wamp\www\test\trunk\source\Application\Setting\Model\PrintTemplateModel.class.php 99
2018-04-14 15:59:07	PHP Error Severity: 8 --> Undefined variable: result E:\wamp\www\test\trunk\source\Application\Runtime\Cache\Stock\e12bdc3dabf33c75852ff273c342116f.php 14
2018-04-14 15:59:07	PHP Error Severity: 8 --> Undefined variable: stdTemplates E:\wamp\www\test\trunk\source\Application\Runtime\Cache\Stock\e12bdc3dabf33c75852ff273c342116f.php 32
2018-04-14 15:59:09	PHP Error Severity: 2 --> Missing argument 4 for Stock\Model\StockOutOrderModel::newUpdatePrintLog(), called in E:\wamp\www\test\trunk\source\Application\Stock\Controller\StockSalesPrintController.class.php on line 1656 and defined E:\wamp\www\test\trunk\source\Application\Stock\Model\StockOutOrderModel.class.php 3151
2018-04-14 15:59:37	PHP Error Severity: 2 --> Declaration of Setting\Model\PrintTemplateModel::save($data, $update_field) should be compatible with Think\Model::save($data = '', $options = Array) E:\wamp\www\test\trunk\source\Application\Setting\Model\PrintTemplateModel.class.php 99
2018-04-14 15:59:37	PHP Error Severity: 8 --> Undefined variable: result E:\wamp\www\test\trunk\source\Application\Runtime\Cache\Stock\e12bdc3dabf33c75852ff273c342116f.php 14
2018-04-14 15:59:37	PHP Error Severity: 8 --> Undefined variable: stdTemplates E:\wamp\www\test\trunk\source\Application\Runtime\Cache\Stock\e12bdc3dabf33c75852ff273c342116f.php 32
2018-04-14 16:06:32	PHP Error Severity: 2 --> Declaration of Setting\Model\PrintTemplateModel::save($data, $update_field) should be compatible with Think\Model::save($data = '', $options = Array) E:\wamp\www\test\trunk\source\Application\Setting\Model\PrintTemplateModel.class.php 99
