2018-02-03 13:52:06	PHP Error Severity: 8 --> Undefined index: setTabs E:\wamp\www\test\trunk\source\Application\Runtime\Cache\Stock\a86bf417a11fef5a67d42bef67498f3d.php 141
2018-02-03 13:52:08	PHP Error Severity: 8 --> Undefined index: warehouse_id E:\wamp\www\test\trunk\source\Application\Setting\Model\EmployeeRightsModel.class.php 254
2018-02-03 13:52:09	PHP Error Severity: 8 --> Undefined index: warehouse_id E:\wamp\www\test\trunk\source\Application\Setting\Model\EmployeeRightsModel.class.php 254
2018-02-03 13:52:24	PHP Error Severity: 8 --> Undefined variable: salesstockout_status E:\wamp\www\test\trunk\source\Application\Stock\Field\StockSalesPrintField.class.php 87
2018-02-03 13:53:56	PHP Error Severity: 8 --> Undefined index: style E:\wamp\www\test\trunk\source\Application\Runtime\Cache\Stock\6b6171510665978528538d42e5d05edc.php 27
2018-02-03 14:12:45	PHP Error Severity: 8 --> Undefined index: setTabs E:\wamp\www\test\trunk\source\Application\Runtime\Cache\Stock\a86bf417a11fef5a67d42bef67498f3d.php 141
2018-02-03 14:12:47	PHP Error Severity: 8 --> Undefined index: warehouse_id E:\wamp\www\test\trunk\source\Application\Setting\Model\EmployeeRightsModel.class.php 255
2018-02-03 14:12:47	PHP Error Severity: 8 --> Undefined index: warehouse_id E:\wamp\www\test\trunk\source\Application\Setting\Model\EmployeeRightsModel.class.php 255
2018-02-03 14:18:45	PHP Error Severity: 8 --> Undefined variable: salesstockout_status E:\wamp\www\test\trunk\source\Application\Stock\Field\StockSalesPrintField.class.php 87
2018-02-03 14:18:59	PHP Error Severity: 8 --> Undefined index: style E:\wamp\www\test\trunk\source\Application\Runtime\Cache\Stock\6b6171510665978528538d42e5d05edc.php 27
2018-02-03 14:21:05	PHP Error Severity: 8 --> Undefined index: warehouse_id E:\wamp\www\test\trunk\source\Application\Setting\Model\EmployeeRightsModel.class.php 255
2018-02-03 14:21:08	PHP Error Severity: 8 --> Undefined index: warehouse_id E:\wamp\www\test\trunk\source\Application\Setting\Model\EmployeeRightsModel.class.php 255
2018-02-03 14:23:35	PHP Error Severity: 8 --> Undefined index: setTabs E:\wamp\www\test\trunk\source\Application\Runtime\Cache\Stock\a86bf417a11fef5a67d42bef67498f3d.php 141
2018-02-03 14:23:37	PHP Error Severity: 8 --> Undefined index: warehouse_id E:\wamp\www\test\trunk\source\Application\Setting\Model\EmployeeRightsModel.class.php 255
2018-02-03 14:23:37	PHP Error Severity: 8 --> Undefined index: warehouse_id E:\wamp\www\test\trunk\source\Application\Setting\Model\EmployeeRightsModel.class.php 255
2018-02-03 19:01:38	PHP Error Severity: 8 --> Undefined index: setTabs E:\wamp\www\test\trunk\source\Application\Runtime\Cache\Stock\a86bf417a11fef5a67d42bef67498f3d.php 141
2018-02-03 19:01:40	PHP Error Severity: 8 --> Undefined index: warehouse_id E:\wamp\www\test\trunk\source\Application\Setting\Model\EmployeeRightsModel.class.php 255
2018-02-03 19:01:41	PHP Error Severity: 8 --> Undefined index: warehouse_id E:\wamp\www\test\trunk\source\Application\Setting\Model\EmployeeRightsModel.class.php 255
2018-02-03 19:01:44	PHP Error Severity: 2 --> Declaration of Setting\Model\PrintTemplateModel::save($data, $update_field) should be compatible with Think\Model::save($data = '', $options = Array) E:\wamp\www\test\trunk\source\Application\Setting\Model\PrintTemplateModel.class.php 99
2018-02-03 19:01:45	PHP Error Severity: 8 --> Undefined variable: result E:\wamp\www\test\trunk\source\Application\Runtime\Cache\Stock\e12bdc3dabf33c75852ff273c342116f.php 14
2018-02-03 19:01:45	PHP Error Severity: 8 --> Undefined variable: stdTemplates E:\wamp\www\test\trunk\source\Application\Runtime\Cache\Stock\e12bdc3dabf33c75852ff273c342116f.php 32
2018-02-03 19:01:48	PHP Error Severity: 2 --> Declaration of Setting\Model\PrintTemplateModel::save($data, $update_field) should be compatible with Think\Model::save($data = '', $options = Array) E:\wamp\www\test\trunk\source\Application\Setting\Model\PrintTemplateModel.class.php 99
2018-02-03 19:01:52	PHP Error Severity: 8 --> Undefined variable: salesstockout_status E:\wamp\www\test\trunk\source\Application\Stock\Field\StockSalesPrintField.class.php 87
2018-02-03 19:01:52	PHP Error Severity: 8 --> Undefined variable: stdTemplates E:\wamp\www\test\trunk\source\Application\Runtime\Cache\Stock\e5f88d052c3101229660730aace8c649.php 80
2018-02-03 19:01:59	PHP Error Severity: 8 --> Undefined offset: 0 E:\wamp\www\test\trunk\source\ThinkPHP\Library\Think\Db\Driver.class.php 113
2018-02-03 19:01:59	PHP Error Severity: 8 --> Undefined offset: 0 E:\wamp\www\test\trunk\source\ThinkPHP\Library\Think\Db\Driver.class.php 113
2018-02-03 19:01:59	PHP Error Severity: 8 --> Undefined offset: 0 E:\wamp\www\test\trunk\source\ThinkPHP\Library\Think\Db\Driver.class.php 113
2018-02-03 19:02:06	PHP Error Severity: 8 --> Undefined offset: 0 E:\wamp\www\test\trunk\source\ThinkPHP\Library\Think\Db\Driver.class.php 113
2018-02-03 19:02:06	PHP Error Severity: 8 --> Undefined offset: 0 E:\wamp\www\test\trunk\source\ThinkPHP\Library\Think\Db\Driver.class.php 113
2018-02-03 19:02:06	PHP Error Severity: 8 --> Undefined offset: 0 E:\wamp\www\test\trunk\source\ThinkPHP\Library\Think\Db\Driver.class.php 113
2018-02-03 19:02:16	PHP Error Severity: 8 --> Undefined index: warehouse_id E:\wamp\www\test\trunk\source\Application\Setting\Model\EmployeeRightsModel.class.php 255
2018-02-03 19:02:26	PHP Error Severity: 8 --> Undefined index: warehouse_id E:\wamp\www\test\trunk\source\Application\Setting\Model\EmployeeRightsModel.class.php 255
2018-02-03 19:02:35	PHP Error Severity: 8 --> Undefined variable: salesstockout_status E:\wamp\www\test\trunk\source\Application\Stock\Field\StockSalesPrintField.class.php 87
2018-02-03 19:02:35	PHP Error Severity: 8 --> Undefined index: style E:\wamp\www\test\trunk\source\Application\Runtime\Cache\Stock\73efedff521dd12c426b135bf4f4f55a.php 27
2018-02-03 19:02:35	PHP Error Severity: 8 --> Undefined index: add E:\wamp\www\test\trunk\source\Application\Runtime\Cache\Stock\73efedff521dd12c426b135bf4f4f55a.php 33
2018-02-03 19:02:35	PHP Error Severity: 8 --> Undefined index: edit E:\wamp\www\test\trunk\source\Application\Runtime\Cache\Stock\73efedff521dd12c426b135bf4f4f55a.php 33
2018-02-03 19:02:38	PHP Error Severity: 8 --> Undefined index: style E:\wamp\www\test\trunk\source\Application\Runtime\Cache\Stock\b613c06c802a435344f3574bf9b9874b.php 27
2018-02-03 19:02:53	PHP Error Severity: 8 --> Undefined offset: 0 E:\wamp\www\test\trunk\source\ThinkPHP\Library\Think\Db\Driver.class.php 113
2018-02-03 19:02:53	PHP Error Severity: 8 --> Undefined offset: 0 E:\wamp\www\test\trunk\source\ThinkPHP\Library\Think\Db\Driver.class.php 113
2018-02-03 19:02:53	PHP Error Severity: 8 --> Undefined offset: 0 E:\wamp\www\test\trunk\source\ThinkPHP\Library\Think\Db\Driver.class.php 113
2018-02-03 19:02:55	PHP Error Severity: 8 --> Undefined offset: 0 E:\wamp\www\test\trunk\source\ThinkPHP\Library\Think\Db\Driver.class.php 113
2018-02-03 19:02:55	PHP Error Severity: 8 --> Undefined offset: 0 E:\wamp\www\test\trunk\source\ThinkPHP\Library\Think\Db\Driver.class.php 113
2018-02-03 19:02:55	PHP Error Severity: 8 --> Undefined offset: 0 E:\wamp\www\test\trunk\source\ThinkPHP\Library\Think\Db\Driver.class.php 113
2018-02-03 19:03:29	PHP Error Severity: 8 --> Undefined index: setTabs E:\wamp\www\test\trunk\source\Application\Runtime\Cache\Stock\a86bf417a11fef5a67d42bef67498f3d.php 141
2018-02-03 19:03:31	PHP Error Severity: 8 --> Undefined index: warehouse_id E:\wamp\www\test\trunk\source\Application\Setting\Model\EmployeeRightsModel.class.php 255
2018-02-03 19:03:31	PHP Error Severity: 8 --> Undefined index: warehouse_id E:\wamp\www\test\trunk\source\Application\Setting\Model\EmployeeRightsModel.class.php 255
