2018-01-07 10:53:19	PHP Error Severity: 8 --> Undefined index: setTabs E:\wamp\www\test\trunk\source\Application\Runtime\Cache\Stock\a86bf417a11fef5a67d42bef67498f3d.php 140
2018-01-07 10:53:20	PHP Error Severity: 8 --> Undefined index: warehouse_id E:\wamp\www\test\trunk\source\Application\Setting\Model\EmployeeRightsModel.class.php 245
2018-01-07 10:53:21	PHP Error Severity: 8 --> Undefined index: warehouse_id E:\wamp\www\test\trunk\source\Application\Setting\Model\EmployeeRightsModel.class.php 245
2018-01-07 10:54:22	PHP Error Severity: 8 --> Undefined index: shop_id E:\wamp\www\test\trunk\source\Application\Setting\Model\EmployeeRightsModel.class.php 245
2018-01-07 10:54:22	PHP Error Severity: 8 --> Undefined index: warehouse_id E:\wamp\www\test\trunk\source\Application\Setting\Model\EmployeeRightsModel.class.php 245
2018-01-07 10:54:28	PHP Error Severity: 8 --> Undefined index: shop_id E:\wamp\www\test\trunk\source\Application\Setting\Model\EmployeeRightsModel.class.php 245
2018-01-07 10:54:29	PHP Error Severity: 8 --> Undefined index: warehouse_id E:\wamp\www\test\trunk\source\Application\Setting\Model\EmployeeRightsModel.class.php 245
2018-01-07 10:54:32	PHP Error Severity: 8 --> Undefined index: shop_id E:\wamp\www\test\trunk\source\Application\Setting\Model\EmployeeRightsModel.class.php 245
2018-01-07 10:54:32	PHP Error Severity: 8 --> Undefined index: warehouse_id E:\wamp\www\test\trunk\source\Application\Setting\Model\EmployeeRightsModel.class.php 245
2018-01-07 10:54:36	PHP Error Severity: 8 --> Undefined index: shop_id E:\wamp\www\test\trunk\source\Application\Setting\Model\EmployeeRightsModel.class.php 245
2018-01-07 10:54:36	PHP Error Severity: 8 --> Undefined index: warehouse_id E:\wamp\www\test\trunk\source\Application\Setting\Model\EmployeeRightsModel.class.php 245
2018-01-07 10:54:43	PHP Error Severity: 8 --> Undefined index: shop_id E:\wamp\www\test\trunk\source\Application\Setting\Model\EmployeeRightsModel.class.php 245
2018-01-07 10:54:43	PHP Error Severity: 8 --> Undefined index: warehouse_id E:\wamp\www\test\trunk\source\Application\Setting\Model\EmployeeRightsModel.class.php 245
2018-01-07 10:55:11	PHP Error Severity: 8 --> Undefined index: shop_id E:\wamp\www\test\trunk\source\Application\Setting\Model\EmployeeRightsModel.class.php 245
2018-01-07 10:55:11	PHP Error Severity: 8 --> Undefined index: warehouse_id E:\wamp\www\test\trunk\source\Application\Setting\Model\EmployeeRightsModel.class.php 245
2018-01-07 10:55:30	PHP Error Severity: 8 --> Undefined index: shop_id E:\wamp\www\test\trunk\source\Application\Setting\Model\EmployeeRightsModel.class.php 245
2018-01-07 10:55:30	PHP Error Severity: 8 --> Undefined index: warehouse_id E:\wamp\www\test\trunk\source\Application\Setting\Model\EmployeeRightsModel.class.php 245
2018-01-07 11:32:34	PHP Error Severity: 8 --> Undefined index: setTabs E:\wamp\www\test\trunk\source\Application\Runtime\Cache\Stock\a86bf417a11fef5a67d42bef67498f3d.php 140
2018-01-07 11:32:36	PHP Error Severity: 8 --> Undefined index: warehouse_id E:\wamp\www\test\trunk\source\Application\Setting\Model\EmployeeRightsModel.class.php 245
2018-01-07 11:32:37	PHP Error Severity: 8 --> Undefined index: warehouse_id E:\wamp\www\test\trunk\source\Application\Setting\Model\EmployeeRightsModel.class.php 245
2018-01-07 11:33:13	PHP Error Severity: 8 --> Undefined index: setTabs E:\wamp\www\test\trunk\source\Application\Runtime\Cache\Stock\a86bf417a11fef5a67d42bef67498f3d.php 140
2018-01-07 11:33:15	PHP Error Severity: 8 --> Undefined index: warehouse_id E:\wamp\www\test\trunk\source\Application\Setting\Model\EmployeeRightsModel.class.php 245
2018-01-07 11:33:16	PHP Error Severity: 8 --> Undefined index: warehouse_id E:\wamp\www\test\trunk\source\Application\Setting\Model\EmployeeRightsModel.class.php 245
2018-01-07 11:33:20	PHP Error Severity: 8 --> Undefined variable: salesstockout_status E:\wamp\www\test\trunk\source\Application\Stock\Field\StockSalesPrintField.class.php 87
2018-01-07 11:33:21	PHP Error Severity: 8 --> Undefined index: style E:\wamp\www\test\trunk\source\Application\Runtime\Cache\Stock\73efedff521dd12c426b135bf4f4f55a.php 27
2018-01-07 11:33:21	PHP Error Severity: 8 --> Undefined index: add E:\wamp\www\test\trunk\source\Application\Runtime\Cache\Stock\73efedff521dd12c426b135bf4f4f55a.php 33
2018-01-07 11:33:21	PHP Error Severity: 8 --> Undefined index: edit E:\wamp\www\test\trunk\source\Application\Runtime\Cache\Stock\73efedff521dd12c426b135bf4f4f55a.php 33
2018-01-07 11:33:24	PHP Error Severity: 8 --> Undefined index: style E:\wamp\www\test\trunk\source\Application\Runtime\Cache\Stock\b613c06c802a435344f3574bf9b9874b.php 27
2018-01-07 13:07:17	PHP Error Severity: 8 --> Undefined index: style E:\wamp\www\test\trunk\source\Application\Runtime\Cache\Stock\6b6171510665978528538d42e5d05edc.php 27
2018-01-07 15:45:17	PHP Error Severity: 8 --> Undefined index: setTabs E:\wamp\www\test\trunk\source\Application\Runtime\Cache\Stock\a86bf417a11fef5a67d42bef67498f3d.php 140
2018-01-07 15:45:19	PHP Error Severity: 8 --> Undefined index: warehouse_id E:\wamp\www\test\trunk\source\Application\Setting\Model\EmployeeRightsModel.class.php 245
2018-01-07 15:45:19	PHP Error Severity: 8 --> Undefined index: warehouse_id E:\wamp\www\test\trunk\source\Application\Setting\Model\EmployeeRightsModel.class.php 245
2018-01-07 15:45:23	PHP Error Severity: 8 --> Undefined variable: salesstockout_status E:\wamp\www\test\trunk\source\Application\Stock\Field\StockSalesPrintField.class.php 87
2018-01-07 19:29:30	PHP Error Severity: 2 --> Declaration of Setting\Model\PrintTemplateModel::save($data, $update_field) should be compatible with Think\Model::save($data = '', $options = Array) E:\wamp\www\test\trunk\source\Application\Setting\Model\PrintTemplateModel.class.php 99
2018-01-07 19:30:16	PHP Error Severity: 2 --> Missing argument 4 for Stock\Model\StockOutOrderModel::newUpdatePrintLog(), called in E:\wamp\www\test\trunk\source\Application\Stock\Controller\StockSalesPrintController.class.php on line 1625 and defined E:\wamp\www\test\trunk\source\Application\Stock\Model\StockOutOrderModel.class.php 3103
2018-01-07 19:30:47	PHP Error Severity: 2 --> Missing argument 4 for Stock\Model\StockOutOrderModel::newUpdatePrintLog(), called in E:\wamp\www\test\trunk\source\Application\Stock\Controller\StockSalesPrintController.class.php on line 1625 and defined E:\wamp\www\test\trunk\source\Application\Stock\Model\StockOutOrderModel.class.php 3103
2018-01-07 19:31:07	PHP Error Severity: 2 --> Missing argument 4 for Stock\Model\StockOutOrderModel::newUpdatePrintLog(), called in E:\wamp\www\test\trunk\source\Application\Stock\Controller\StockSalesPrintController.class.php on line 1625 and defined E:\wamp\www\test\trunk\source\Application\Stock\Model\StockOutOrderModel.class.php 3103
2018-01-07 21:31:27	PHP Error Severity: 2 --> Declaration of Setting\Model\PrintTemplateModel::save($data, $update_field) should be compatible with Think\Model::save($data = '', $options = Array) E:\wamp\www\test\trunk\source\Application\Setting\Model\PrintTemplateModel.class.php 99
2018-01-07 21:32:47	PHP Error Severity: 2 --> Declaration of Setting\Model\PrintTemplateModel::save($data, $update_field) should be compatible with Think\Model::save($data = '', $options = Array) E:\wamp\www\test\trunk\source\Application\Setting\Model\PrintTemplateModel.class.php 99
2018-01-07 21:37:51	PHP Error Severity: 2 --> Declaration of Setting\Model\PrintTemplateModel::save($data, $update_field) should be compatible with Think\Model::save($data = '', $options = Array) E:\wamp\www\test\trunk\source\Application\Setting\Model\PrintTemplateModel.class.php 99
2018-01-07 21:37:54	PHP Error Severity: 2 --> Declaration of Setting\Model\PrintTemplateModel::save($data, $update_field) should be compatible with Think\Model::save($data = '', $options = Array) E:\wamp\www\test\trunk\source\Application\Setting\Model\PrintTemplateModel.class.php 99
2018-01-07 21:38:44	PHP Error Severity: 2 --> Declaration of Setting\Model\PrintTemplateModel::save($data, $update_field) should be compatible with Think\Model::save($data = '', $options = Array) E:\wamp\www\test\trunk\source\Application\Setting\Model\PrintTemplateModel.class.php 99
2018-01-07 21:38:57	PHP Error Severity: 2 --> Declaration of Setting\Model\PrintTemplateModel::save($data, $update_field) should be compatible with Think\Model::save($data = '', $options = Array) E:\wamp\www\test\trunk\source\Application\Setting\Model\PrintTemplateModel.class.php 99
2018-01-07 21:39:10	PHP Error Severity: 2 --> Declaration of Setting\Model\PrintTemplateModel::save($data, $update_field) should be compatible with Think\Model::save($data = '', $options = Array) E:\wamp\www\test\trunk\source\Application\Setting\Model\PrintTemplateModel.class.php 99
2018-01-07 21:39:17	PHP Error Severity: 2 --> Declaration of Setting\Model\PrintTemplateModel::save($data, $update_field) should be compatible with Think\Model::save($data = '', $options = Array) E:\wamp\www\test\trunk\source\Application\Setting\Model\PrintTemplateModel.class.php 99
2018-01-07 21:42:21	PHP Error Severity: 2 --> Declaration of Setting\Model\PrintTemplateModel::save($data, $update_field) should be compatible with Think\Model::save($data = '', $options = Array) E:\wamp\www\test\trunk\source\Application\Setting\Model\PrintTemplateModel.class.php 99
2018-01-07 21:42:33	PHP Error Severity: 2 --> Declaration of Setting\Model\PrintTemplateModel::save($data, $update_field) should be compatible with Think\Model::save($data = '', $options = Array) E:\wamp\www\test\trunk\source\Application\Setting\Model\PrintTemplateModel.class.php 99
2018-01-07 21:43:06	PHP Error Severity: 2 --> Declaration of Setting\Model\PrintTemplateModel::save($data, $update_field) should be compatible with Think\Model::save($data = '', $options = Array) E:\wamp\www\test\trunk\source\Application\Setting\Model\PrintTemplateModel.class.php 99
2018-01-07 21:43:09	PHP Error Severity: 2 --> Declaration of Setting\Model\PrintTemplateModel::save($data, $update_field) should be compatible with Think\Model::save($data = '', $options = Array) E:\wamp\www\test\trunk\source\Application\Setting\Model\PrintTemplateModel.class.php 99
2018-01-07 21:43:58	PHP Error Severity: 2 --> Declaration of Setting\Model\PrintTemplateModel::save($data, $update_field) should be compatible with Think\Model::save($data = '', $options = Array) E:\wamp\www\test\trunk\source\Application\Setting\Model\PrintTemplateModel.class.php 99
2018-01-07 21:44:16	PHP Error Severity: 2 --> Declaration of Setting\Model\PrintTemplateModel::save($data, $update_field) should be compatible with Think\Model::save($data = '', $options = Array) E:\wamp\www\test\trunk\source\Application\Setting\Model\PrintTemplateModel.class.php 99
2018-01-07 21:44:45	PHP Error Severity: 2 --> Declaration of Setting\Model\PrintTemplateModel::save($data, $update_field) should be compatible with Think\Model::save($data = '', $options = Array) E:\wamp\www\test\trunk\source\Application\Setting\Model\PrintTemplateModel.class.php 99
2018-01-07 21:45:07	PHP Error Severity: 2 --> Declaration of Setting\Model\PrintTemplateModel::save($data, $update_field) should be compatible with Think\Model::save($data = '', $options = Array) E:\wamp\www\test\trunk\source\Application\Setting\Model\PrintTemplateModel.class.php 99
2018-01-07 21:45:27	PHP Error Severity: 2 --> Declaration of Setting\Model\PrintTemplateModel::save($data, $update_field) should be compatible with Think\Model::save($data = '', $options = Array) E:\wamp\www\test\trunk\source\Application\Setting\Model\PrintTemplateModel.class.php 99
2018-01-07 21:47:05	PHP Error Severity: 2 --> Declaration of Setting\Model\PrintTemplateModel::save($data, $update_field) should be compatible with Think\Model::save($data = '', $options = Array) E:\wamp\www\test\trunk\source\Application\Setting\Model\PrintTemplateModel.class.php 99
2018-01-07 21:47:19	PHP Error Severity: 2 --> Declaration of Setting\Model\PrintTemplateModel::save($data, $update_field) should be compatible with Think\Model::save($data = '', $options = Array) E:\wamp\www\test\trunk\source\Application\Setting\Model\PrintTemplateModel.class.php 99
2018-01-07 21:47:32	PHP Error Severity: 2 --> Declaration of Setting\Model\PrintTemplateModel::save($data, $update_field) should be compatible with Think\Model::save($data = '', $options = Array) E:\wamp\www\test\trunk\source\Application\Setting\Model\PrintTemplateModel.class.php 99
2018-01-07 21:47:32	PHP Error Severity: 8 --> Undefined variable: result E:\wamp\www\test\trunk\source\Application\Runtime\Cache\Stock\e12bdc3dabf33c75852ff273c342116f.php 14
2018-01-07 21:47:54	PHP Error Severity: 2 --> Declaration of Setting\Model\PrintTemplateModel::save($data, $update_field) should be compatible with Think\Model::save($data = '', $options = Array) E:\wamp\www\test\trunk\source\Application\Setting\Model\PrintTemplateModel.class.php 99
2018-01-07 21:47:54	PHP Error Severity: 2 --> Invalid argument supplied for foreach() E:\wamp\www\test\trunk\source\Application\Platform\Manager\Manager.class.php 15
2018-01-07 21:47:55	["2018-01-07 21:47:55","{\"error_response\":{\"code\":27,\"msg\":\"Invalid session\",\"sub_code\":\"invalid-sessionkey\",\"sub_msg\":\"\u975e\u6cd5\u6216\u8fc7\u671f\u7684SessionKey\u53c2\u6570\uff0c\u8bf7\u4f7f\u7528\u6709\u6548\u7684SessionKey\u53c2\u6570\",\"request_id\":\"d457w2dq70dq\"}}"]
2018-01-07 21:47:55	TOP_ERROR 27 非法或过期的SessionKey参数，请使用有效的SessionKey参数 #invalid-sessionkey
2018-01-07 21:47:55	ERROR topErrorTest 27 非法或过期的SessionKey参数，请使用有效的SessionKey参数 #invalid-sessionkey
2018-01-07 21:47:55	PHP Error Severity: 8 --> Undefined variable: result E:\wamp\www\test\trunk\source\Application\Runtime\Cache\Stock\e12bdc3dabf33c75852ff273c342116f.php 14
2018-01-07 21:53:27	PHP Error Severity: 2 --> Declaration of Setting\Model\PrintTemplateModel::save($data, $update_field) should be compatible with Think\Model::save($data = '', $options = Array) E:\wamp\www\test\trunk\source\Application\Setting\Model\PrintTemplateModel.class.php 99
2018-01-07 21:53:27	PHP Error Severity: 8 --> Undefined variable: result E:\wamp\www\test\trunk\source\Application\Runtime\Cache\Stock\e12bdc3dabf33c75852ff273c342116f.php 14
2018-01-07 21:53:38	PHP Error Severity: 2 --> Declaration of Setting\Model\PrintTemplateModel::save($data, $update_field) should be compatible with Think\Model::save($data = '', $options = Array) E:\wamp\www\test\trunk\source\Application\Setting\Model\PrintTemplateModel.class.php 99
2018-01-07 21:53:38	PHP Error Severity: 2 --> Invalid argument supplied for foreach() E:\wamp\www\test\trunk\source\Application\Platform\Manager\Manager.class.php 15
2018-01-07 21:53:39	PHP Error Severity: 8 --> Undefined variable: result E:\wamp\www\test\trunk\source\Application\Runtime\Cache\Stock\e12bdc3dabf33c75852ff273c342116f.php 14
2018-01-07 22:02:06	PHP Error Severity: 2 --> Invalid argument supplied for foreach() E:\wamp\www\test\trunk\source\Application\Platform\Manager\Manager.class.php 15
2018-01-07 22:02:06	PHP Error Severity: 8 --> Undefined index: name E:\wamp\www\test\trunk\source\Application\Platform\WayBill\newtop.php 1315
2018-01-07 22:02:06	PHP Error Severity: 8 --> Undefined index: name E:\wamp\www\test\trunk\source\Application\Platform\WayBill\newtop.php 1317
2018-01-07 22:02:06	PHP Error Severity: 8 --> Undefined offset: 0 E:\wamp\www\test\trunk\source\ThinkPHP\Library\Think\Db\Driver.class.php 792
2018-01-07 22:02:07	PHP Error Severity: 2 --> Invalid argument supplied for foreach() E:\wamp\www\test\trunk\source\Application\Platform\WayBill\util.php 30
2018-01-07 22:02:07	PHP Error Severity: 2 --> Invalid argument supplied for foreach() E:\wamp\www\test\trunk\source\Application\Platform\WayBill\util.php 40
2018-01-07 22:02:07	PHP Error Severity: 8 --> Undefined index: shop_id E:\wamp\www\test\trunk\source\Application\Setting\Model\EmployeeRightsModel.class.php 245
2018-01-07 22:02:07	PHP Error Severity: 8 --> Undefined index: warehouse_id E:\wamp\www\test\trunk\source\Application\Setting\Model\EmployeeRightsModel.class.php 245
2018-01-07 22:45:16	PHP Error Severity: 2 --> Invalid argument supplied for foreach() E:\wamp\www\test\trunk\source\Application\Platform\Manager\Manager.class.php 15
2018-01-07 22:45:16	PHP Error Severity: 8 --> Undefined index: name E:\wamp\www\test\trunk\source\Application\Platform\WayBill\newtop.php 1315
2018-01-07 22:45:16	PHP Error Severity: 8 --> Undefined index: name E:\wamp\www\test\trunk\source\Application\Platform\WayBill\newtop.php 1317
2018-01-07 22:45:17	PHP Error Severity: 8 --> Undefined offset: 0 E:\wamp\www\test\trunk\source\ThinkPHP\Library\Think\Db\Driver.class.php 792
2018-01-07 22:45:17	PHP Error Severity: 2 --> Invalid argument supplied for foreach() E:\wamp\www\test\trunk\source\Application\Platform\WayBill\util.php 30
2018-01-07 22:45:17	PHP Error Severity: 2 --> Invalid argument supplied for foreach() E:\wamp\www\test\trunk\source\Application\Platform\WayBill\util.php 40
2018-01-07 22:45:17	PHP Error Severity: 8 --> Undefined index: shop_id E:\wamp\www\test\trunk\source\Application\Setting\Model\EmployeeRightsModel.class.php 245
2018-01-07 22:45:17	PHP Error Severity: 8 --> Undefined index: warehouse_id E:\wamp\www\test\trunk\source\Application\Setting\Model\EmployeeRightsModel.class.php 245
2018-01-07 22:45:36	PHP Error Severity: 2 --> Invalid argument supplied for foreach() E:\wamp\www\test\trunk\source\Application\Platform\Manager\Manager.class.php 15
2018-01-07 22:45:37	PHP Error Severity: 8 --> Undefined index: name E:\wamp\www\test\trunk\source\Application\Platform\WayBill\newtop.php 1315
2018-01-07 22:45:37	PHP Error Severity: 8 --> Undefined index: name E:\wamp\www\test\trunk\source\Application\Platform\WayBill\newtop.php 1317
2018-01-07 22:45:37	PHP Error Severity: 8 --> Undefined offset: 0 E:\wamp\www\test\trunk\source\ThinkPHP\Library\Think\Db\Driver.class.php 792
2018-01-07 22:45:37	PHP Error Severity: 2 --> Invalid argument supplied for foreach() E:\wamp\www\test\trunk\source\Application\Platform\WayBill\util.php 30
2018-01-07 22:45:37	PHP Error Severity: 2 --> Invalid argument supplied for foreach() E:\wamp\www\test\trunk\source\Application\Platform\WayBill\util.php 40
2018-01-07 22:45:37	PHP Error Severity: 8 --> Undefined index: shop_id E:\wamp\www\test\trunk\source\Application\Setting\Model\EmployeeRightsModel.class.php 245
2018-01-07 22:45:37	PHP Error Severity: 8 --> Undefined index: warehouse_id E:\wamp\www\test\trunk\source\Application\Setting\Model\EmployeeRightsModel.class.php 245
2018-01-07 22:46:53	PHP Error Severity: 2 --> Invalid argument supplied for foreach() E:\wamp\www\test\trunk\source\Application\Platform\Manager\Manager.class.php 15
2018-01-07 22:46:54	PHP Error Severity: 8 --> Undefined index: name E:\wamp\www\test\trunk\source\Application\Platform\WayBill\newtop.php 1315
2018-01-07 22:46:54	PHP Error Severity: 8 --> Undefined index: name E:\wamp\www\test\trunk\source\Application\Platform\WayBill\newtop.php 1317
2018-01-07 22:46:54	PHP Error Severity: 8 --> Undefined offset: 0 E:\wamp\www\test\trunk\source\ThinkPHP\Library\Think\Db\Driver.class.php 792
2018-01-07 22:46:54	PHP Error Severity: 2 --> Invalid argument supplied for foreach() E:\wamp\www\test\trunk\source\Application\Platform\WayBill\util.php 30
2018-01-07 22:46:54	PHP Error Severity: 2 --> Invalid argument supplied for foreach() E:\wamp\www\test\trunk\source\Application\Platform\WayBill\util.php 40
2018-01-07 22:46:54	PHP Error Severity: 8 --> Undefined index: shop_id E:\wamp\www\test\trunk\source\Application\Setting\Model\EmployeeRightsModel.class.php 245
2018-01-07 22:46:54	PHP Error Severity: 8 --> Undefined index: warehouse_id E:\wamp\www\test\trunk\source\Application\Setting\Model\EmployeeRightsModel.class.php 245
2018-01-07 22:47:50	PHP Error Severity: 2 --> Invalid argument supplied for foreach() E:\wamp\www\test\trunk\source\Application\Platform\Manager\Manager.class.php 15
2018-01-07 22:47:51	PHP Error Severity: 8 --> Undefined index: name E:\wamp\www\test\trunk\source\Application\Platform\WayBill\newtop.php 1315
2018-01-07 22:47:51	PHP Error Severity: 8 --> Undefined index: name E:\wamp\www\test\trunk\source\Application\Platform\WayBill\newtop.php 1317
2018-01-07 22:47:51	PHP Error Severity: 8 --> Undefined offset: 0 E:\wamp\www\test\trunk\source\ThinkPHP\Library\Think\Db\Driver.class.php 792
2018-01-07 22:47:51	PHP Error Severity: 2 --> Invalid argument supplied for foreach() E:\wamp\www\test\trunk\source\Application\Platform\WayBill\util.php 30
2018-01-07 22:47:51	PHP Error Severity: 2 --> Invalid argument supplied for foreach() E:\wamp\www\test\trunk\source\Application\Platform\WayBill\util.php 40
2018-01-07 22:47:51	PHP Error Severity: 8 --> Undefined index: shop_id E:\wamp\www\test\trunk\source\Application\Setting\Model\EmployeeRightsModel.class.php 245
2018-01-07 22:47:51	PHP Error Severity: 8 --> Undefined index: warehouse_id E:\wamp\www\test\trunk\source\Application\Setting\Model\EmployeeRightsModel.class.php 245
2018-01-07 22:50:18	PHP Error Severity: 2 --> Invalid argument supplied for foreach() E:\wamp\www\test\trunk\source\Application\Platform\Manager\Manager.class.php 15
2018-01-07 22:50:19	PHP Error Severity: 8 --> Undefined index: name E:\wamp\www\test\trunk\source\Application\Platform\WayBill\newtop.php 1315
2018-01-07 22:50:19	PHP Error Severity: 8 --> Undefined index: name E:\wamp\www\test\trunk\source\Application\Platform\WayBill\newtop.php 1317
2018-01-07 22:50:19	PHP Error Severity: 8 --> Undefined offset: 0 E:\wamp\www\test\trunk\source\ThinkPHP\Library\Think\Db\Driver.class.php 792
2018-01-07 22:50:19	PHP Error Severity: 2 --> Invalid argument supplied for foreach() E:\wamp\www\test\trunk\source\Application\Platform\WayBill\util.php 30
2018-01-07 22:50:19	PHP Error Severity: 2 --> Invalid argument supplied for foreach() E:\wamp\www\test\trunk\source\Application\Platform\WayBill\util.php 40
2018-01-07 22:50:19	PHP Error Severity: 8 --> Undefined index: shop_id E:\wamp\www\test\trunk\source\Application\Setting\Model\EmployeeRightsModel.class.php 245
2018-01-07 22:50:19	PHP Error Severity: 8 --> Undefined index: warehouse_id E:\wamp\www\test\trunk\source\Application\Setting\Model\EmployeeRightsModel.class.php 245
2018-01-07 22:50:50	PHP Error Severity: 2 --> Invalid argument supplied for foreach() E:\wamp\www\test\trunk\source\Application\Platform\Manager\Manager.class.php 15
2018-01-07 22:50:51	PHP Error Severity: 8 --> Undefined index: name E:\wamp\www\test\trunk\source\Application\Platform\WayBill\newtop.php 1315
2018-01-07 22:50:51	PHP Error Severity: 8 --> Undefined index: name E:\wamp\www\test\trunk\source\Application\Platform\WayBill\newtop.php 1317
2018-01-07 22:50:51	PHP Error Severity: 8 --> Undefined offset: 0 E:\wamp\www\test\trunk\source\ThinkPHP\Library\Think\Db\Driver.class.php 792
2018-01-07 22:50:51	PHP Error Severity: 2 --> Invalid argument supplied for foreach() E:\wamp\www\test\trunk\source\Application\Platform\WayBill\util.php 30
2018-01-07 22:50:51	PHP Error Severity: 2 --> Invalid argument supplied for foreach() E:\wamp\www\test\trunk\source\Application\Platform\WayBill\util.php 40
2018-01-07 22:50:51	PHP Error Severity: 8 --> Undefined index: shop_id E:\wamp\www\test\trunk\source\Application\Setting\Model\EmployeeRightsModel.class.php 245
2018-01-07 22:50:51	PHP Error Severity: 8 --> Undefined index: warehouse_id E:\wamp\www\test\trunk\source\Application\Setting\Model\EmployeeRightsModel.class.php 245
2018-01-07 22:55:15	PHP Error Severity: 2 --> Invalid argument supplied for foreach() E:\wamp\www\test\trunk\source\Application\Platform\Manager\Manager.class.php 15
2018-01-07 22:55:16	PHP Error Severity: 8 --> Undefined index: name E:\wamp\www\test\trunk\source\Application\Platform\WayBill\newtop.php 1315
2018-01-07 22:55:16	PHP Error Severity: 8 --> Undefined index: name E:\wamp\www\test\trunk\source\Application\Platform\WayBill\newtop.php 1317
2018-01-07 22:55:16	PHP Error Severity: 8 --> Undefined offset: 0 E:\wamp\www\test\trunk\source\ThinkPHP\Library\Think\Db\Driver.class.php 792
2018-01-07 22:55:16	PHP Error Severity: 2 --> Invalid argument supplied for foreach() E:\wamp\www\test\trunk\source\Application\Platform\WayBill\util.php 30
2018-01-07 22:55:16	PHP Error Severity: 2 --> Invalid argument supplied for foreach() E:\wamp\www\test\trunk\source\Application\Platform\WayBill\util.php 40
2018-01-07 22:55:16	PHP Error Severity: 8 --> Undefined index: shop_id E:\wamp\www\test\trunk\source\Application\Setting\Model\EmployeeRightsModel.class.php 245
2018-01-07 22:55:16	PHP Error Severity: 8 --> Undefined index: warehouse_id E:\wamp\www\test\trunk\source\Application\Setting\Model\EmployeeRightsModel.class.php 245
2018-01-07 22:56:28	PHP Error Severity: 2 --> Invalid argument supplied for foreach() E:\wamp\www\test\trunk\source\Application\Platform\Manager\Manager.class.php 15
2018-01-07 22:56:28	PHP Error Severity: 8 --> Undefined index: name E:\wamp\www\test\trunk\source\Application\Platform\WayBill\newtop.php 1315
2018-01-07 22:56:28	PHP Error Severity: 8 --> Undefined index: name E:\wamp\www\test\trunk\source\Application\Platform\WayBill\newtop.php 1317
2018-01-07 22:56:28	PHP Error Severity: 8 --> Undefined offset: 0 E:\wamp\www\test\trunk\source\ThinkPHP\Library\Think\Db\Driver.class.php 792
2018-01-07 22:56:28	PHP Error Severity: 2 --> Invalid argument supplied for foreach() E:\wamp\www\test\trunk\source\Application\Platform\WayBill\util.php 30
2018-01-07 22:56:28	PHP Error Severity: 2 --> Invalid argument supplied for foreach() E:\wamp\www\test\trunk\source\Application\Platform\WayBill\util.php 40
2018-01-07 22:56:28	PHP Error Severity: 8 --> Undefined index: shop_id E:\wamp\www\test\trunk\source\Application\Setting\Model\EmployeeRightsModel.class.php 245
2018-01-07 22:56:28	PHP Error Severity: 8 --> Undefined index: warehouse_id E:\wamp\www\test\trunk\source\Application\Setting\Model\EmployeeRightsModel.class.php 245
2018-01-07 22:57:06	PHP Error Severity: 2 --> Invalid argument supplied for foreach() E:\wamp\www\test\trunk\source\Application\Platform\Manager\Manager.class.php 15
2018-01-07 22:57:06	PHP Error Severity: 8 --> Undefined index: name E:\wamp\www\test\trunk\source\Application\Platform\WayBill\newtop.php 1315
2018-01-07 22:57:06	PHP Error Severity: 8 --> Undefined index: name E:\wamp\www\test\trunk\source\Application\Platform\WayBill\newtop.php 1317
2018-01-07 22:57:07	PHP Error Severity: 8 --> Undefined offset: 0 E:\wamp\www\test\trunk\source\ThinkPHP\Library\Think\Db\Driver.class.php 792
2018-01-07 22:57:07	PHP Error Severity: 2 --> Invalid argument supplied for foreach() E:\wamp\www\test\trunk\source\Application\Platform\WayBill\util.php 30
2018-01-07 22:57:07	PHP Error Severity: 2 --> Invalid argument supplied for foreach() E:\wamp\www\test\trunk\source\Application\Platform\WayBill\util.php 40
2018-01-07 22:57:07	PHP Error Severity: 8 --> Undefined index: shop_id E:\wamp\www\test\trunk\source\Application\Setting\Model\EmployeeRightsModel.class.php 245
2018-01-07 22:57:07	PHP Error Severity: 8 --> Undefined index: warehouse_id E:\wamp\www\test\trunk\source\Application\Setting\Model\EmployeeRightsModel.class.php 245
2018-01-07 23:00:43	PHP Error Severity: 2 --> Invalid argument supplied for foreach() E:\wamp\www\test\trunk\source\Application\Platform\Manager\Manager.class.php 15
2018-01-07 23:00:43	PHP Error Severity: 8 --> Undefined index: name E:\wamp\www\test\trunk\source\Application\Platform\WayBill\newtop.php 1315
2018-01-07 23:00:43	PHP Error Severity: 8 --> Undefined index: name E:\wamp\www\test\trunk\source\Application\Platform\WayBill\newtop.php 1317
2018-01-07 23:00:43	PHP Error Severity: 8 --> Undefined offset: 0 E:\wamp\www\test\trunk\source\ThinkPHP\Library\Think\Db\Driver.class.php 792
2018-01-07 23:00:43	PHP Error Severity: 2 --> Invalid argument supplied for foreach() E:\wamp\www\test\trunk\source\Application\Platform\WayBill\util.php 30
2018-01-07 23:00:43	PHP Error Severity: 2 --> Invalid argument supplied for foreach() E:\wamp\www\test\trunk\source\Application\Platform\WayBill\util.php 40
2018-01-07 23:00:43	PHP Error Severity: 8 --> Undefined index: shop_id E:\wamp\www\test\trunk\source\Application\Setting\Model\EmployeeRightsModel.class.php 245
2018-01-07 23:00:43	PHP Error Severity: 8 --> Undefined index: warehouse_id E:\wamp\www\test\trunk\source\Application\Setting\Model\EmployeeRightsModel.class.php 245
2018-01-07 23:01:11	PHP Error Severity: 2 --> Invalid argument supplied for foreach() E:\wamp\www\test\trunk\source\Application\Platform\Manager\Manager.class.php 15
2018-01-07 23:01:11	PHP Error Severity: 8 --> Undefined index: name E:\wamp\www\test\trunk\source\Application\Platform\WayBill\newtop.php 1315
2018-01-07 23:01:11	PHP Error Severity: 8 --> Undefined index: name E:\wamp\www\test\trunk\source\Application\Platform\WayBill\newtop.php 1317
2018-01-07 23:01:11	PHP Error Severity: 8 --> Undefined offset: 0 E:\wamp\www\test\trunk\source\ThinkPHP\Library\Think\Db\Driver.class.php 792
2018-01-07 23:01:11	PHP Error Severity: 2 --> Invalid argument supplied for foreach() E:\wamp\www\test\trunk\source\Application\Platform\WayBill\util.php 30
2018-01-07 23:01:11	PHP Error Severity: 2 --> Invalid argument supplied for foreach() E:\wamp\www\test\trunk\source\Application\Platform\WayBill\util.php 40
2018-01-07 23:01:12	PHP Error Severity: 8 --> Undefined index: shop_id E:\wamp\www\test\trunk\source\Application\Setting\Model\EmployeeRightsModel.class.php 245
2018-01-07 23:01:12	PHP Error Severity: 8 --> Undefined index: warehouse_id E:\wamp\www\test\trunk\source\Application\Setting\Model\EmployeeRightsModel.class.php 245
2018-01-07 23:04:59	PHP Error Severity: 2 --> Invalid argument supplied for foreach() E:\wamp\www\test\trunk\source\Application\Platform\Manager\Manager.class.php 15
2018-01-07 23:04:59	PHP Error Severity: 8 --> Undefined index: name E:\wamp\www\test\trunk\source\Application\Platform\WayBill\newtop.php 1315
2018-01-07 23:04:59	PHP Error Severity: 8 --> Undefined index: name E:\wamp\www\test\trunk\source\Application\Platform\WayBill\newtop.php 1317
2018-01-07 23:04:59	PHP Error Severity: 8 --> Undefined offset: 0 E:\wamp\www\test\trunk\source\ThinkPHP\Library\Think\Db\Driver.class.php 792
2018-01-07 23:04:59	PHP Error Severity: 2 --> Invalid argument supplied for foreach() E:\wamp\www\test\trunk\source\Application\Platform\WayBill\util.php 30
2018-01-07 23:04:59	PHP Error Severity: 2 --> Invalid argument supplied for foreach() E:\wamp\www\test\trunk\source\Application\Platform\WayBill\util.php 40
2018-01-07 23:04:59	PHP Error Severity: 8 --> Undefined index: shop_id E:\wamp\www\test\trunk\source\Application\Setting\Model\EmployeeRightsModel.class.php 245
2018-01-07 23:04:59	PHP Error Severity: 8 --> Undefined index: warehouse_id E:\wamp\www\test\trunk\source\Application\Setting\Model\EmployeeRightsModel.class.php 245
2018-01-07 23:09:45	PHP Error Severity: 2 --> Invalid argument supplied for foreach() E:\wamp\www\test\trunk\source\Application\Platform\Manager\Manager.class.php 15
2018-01-07 23:09:45	PHP Error Severity: 8 --> Undefined index: name E:\wamp\www\test\trunk\source\Application\Platform\WayBill\newtop.php 1315
2018-01-07 23:09:45	PHP Error Severity: 8 --> Undefined index: name E:\wamp\www\test\trunk\source\Application\Platform\WayBill\newtop.php 1317
2018-01-07 23:09:45	PHP Error Severity: 8 --> Undefined offset: 0 E:\wamp\www\test\trunk\source\ThinkPHP\Library\Think\Db\Driver.class.php 792
2018-01-07 23:09:45	PHP Error Severity: 2 --> Invalid argument supplied for foreach() E:\wamp\www\test\trunk\source\Application\Platform\WayBill\util.php 30
2018-01-07 23:09:45	PHP Error Severity: 2 --> Invalid argument supplied for foreach() E:\wamp\www\test\trunk\source\Application\Platform\WayBill\util.php 40
2018-01-07 23:09:45	PHP Error Severity: 8 --> Undefined index: shop_id E:\wamp\www\test\trunk\source\Application\Setting\Model\EmployeeRightsModel.class.php 245
2018-01-07 23:09:45	PHP Error Severity: 8 --> Undefined index: warehouse_id E:\wamp\www\test\trunk\source\Application\Setting\Model\EmployeeRightsModel.class.php 245
2018-01-07 23:10:25	PHP Error Severity: 2 --> Invalid argument supplied for foreach() E:\wamp\www\test\trunk\source\Application\Platform\Manager\Manager.class.php 15
2018-01-07 23:10:25	PHP Error Severity: 8 --> Undefined index: name E:\wamp\www\test\trunk\source\Application\Platform\WayBill\newtop.php 1315
2018-01-07 23:10:25	PHP Error Severity: 8 --> Undefined index: name E:\wamp\www\test\trunk\source\Application\Platform\WayBill\newtop.php 1317
2018-01-07 23:10:26	PHP Error Severity: 8 --> Undefined offset: 0 E:\wamp\www\test\trunk\source\ThinkPHP\Library\Think\Db\Driver.class.php 792
2018-01-07 23:10:26	PHP Error Severity: 2 --> Invalid argument supplied for foreach() E:\wamp\www\test\trunk\source\Application\Platform\WayBill\util.php 30
2018-01-07 23:10:26	PHP Error Severity: 2 --> Invalid argument supplied for foreach() E:\wamp\www\test\trunk\source\Application\Platform\WayBill\util.php 40
2018-01-07 23:10:26	PHP Error Severity: 8 --> Undefined index: shop_id E:\wamp\www\test\trunk\source\Application\Setting\Model\EmployeeRightsModel.class.php 245
2018-01-07 23:10:26	PHP Error Severity: 8 --> Undefined index: warehouse_id E:\wamp\www\test\trunk\source\Application\Setting\Model\EmployeeRightsModel.class.php 245
2018-01-07 23:10:48	PHP Error Severity: 2 --> Invalid argument supplied for foreach() E:\wamp\www\test\trunk\source\Application\Platform\Manager\Manager.class.php 15
2018-01-07 23:10:48	PHP Error Severity: 8 --> Undefined index: name E:\wamp\www\test\trunk\source\Application\Platform\WayBill\newtop.php 1315
2018-01-07 23:10:48	PHP Error Severity: 8 --> Undefined index: name E:\wamp\www\test\trunk\source\Application\Platform\WayBill\newtop.php 1317
2018-01-07 23:10:48	PHP Error Severity: 8 --> Undefined offset: 0 E:\wamp\www\test\trunk\source\ThinkPHP\Library\Think\Db\Driver.class.php 792
2018-01-07 23:10:48	PHP Error Severity: 2 --> Invalid argument supplied for foreach() E:\wamp\www\test\trunk\source\Application\Platform\WayBill\util.php 30
2018-01-07 23:10:48	PHP Error Severity: 2 --> Invalid argument supplied for foreach() E:\wamp\www\test\trunk\source\Application\Platform\WayBill\util.php 40
2018-01-07 23:10:48	PHP Error Severity: 8 --> Undefined index: shop_id E:\wamp\www\test\trunk\source\Application\Setting\Model\EmployeeRightsModel.class.php 245
2018-01-07 23:10:48	PHP Error Severity: 8 --> Undefined index: warehouse_id E:\wamp\www\test\trunk\source\Application\Setting\Model\EmployeeRightsModel.class.php 245
2018-01-07 23:11:16	PHP Error Severity: 2 --> Invalid argument supplied for foreach() E:\wamp\www\test\trunk\source\Application\Platform\Manager\Manager.class.php 15
2018-01-07 23:11:17	PHP Error Severity: 8 --> Undefined index: name E:\wamp\www\test\trunk\source\Application\Platform\WayBill\newtop.php 1315
2018-01-07 23:11:17	PHP Error Severity: 8 --> Undefined index: name E:\wamp\www\test\trunk\source\Application\Platform\WayBill\newtop.php 1317
2018-01-07 23:11:17	PHP Error Severity: 8 --> Undefined offset: 0 E:\wamp\www\test\trunk\source\ThinkPHP\Library\Think\Db\Driver.class.php 792
2018-01-07 23:11:17	PHP Error Severity: 2 --> Invalid argument supplied for foreach() E:\wamp\www\test\trunk\source\Application\Platform\WayBill\util.php 30
2018-01-07 23:11:17	PHP Error Severity: 2 --> Invalid argument supplied for foreach() E:\wamp\www\test\trunk\source\Application\Platform\WayBill\util.php 40
2018-01-07 23:11:17	PHP Error Severity: 8 --> Undefined index: shop_id E:\wamp\www\test\trunk\source\Application\Setting\Model\EmployeeRightsModel.class.php 245
2018-01-07 23:11:17	PHP Error Severity: 8 --> Undefined index: warehouse_id E:\wamp\www\test\trunk\source\Application\Setting\Model\EmployeeRightsModel.class.php 245
2018-01-07 23:11:45	PHP Error Severity: 2 --> Invalid argument supplied for foreach() E:\wamp\www\test\trunk\source\Application\Platform\Manager\Manager.class.php 15
2018-01-07 23:11:46	PHP Error Severity: 8 --> Undefined index: name E:\wamp\www\test\trunk\source\Application\Platform\WayBill\newtop.php 1315
2018-01-07 23:11:46	PHP Error Severity: 8 --> Undefined index: name E:\wamp\www\test\trunk\source\Application\Platform\WayBill\newtop.php 1317
2018-01-07 23:11:46	PHP Error Severity: 8 --> Undefined offset: 0 E:\wamp\www\test\trunk\source\ThinkPHP\Library\Think\Db\Driver.class.php 792
2018-01-07 23:11:46	PHP Error Severity: 2 --> Invalid argument supplied for foreach() E:\wamp\www\test\trunk\source\Application\Platform\WayBill\util.php 30
2018-01-07 23:11:46	PHP Error Severity: 2 --> Invalid argument supplied for foreach() E:\wamp\www\test\trunk\source\Application\Platform\WayBill\util.php 40
2018-01-07 23:11:46	PHP Error Severity: 8 --> Undefined index: shop_id E:\wamp\www\test\trunk\source\Application\Setting\Model\EmployeeRightsModel.class.php 245
2018-01-07 23:11:46	PHP Error Severity: 8 --> Undefined index: warehouse_id E:\wamp\www\test\trunk\source\Application\Setting\Model\EmployeeRightsModel.class.php 245
2018-01-07 23:15:54	PHP Error Severity: 2 --> Invalid argument supplied for foreach() E:\wamp\www\test\trunk\source\Application\Platform\Manager\Manager.class.php 15
2018-01-07 23:15:55	PHP Error Severity: 8 --> Undefined index: name E:\wamp\www\test\trunk\source\Application\Platform\WayBill\newtop.php 1315
2018-01-07 23:15:55	PHP Error Severity: 8 --> Undefined index: name E:\wamp\www\test\trunk\source\Application\Platform\WayBill\newtop.php 1317
2018-01-07 23:15:55	PHP Error Severity: 8 --> Undefined offset: 0 E:\wamp\www\test\trunk\source\ThinkPHP\Library\Think\Db\Driver.class.php 792
2018-01-07 23:15:55	PHP Error Severity: 2 --> Invalid argument supplied for foreach() E:\wamp\www\test\trunk\source\Application\Platform\WayBill\util.php 30
2018-01-07 23:15:55	PHP Error Severity: 2 --> Invalid argument supplied for foreach() E:\wamp\www\test\trunk\source\Application\Platform\WayBill\util.php 40
2018-01-07 23:15:55	PHP Error Severity: 8 --> Undefined index: shop_id E:\wamp\www\test\trunk\source\Application\Setting\Model\EmployeeRightsModel.class.php 245
2018-01-07 23:15:55	PHP Error Severity: 8 --> Undefined index: warehouse_id E:\wamp\www\test\trunk\source\Application\Setting\Model\EmployeeRightsModel.class.php 245
2018-01-07 23:18:23	PHP Error Severity: 2 --> Invalid argument supplied for foreach() E:\wamp\www\test\trunk\source\Application\Platform\Manager\Manager.class.php 15
2018-01-07 23:18:23	PHP Error Severity: 8 --> Undefined index: name E:\wamp\www\test\trunk\source\Application\Platform\WayBill\newtop.php 1315
2018-01-07 23:18:23	PHP Error Severity: 8 --> Undefined index: name E:\wamp\www\test\trunk\source\Application\Platform\WayBill\newtop.php 1317
2018-01-07 23:18:23	PHP Error Severity: 8 --> Undefined offset: 0 E:\wamp\www\test\trunk\source\ThinkPHP\Library\Think\Db\Driver.class.php 792
2018-01-07 23:18:23	PHP Error Severity: 2 --> Invalid argument supplied for foreach() E:\wamp\www\test\trunk\source\Application\Platform\WayBill\util.php 30
2018-01-07 23:18:23	PHP Error Severity: 2 --> Invalid argument supplied for foreach() E:\wamp\www\test\trunk\source\Application\Platform\WayBill\util.php 40
2018-01-07 23:18:23	PHP Error Severity: 8 --> Undefined index: shop_id E:\wamp\www\test\trunk\source\Application\Setting\Model\EmployeeRightsModel.class.php 245
2018-01-07 23:18:23	PHP Error Severity: 8 --> Undefined index: warehouse_id E:\wamp\www\test\trunk\source\Application\Setting\Model\EmployeeRightsModel.class.php 245
2018-01-07 23:23:10	PHP Error Severity: 2 --> Invalid argument supplied for foreach() E:\wamp\www\test\trunk\source\Application\Platform\Manager\Manager.class.php 15
2018-01-07 23:23:10	PHP Error Severity: 8 --> Undefined index: name E:\wamp\www\test\trunk\source\Application\Platform\WayBill\newtop.php 1315
2018-01-07 23:23:10	PHP Error Severity: 8 --> Undefined index: name E:\wamp\www\test\trunk\source\Application\Platform\WayBill\newtop.php 1317
2018-01-07 23:23:10	PHP Error Severity: 8 --> Undefined offset: 0 E:\wamp\www\test\trunk\source\ThinkPHP\Library\Think\Db\Driver.class.php 792
2018-01-07 23:23:10	PHP Error Severity: 2 --> Invalid argument supplied for foreach() E:\wamp\www\test\trunk\source\Application\Platform\WayBill\util.php 30
2018-01-07 23:23:10	PHP Error Severity: 2 --> Invalid argument supplied for foreach() E:\wamp\www\test\trunk\source\Application\Platform\WayBill\util.php 40
2018-01-07 23:23:10	PHP Error Severity: 8 --> Undefined index: shop_id E:\wamp\www\test\trunk\source\Application\Setting\Model\EmployeeRightsModel.class.php 245
2018-01-07 23:23:10	PHP Error Severity: 8 --> Undefined index: warehouse_id E:\wamp\www\test\trunk\source\Application\Setting\Model\EmployeeRightsModel.class.php 245
2018-01-07 23:23:33	PHP Error Severity: 2 --> Invalid argument supplied for foreach() E:\wamp\www\test\trunk\source\Application\Platform\Manager\Manager.class.php 15
2018-01-07 23:23:34	PHP Error Severity: 8 --> Undefined index: name E:\wamp\www\test\trunk\source\Application\Platform\WayBill\newtop.php 1315
2018-01-07 23:23:34	PHP Error Severity: 8 --> Undefined index: name E:\wamp\www\test\trunk\source\Application\Platform\WayBill\newtop.php 1317
2018-01-07 23:23:34	PHP Error Severity: 8 --> Undefined offset: 0 E:\wamp\www\test\trunk\source\ThinkPHP\Library\Think\Db\Driver.class.php 792
2018-01-07 23:23:34	PHP Error Severity: 2 --> Invalid argument supplied for foreach() E:\wamp\www\test\trunk\source\Application\Platform\WayBill\util.php 30
2018-01-07 23:23:34	PHP Error Severity: 2 --> Invalid argument supplied for foreach() E:\wamp\www\test\trunk\source\Application\Platform\WayBill\util.php 40
2018-01-07 23:23:34	PHP Error Severity: 8 --> Undefined index: shop_id E:\wamp\www\test\trunk\source\Application\Setting\Model\EmployeeRightsModel.class.php 245
2018-01-07 23:23:34	PHP Error Severity: 8 --> Undefined index: warehouse_id E:\wamp\www\test\trunk\source\Application\Setting\Model\EmployeeRightsModel.class.php 245
