[ 2017-05-05T09:12:58+08:00 ] 127.0.0.1 /index.php
ERR: IP:127.0.0.1,SID:web_erp=>Array
(
    [message] => Modulo by zero
    [file] => C:\wamp\www\test\trunk\source\Application\Runtime\common~runtime.php
    [line] => 1
    [trace] => #0 C:\wamp\www\test\trunk\source\Application\Platform\Common\utils.php(111): rc4(NULL, '')
#1 C:\wamp\www\test\trunk\source\Application\Platform\Common\utils.php(247): decodeDbPwd(NULL, NULL)
#2 C:\wamp\www\test\trunk\source\Application\Platform\Manager\WayBillManager.class.php(21): getUserDb('web_erp')
#3 C:\wamp\www\test\trunk\source\Application\Home\Controller\IndexController.class.php(257): Platform\Manager\WayBillManager->manual(Array, Array)
#4 C:\wamp\www\test\trunk\source\Application\Home\Controller\IndexController.class.php(269): Home\Controller\IndexController->searchWayBill()
#5 C:\wamp\www\test\trunk\source\Application\Home\Controller\IndexController.class.php(58): Home\Controller\IndexController->getWayBillCount('count')
#6 C:\wamp\www\test\trunk\source\Application\Home\Controller\IndexController.class.php(25): Home\Controller\IndexController->getTodo()
#7 [internal function]: Home\Controller\IndexController->index()
#8 C:\wamp\www\test\trunk\source\Application\Runtime\common~runtime.php(1): ReflectionMethod->invoke(Object(Home\Controller\IndexController))
#9 C:\wamp\www\test\trunk\source\Application\Runtime\common~runtime.php(1): Think\App::exec()
#10 C:\wamp\www\test\trunk\source\ThinkPHP\Library\Think\Think.class.php(120): Think\App::run()
#11 C:\wamp\www\test\trunk\source\ThinkPHP\ThinkPHP.php(97): Think\Think::start()
#12 C:\wamp\www\test\trunk\source\www\index.php(27): require('C:\\wamp\\www\\tes...')
#13 {main}
)

[ 2017-05-05T09:13:20+08:00 ] 127.0.0.1 /index.php
ERR: IP:127.0.0.1,SID:web_erp=>Array
(
    [message] => Modulo by zero
    [file] => C:\wamp\www\test\trunk\source\Application\Runtime\common~runtime.php
    [line] => 1
    [trace] => #0 C:\wamp\www\test\trunk\source\Application\Platform\Common\utils.php(111): rc4(NULL, '')
#1 C:\wamp\www\test\trunk\source\Application\Platform\Common\utils.php(247): decodeDbPwd(NULL, NULL)
#2 C:\wamp\www\test\trunk\source\Application\Platform\Manager\WayBillManager.class.php(21): getUserDb('web_erp')
#3 C:\wamp\www\test\trunk\source\Application\Home\Controller\IndexController.class.php(257): Platform\Manager\WayBillManager->manual(Array, Array)
#4 C:\wamp\www\test\trunk\source\Application\Home\Controller\IndexController.class.php(269): Home\Controller\IndexController->searchWayBill()
#5 C:\wamp\www\test\trunk\source\Application\Home\Controller\IndexController.class.php(58): Home\Controller\IndexController->getWayBillCount('count')
#6 C:\wamp\www\test\trunk\source\Application\Home\Controller\IndexController.class.php(25): Home\Controller\IndexController->getTodo()
#7 [internal function]: Home\Controller\IndexController->index()
#8 C:\wamp\www\test\trunk\source\Application\Runtime\common~runtime.php(1): ReflectionMethod->invoke(Object(Home\Controller\IndexController))
#9 C:\wamp\www\test\trunk\source\Application\Runtime\common~runtime.php(1): Think\App::exec()
#10 C:\wamp\www\test\trunk\source\ThinkPHP\Library\Think\Think.class.php(120): Think\App::run()
#11 C:\wamp\www\test\trunk\source\ThinkPHP\ThinkPHP.php(97): Think\Think::start()
#12 C:\wamp\www\test\trunk\source\www\index.php(27): require('C:\\wamp\\www\\tes...')
#13 {main}
)

[ 2017-05-05T09:15:15+08:00 ] 127.0.0.1 /index.php
ERR: IP:127.0.0.1,SID:web_erp=>Array
(
    [message] => Modulo by zero
    [file] => C:\wamp\www\test\trunk\source\Application\Runtime\common~runtime.php
    [line] => 1
    [trace] => #0 C:\wamp\www\test\trunk\source\Application\Platform\Common\utils.php(111): rc4(NULL, '')
#1 C:\wamp\www\test\trunk\source\Application\Platform\Common\utils.php(247): decodeDbPwd(NULL, NULL)
#2 C:\wamp\www\test\trunk\source\Application\Platform\Manager\WayBillManager.class.php(21): getUserDb('web_erp')
#3 C:\wamp\www\test\trunk\source\Application\Home\Controller\IndexController.class.php(257): Platform\Manager\WayBillManager->manual(Array, Array)
#4 C:\wamp\www\test\trunk\source\Application\Home\Controller\IndexController.class.php(269): Home\Controller\IndexController->searchWayBill()
#5 C:\wamp\www\test\trunk\source\Application\Home\Controller\IndexController.class.php(58): Home\Controller\IndexController->getWayBillCount('count')
#6 C:\wamp\www\test\trunk\source\Application\Home\Controller\IndexController.class.php(25): Home\Controller\IndexController->getTodo()
#7 [internal function]: Home\Controller\IndexController->index()
#8 C:\wamp\www\test\trunk\source\Application\Runtime\common~runtime.php(1): ReflectionMethod->invoke(Object(Home\Controller\IndexController))
#9 C:\wamp\www\test\trunk\source\Application\Runtime\common~runtime.php(1): Think\App::exec()
#10 C:\wamp\www\test\trunk\source\ThinkPHP\Library\Think\Think.class.php(120): Think\App::run()
#11 C:\wamp\www\test\trunk\source\ThinkPHP\ThinkPHP.php(97): Think\Think::start()
#12 C:\wamp\www\test\trunk\source\www\index.php(27): require('C:\\wamp\\www\\tes...')
#13 {main}
)

[ 2017-05-05T09:15:39+08:00 ] 127.0.0.1 /index.php
ERR: IP:127.0.0.1,SID:web_erp=>Array
(
    [message] => Modulo by zero
    [file] => C:\wamp\www\test\trunk\source\Application\Runtime\common~runtime.php
    [line] => 1
    [trace] => #0 C:\wamp\www\test\trunk\source\Application\Platform\Common\utils.php(111): rc4(NULL, '')
#1 C:\wamp\www\test\trunk\source\Application\Platform\Common\utils.php(247): decodeDbPwd(NULL, NULL)
#2 C:\wamp\www\test\trunk\source\Application\Platform\Manager\WayBillManager.class.php(21): getUserDb('web_erp')
#3 C:\wamp\www\test\trunk\source\Application\Home\Controller\IndexController.class.php(257): Platform\Manager\WayBillManager->manual(Array, Array)
#4 C:\wamp\www\test\trunk\source\Application\Home\Controller\IndexController.class.php(269): Home\Controller\IndexController->searchWayBill()
#5 C:\wamp\www\test\trunk\source\Application\Home\Controller\IndexController.class.php(58): Home\Controller\IndexController->getWayBillCount('count')
#6 C:\wamp\www\test\trunk\source\Application\Home\Controller\IndexController.class.php(25): Home\Controller\IndexController->getTodo()
#7 [internal function]: Home\Controller\IndexController->index()
#8 C:\wamp\www\test\trunk\source\Application\Runtime\common~runtime.php(1): ReflectionMethod->invoke(Object(Home\Controller\IndexController))
#9 C:\wamp\www\test\trunk\source\Application\Runtime\common~runtime.php(1): Think\App::exec()
#10 C:\wamp\www\test\trunk\source\ThinkPHP\Library\Think\Think.class.php(120): Think\App::run()
#11 C:\wamp\www\test\trunk\source\ThinkPHP\ThinkPHP.php(97): Think\Think::start()
#12 C:\wamp\www\test\trunk\source\www\index.php(27): require('C:\\wamp\\www\\tes...')
#13 {main}
)

[ 2017-05-05T09:16:01+08:00 ] 127.0.0.1 /
ERR: IP:127.0.0.1,SID:web_erp=>Array
(
    [message] => Modulo by zero
    [file] => C:\wamp\www\test\trunk\source\Application\Runtime\common~runtime.php
    [line] => 1
    [trace] => #0 C:\wamp\www\test\trunk\source\Application\Platform\Common\utils.php(111): rc4(NULL, '')
#1 C:\wamp\www\test\trunk\source\Application\Platform\Common\utils.php(247): decodeDbPwd(NULL, NULL)
#2 C:\wamp\www\test\trunk\source\Application\Platform\Manager\WayBillManager.class.php(21): getUserDb('web_erp')
#3 C:\wamp\www\test\trunk\source\Application\Home\Controller\IndexController.class.php(257): Platform\Manager\WayBillManager->manual(Array, Array)
#4 C:\wamp\www\test\trunk\source\Application\Home\Controller\IndexController.class.php(269): Home\Controller\IndexController->searchWayBill()
#5 C:\wamp\www\test\trunk\source\Application\Home\Controller\IndexController.class.php(58): Home\Controller\IndexController->getWayBillCount('count')
#6 C:\wamp\www\test\trunk\source\Application\Home\Controller\IndexController.class.php(25): Home\Controller\IndexController->getTodo()
#7 [internal function]: Home\Controller\IndexController->index()
#8 C:\wamp\www\test\trunk\source\Application\Runtime\common~runtime.php(1): ReflectionMethod->invoke(Object(Home\Controller\IndexController))
#9 C:\wamp\www\test\trunk\source\Application\Runtime\common~runtime.php(1): Think\App::exec()
#10 C:\wamp\www\test\trunk\source\ThinkPHP\Library\Think\Think.class.php(120): Think\App::run()
#11 C:\wamp\www\test\trunk\source\ThinkPHP\ThinkPHP.php(97): Think\Think::start()
#12 C:\wamp\www\test\trunk\source\www\index.php(27): require('C:\\wamp\\www\\tes...')
#13 {main}
)

[ 2017-05-05T09:16:33+08:00 ] 127.0.0.1 /
ERR: IP:127.0.0.1,SID:web_erp=>Array
(
    [message] => Modulo by zero
    [file] => C:\wamp\www\test\trunk\source\Application\Common\Common\function.php
    [line] => 83
    [trace] => #0 C:\wamp\www\test\trunk\source\Application\Platform\Common\utils.php(111): rc4(NULL, '')
#1 C:\wamp\www\test\trunk\source\Application\Platform\Common\utils.php(247): decodeDbPwd(NULL, NULL)
#2 C:\wamp\www\test\trunk\source\Application\Platform\Manager\WayBillManager.class.php(21): getUserDb('web_erp')
#3 C:\wamp\www\test\trunk\source\Application\Home\Controller\IndexController.class.php(257): Platform\Manager\WayBillManager->manual(Array, Array)
#4 C:\wamp\www\test\trunk\source\Application\Home\Controller\IndexController.class.php(269): Home\Controller\IndexController->searchWayBill()
#5 C:\wamp\www\test\trunk\source\Application\Home\Controller\IndexController.class.php(58): Home\Controller\IndexController->getWayBillCount('count')
#6 C:\wamp\www\test\trunk\source\Application\Home\Controller\IndexController.class.php(25): Home\Controller\IndexController->getTodo()
#7 [internal function]: Home\Controller\IndexController->index()
#8 C:\wamp\www\test\trunk\source\ThinkPHP\Library\Think\App.class.php(164): ReflectionMethod->invoke(Object(Home\Controller\IndexController))
#9 C:\wamp\www\test\trunk\source\ThinkPHP\Library\Think\App.class.php(202): Think\App::exec()
#10 C:\wamp\www\test\trunk\source\ThinkPHP\Library\Think\Think.class.php(120): Think\App::run()
#11 C:\wamp\www\test\trunk\source\ThinkPHP\ThinkPHP.php(97): Think\Think::start()
#12 C:\wamp\www\test\trunk\source\www\index.php(27): require('C:\\wamp\\www\\tes...')
#13 {main}
)

[ 2017-05-05T09:18:11+08:00 ] 127.0.0.1 /
ERR: IP:127.0.0.1,SID:web_erp=>Array
(
    [message] => Modulo by zero
    [file] => C:\wamp\www\test\trunk\source\Application\Common\Common\function.php
    [line] => 83
    [trace] => #0 C:\wamp\www\test\trunk\source\Application\Platform\Common\utils.php(111): rc4(NULL, '')
#1 C:\wamp\www\test\trunk\source\Application\Platform\Common\utils.php(247): decodeDbPwd(NULL, NULL)
#2 C:\wamp\www\test\trunk\source\Application\Platform\Manager\WayBillManager.class.php(21): getUserDb('web_erp')
#3 C:\wamp\www\test\trunk\source\Application\Home\Controller\IndexController.class.php(257): Platform\Manager\WayBillManager->manual(Array, Array)
#4 C:\wamp\www\test\trunk\source\Application\Home\Controller\IndexController.class.php(269): Home\Controller\IndexController->searchWayBill()
#5 C:\wamp\www\test\trunk\source\Application\Home\Controller\IndexController.class.php(58): Home\Controller\IndexController->getWayBillCount('count')
#6 C:\wamp\www\test\trunk\source\Application\Home\Controller\IndexController.class.php(25): Home\Controller\IndexController->getTodo()
#7 [internal function]: Home\Controller\IndexController->index()
#8 C:\wamp\www\test\trunk\source\ThinkPHP\Library\Think\App.class.php(164): ReflectionMethod->invoke(Object(Home\Controller\IndexController))
#9 C:\wamp\www\test\trunk\source\ThinkPHP\Library\Think\App.class.php(202): Think\App::exec()
#10 C:\wamp\www\test\trunk\source\ThinkPHP\Library\Think\Think.class.php(120): Think\App::run()
#11 C:\wamp\www\test\trunk\source\ThinkPHP\ThinkPHP.php(97): Think\Think::start()
#12 C:\wamp\www\test\trunk\source\www\index.php(27): require('C:\\wamp\\www\\tes...')
#13 {main}
)

[ 2017-05-05T09:18:33+08:00 ] 127.0.0.1 /
ERR: IP:127.0.0.1,SID:web_erp=>Array
(
    [message] => Modulo by zero
    [file] => C:\wamp\www\test\trunk\source\Application\Runtime\common~runtime.php
    [line] => 1
    [trace] => #0 C:\wamp\www\test\trunk\source\Application\Platform\Common\utils.php(111): rc4(NULL, '')
#1 C:\wamp\www\test\trunk\source\Application\Platform\Common\utils.php(247): decodeDbPwd(NULL, NULL)
#2 C:\wamp\www\test\trunk\source\Application\Platform\Manager\WayBillManager.class.php(21): getUserDb('web_erp')
#3 C:\wamp\www\test\trunk\source\Application\Home\Controller\IndexController.class.php(257): Platform\Manager\WayBillManager->manual(Array, Array)
#4 C:\wamp\www\test\trunk\source\Application\Home\Controller\IndexController.class.php(269): Home\Controller\IndexController->searchWayBill()
#5 C:\wamp\www\test\trunk\source\Application\Home\Controller\IndexController.class.php(58): Home\Controller\IndexController->getWayBillCount('count')
#6 C:\wamp\www\test\trunk\source\Application\Home\Controller\IndexController.class.php(25): Home\Controller\IndexController->getTodo()
#7 [internal function]: Home\Controller\IndexController->index()
#8 C:\wamp\www\test\trunk\source\Application\Runtime\common~runtime.php(1): ReflectionMethod->invoke(Object(Home\Controller\IndexController))
#9 C:\wamp\www\test\trunk\source\Application\Runtime\common~runtime.php(1): Think\App::exec()
#10 C:\wamp\www\test\trunk\source\ThinkPHP\Library\Think\Think.class.php(120): Think\App::run()
#11 C:\wamp\www\test\trunk\source\ThinkPHP\ThinkPHP.php(97): Think\Think::start()
#12 C:\wamp\www\test\trunk\source\www\index.php(27): require('C:\\wamp\\www\\tes...')
#13 {main}
)

[ 2017-05-05T10:00:07+08:00 ] 127.0.0.1 /
ERR: IP:127.0.0.1,SID:web_erp=>Array
(
    [message] => Modulo by zero
    [file] => C:\wamp\www\test\trunk\source\Application\Runtime\common~runtime.php
    [line] => 1
    [trace] => #0 C:\wamp\www\test\trunk\source\Application\Platform\Common\utils.php(111): rc4(NULL, '')
#1 C:\wamp\www\test\trunk\source\Application\Platform\Common\utils.php(247): decodeDbPwd(NULL, NULL)
#2 C:\wamp\www\test\trunk\source\Application\Platform\Manager\WayBillManager.class.php(21): getUserDb('web_erp')
#3 C:\wamp\www\test\trunk\source\Application\Home\Controller\IndexController.class.php(257): Platform\Manager\WayBillManager->manual(Array, Array)
#4 C:\wamp\www\test\trunk\source\Application\Home\Controller\IndexController.class.php(269): Home\Controller\IndexController->searchWayBill()
#5 C:\wamp\www\test\trunk\source\Application\Home\Controller\IndexController.class.php(58): Home\Controller\IndexController->getWayBillCount('count')
#6 C:\wamp\www\test\trunk\source\Application\Home\Controller\IndexController.class.php(25): Home\Controller\IndexController->getTodo()
#7 [internal function]: Home\Controller\IndexController->index()
#8 C:\wamp\www\test\trunk\source\Application\Runtime\common~runtime.php(1): ReflectionMethod->invoke(Object(Home\Controller\IndexController))
#9 C:\wamp\www\test\trunk\source\Application\Runtime\common~runtime.php(1): Think\App::exec()
#10 C:\wamp\www\test\trunk\source\ThinkPHP\Library\Think\Think.class.php(120): Think\App::run()
#11 C:\wamp\www\test\trunk\source\ThinkPHP\ThinkPHP.php(97): Think\Think::start()
#12 C:\wamp\www\test\trunk\source\www\index.php(27): require('C:\\wamp\\www\\tes...')
#13 {main}
)

[ 2017-05-05T10:00:30+08:00 ] 127.0.0.1 /
ERR: IP:127.0.0.1,SID:web_erp=>Array
(
    [message] => Modulo by zero
    [file] => C:\wamp\www\test\trunk\source\Application\Runtime\common~runtime.php
    [line] => 1
    [trace] => #0 C:\wamp\www\test\trunk\source\Application\Platform\Common\utils.php(111): rc4(NULL, '')
#1 C:\wamp\www\test\trunk\source\Application\Platform\Common\utils.php(247): decodeDbPwd(NULL, NULL)
#2 C:\wamp\www\test\trunk\source\Application\Platform\Manager\WayBillManager.class.php(21): getUserDb('web_erp')
#3 C:\wamp\www\test\trunk\source\Application\Home\Controller\IndexController.class.php(257): Platform\Manager\WayBillManager->manual(Array, Array)
#4 C:\wamp\www\test\trunk\source\Application\Home\Controller\IndexController.class.php(269): Home\Controller\IndexController->searchWayBill()
#5 C:\wamp\www\test\trunk\source\Application\Home\Controller\IndexController.class.php(58): Home\Controller\IndexController->getWayBillCount('count')
#6 C:\wamp\www\test\trunk\source\Application\Home\Controller\IndexController.class.php(25): Home\Controller\IndexController->getTodo()
#7 [internal function]: Home\Controller\IndexController->index()
#8 C:\wamp\www\test\trunk\source\Application\Runtime\common~runtime.php(1): ReflectionMethod->invoke(Object(Home\Controller\IndexController))
#9 C:\wamp\www\test\trunk\source\Application\Runtime\common~runtime.php(1): Think\App::exec()
#10 C:\wamp\www\test\trunk\source\ThinkPHP\Library\Think\Think.class.php(120): Think\App::run()
#11 C:\wamp\www\test\trunk\source\ThinkPHP\ThinkPHP.php(97): Think\Think::start()
#12 C:\wamp\www\test\trunk\source\www\index.php(27): require('C:\\wamp\\www\\tes...')
#13 {main}
)

[ 2017-05-05T10:19:27+08:00 ] 127.0.0.1 /
ERR: IP:127.0.0.1,SID:web_erp=>Array
(
    [message] => Modulo by zero
    [file] => C:\wamp\www\test\trunk\source\Application\Common\Common\function.php
    [line] => 83
    [trace] => #0 C:\wamp\www\test\trunk\source\Application\Platform\Common\utils.php(111): rc4(NULL, '')
#1 C:\wamp\www\test\trunk\source\Application\Platform\Common\utils.php(247): decodeDbPwd(NULL, NULL)
#2 C:\wamp\www\test\trunk\source\Application\Platform\Manager\WayBillManager.class.php(21): getUserDb('web_erp')
#3 C:\wamp\www\test\trunk\source\Application\Home\Controller\IndexController.class.php(257): Platform\Manager\WayBillManager->manual(Array, Array)
#4 C:\wamp\www\test\trunk\source\Application\Home\Controller\IndexController.class.php(269): Home\Controller\IndexController->searchWayBill()
#5 C:\wamp\www\test\trunk\source\Application\Home\Controller\IndexController.class.php(58): Home\Controller\IndexController->getWayBillCount('count')
#6 C:\wamp\www\test\trunk\source\Application\Home\Controller\IndexController.class.php(25): Home\Controller\IndexController->getTodo()
#7 [internal function]: Home\Controller\IndexController->index()
#8 C:\wamp\www\test\trunk\source\ThinkPHP\Library\Think\App.class.php(164): ReflectionMethod->invoke(Object(Home\Controller\IndexController))
#9 C:\wamp\www\test\trunk\source\ThinkPHP\Library\Think\App.class.php(202): Think\App::exec()
#10 C:\wamp\www\test\trunk\source\ThinkPHP\Library\Think\Think.class.php(120): Think\App::run()
#11 C:\wamp\www\test\trunk\source\ThinkPHP\ThinkPHP.php(97): Think\Think::start()
#12 C:\wamp\www\test\trunk\source\www\index.php(27): require('C:\\wamp\\www\\tes...')
#13 {main}
)

[ 2017-05-05T10:19:50+08:00 ] 127.0.0.1 /
ERR: IP:127.0.0.1,SID:web_erp=>Array
(
    [message] => Modulo by zero
    [file] => C:\wamp\www\test\trunk\source\Application\Runtime\common~runtime.php
    [line] => 1
    [trace] => #0 C:\wamp\www\test\trunk\source\Application\Platform\Common\utils.php(111): rc4(NULL, '')
#1 C:\wamp\www\test\trunk\source\Application\Platform\Common\utils.php(247): decodeDbPwd(NULL, NULL)
#2 C:\wamp\www\test\trunk\source\Application\Platform\Manager\WayBillManager.class.php(21): getUserDb('web_erp')
#3 C:\wamp\www\test\trunk\source\Application\Home\Controller\IndexController.class.php(257): Platform\Manager\WayBillManager->manual(Array, Array)
#4 C:\wamp\www\test\trunk\source\Application\Home\Controller\IndexController.class.php(269): Home\Controller\IndexController->searchWayBill()
#5 C:\wamp\www\test\trunk\source\Application\Home\Controller\IndexController.class.php(58): Home\Controller\IndexController->getWayBillCount('count')
#6 C:\wamp\www\test\trunk\source\Application\Home\Controller\IndexController.class.php(25): Home\Controller\IndexController->getTodo()
#7 [internal function]: Home\Controller\IndexController->index()
#8 C:\wamp\www\test\trunk\source\Application\Runtime\common~runtime.php(1): ReflectionMethod->invoke(Object(Home\Controller\IndexController))
#9 C:\wamp\www\test\trunk\source\Application\Runtime\common~runtime.php(1): Think\App::exec()
#10 C:\wamp\www\test\trunk\source\ThinkPHP\Library\Think\Think.class.php(120): Think\App::run()
#11 C:\wamp\www\test\trunk\source\ThinkPHP\ThinkPHP.php(97): Think\Think::start()
#12 C:\wamp\www\test\trunk\source\www\index.php(27): require('C:\\wamp\\www\\tes...')
#13 {main}
)

[ 2017-05-05T10:22:04+08:00 ] 127.0.0.1 /
ERR: IP:127.0.0.1,SID:web_erp=>Array
(
    [message] => Modulo by zero
    [file] => C:\wamp\www\test\trunk\source\Application\Runtime\common~runtime.php
    [line] => 1
    [trace] => #0 C:\wamp\www\test\trunk\source\Application\Platform\Common\utils.php(111): rc4(NULL, '')
#1 C:\wamp\www\test\trunk\source\Application\Platform\Common\utils.php(247): decodeDbPwd(NULL, NULL)
#2 C:\wamp\www\test\trunk\source\Application\Platform\Manager\WayBillManager.class.php(21): getUserDb('web_erp')
#3 C:\wamp\www\test\trunk\source\Application\Home\Controller\IndexController.class.php(257): Platform\Manager\WayBillManager->manual(Array, Array)
#4 C:\wamp\www\test\trunk\source\Application\Home\Controller\IndexController.class.php(269): Home\Controller\IndexController->searchWayBill()
#5 C:\wamp\www\test\trunk\source\Application\Home\Controller\IndexController.class.php(58): Home\Controller\IndexController->getWayBillCount('count')
#6 C:\wamp\www\test\trunk\source\Application\Home\Controller\IndexController.class.php(25): Home\Controller\IndexController->getTodo()
#7 [internal function]: Home\Controller\IndexController->index()
#8 C:\wamp\www\test\trunk\source\Application\Runtime\common~runtime.php(1): ReflectionMethod->invoke(Object(Home\Controller\IndexController))
#9 C:\wamp\www\test\trunk\source\Application\Runtime\common~runtime.php(1): Think\App::exec()
#10 C:\wamp\www\test\trunk\source\ThinkPHP\Library\Think\Think.class.php(120): Think\App::run()
#11 C:\wamp\www\test\trunk\source\ThinkPHP\ThinkPHP.php(97): Think\Think::start()
#12 C:\wamp\www\test\trunk\source\www\index.php(27): require('C:\\wamp\\www\\tes...')
#13 {main}
)

[ 2017-05-05T10:22:27+08:00 ] 127.0.0.1 /
ERR: IP:127.0.0.1,SID:web_erp=>Array
(
    [message] => Modulo by zero
    [file] => C:\wamp\www\test\trunk\source\Application\Runtime\common~runtime.php
    [line] => 1
    [trace] => #0 C:\wamp\www\test\trunk\source\Application\Platform\Common\utils.php(111): rc4(NULL, '')
#1 C:\wamp\www\test\trunk\source\Application\Platform\Common\utils.php(247): decodeDbPwd(NULL, NULL)
#2 C:\wamp\www\test\trunk\source\Application\Platform\Manager\WayBillManager.class.php(21): getUserDb('web_erp')
#3 C:\wamp\www\test\trunk\source\Application\Home\Controller\IndexController.class.php(257): Platform\Manager\WayBillManager->manual(Array, Array)
#4 C:\wamp\www\test\trunk\source\Application\Home\Controller\IndexController.class.php(269): Home\Controller\IndexController->searchWayBill()
#5 C:\wamp\www\test\trunk\source\Application\Home\Controller\IndexController.class.php(58): Home\Controller\IndexController->getWayBillCount('count')
#6 C:\wamp\www\test\trunk\source\Application\Home\Controller\IndexController.class.php(25): Home\Controller\IndexController->getTodo()
#7 [internal function]: Home\Controller\IndexController->index()
#8 C:\wamp\www\test\trunk\source\Application\Runtime\common~runtime.php(1): ReflectionMethod->invoke(Object(Home\Controller\IndexController))
#9 C:\wamp\www\test\trunk\source\Application\Runtime\common~runtime.php(1): Think\App::exec()
#10 C:\wamp\www\test\trunk\source\ThinkPHP\Library\Think\Think.class.php(120): Think\App::run()
#11 C:\wamp\www\test\trunk\source\ThinkPHP\ThinkPHP.php(97): Think\Think::start()
#12 C:\wamp\www\test\trunk\source\www\index.php(27): require('C:\\wamp\\www\\tes...')
#13 {main}
)

