[ 2017-05-24T15:15:07+08:00 ] 127.0.0.1 /index.php
ERR: IP:127.0.0.1,SID:ekb=>Array
(
    [message] => Modulo by zero
    [file] => C:\wamp\www\test\trunk\source\Application\Runtime\common~runtime.php
    [line] => 1
    [trace] => #0 C:\wamp\www\test\trunk\source\Application\Platform\Common\utils.php(111): rc4(NULL, '')
#1 C:\wamp\www\test\trunk\source\Application\Platform\Common\utils.php(257): decodeDbPwd(NULL, NULL)
#2 C:\wamp\www\test\trunk\source\Application\Platform\Manager\WayBillManager.class.php(21): getUserDb('ekb')
#3 C:\wamp\www\test\trunk\source\Application\Home\Controller\IndexController.class.php(257): Platform\Manager\WayBillManager->manual(Array, Array)
#4 C:\wamp\www\test\trunk\source\Application\Home\Controller\IndexController.class.php(269): Home\Controller\IndexController->searchWayBill()
#5 C:\wamp\www\test\trunk\source\Application\Home\Controller\IndexController.class.php(58): Home\Controller\IndexController->getWayBillCount('count')
#6 C:\wamp\www\test\trunk\source\Application\Home\Controller\IndexController.class.php(25): Home\Controller\IndexController->getTodo()
#7 [internal function]: Home\Controller\IndexController->index()
#8 C:\wamp\www\test\trunk\source\Application\Runtime\common~runtime.php(1): ReflectionMethod->invoke(Object(Home\Controller\IndexController))
#9 C:\wamp\www\test\trunk\source\Application\Runtime\common~runtime.php(1): Think\App::exec()
#10 C:\wamp\www\test\trunk\source\ThinkPHP\Library\Think\Think.class.php(120): Think\App::run()
#11 C:\wamp\www\test\trunk\source\ThinkPHP\ThinkPHP.php(97): Think\Think::start()
#12 C:\wamp\www\test\trunk\source\www\index.php(27): require('C:\\wamp\\www\\tes...')
#13 {main}
)

[ 2017-05-24T15:15:29+08:00 ] 127.0.0.1 /index.php
ERR: IP:127.0.0.1,SID:ekb=>Array
(
    [message] => Modulo by zero
    [file] => C:\wamp\www\test\trunk\source\Application\Runtime\common~runtime.php
    [line] => 1
    [trace] => #0 C:\wamp\www\test\trunk\source\Application\Platform\Common\utils.php(111): rc4(NULL, '')
#1 C:\wamp\www\test\trunk\source\Application\Platform\Common\utils.php(257): decodeDbPwd(NULL, NULL)
#2 C:\wamp\www\test\trunk\source\Application\Platform\Manager\WayBillManager.class.php(21): getUserDb('ekb')
#3 C:\wamp\www\test\trunk\source\Application\Home\Controller\IndexController.class.php(257): Platform\Manager\WayBillManager->manual(Array, Array)
#4 C:\wamp\www\test\trunk\source\Application\Home\Controller\IndexController.class.php(269): Home\Controller\IndexController->searchWayBill()
#5 C:\wamp\www\test\trunk\source\Application\Home\Controller\IndexController.class.php(58): Home\Controller\IndexController->getWayBillCount('count')
#6 C:\wamp\www\test\trunk\source\Application\Home\Controller\IndexController.class.php(25): Home\Controller\IndexController->getTodo()
#7 [internal function]: Home\Controller\IndexController->index()
#8 C:\wamp\www\test\trunk\source\Application\Runtime\common~runtime.php(1): ReflectionMethod->invoke(Object(Home\Controller\IndexController))
#9 C:\wamp\www\test\trunk\source\Application\Runtime\common~runtime.php(1): Think\App::exec()
#10 C:\wamp\www\test\trunk\source\ThinkPHP\Library\Think\Think.class.php(120): Think\App::run()
#11 C:\wamp\www\test\trunk\source\ThinkPHP\ThinkPHP.php(97): Think\Think::start()
#12 C:\wamp\www\test\trunk\source\www\index.php(27): require('C:\\wamp\\www\\tes...')
#13 {main}
)

[ 2017-05-24T15:15:52+08:00 ] 127.0.0.1 /
ERR: IP:127.0.0.1,SID:ekb=>Array
(
    [message] => Modulo by zero
    [file] => C:\wamp\www\test\trunk\source\Application\Runtime\common~runtime.php
    [line] => 1
    [trace] => #0 C:\wamp\www\test\trunk\source\Application\Platform\Common\utils.php(111): rc4(NULL, '')
#1 C:\wamp\www\test\trunk\source\Application\Platform\Common\utils.php(257): decodeDbPwd(NULL, NULL)
#2 C:\wamp\www\test\trunk\source\Application\Platform\Manager\WayBillManager.class.php(21): getUserDb('ekb')
#3 C:\wamp\www\test\trunk\source\Application\Home\Controller\IndexController.class.php(257): Platform\Manager\WayBillManager->manual(Array, Array)
#4 C:\wamp\www\test\trunk\source\Application\Home\Controller\IndexController.class.php(269): Home\Controller\IndexController->searchWayBill()
#5 C:\wamp\www\test\trunk\source\Application\Home\Controller\IndexController.class.php(58): Home\Controller\IndexController->getWayBillCount('count')
#6 C:\wamp\www\test\trunk\source\Application\Home\Controller\IndexController.class.php(25): Home\Controller\IndexController->getTodo()
#7 [internal function]: Home\Controller\IndexController->index()
#8 C:\wamp\www\test\trunk\source\Application\Runtime\common~runtime.php(1): ReflectionMethod->invoke(Object(Home\Controller\IndexController))
#9 C:\wamp\www\test\trunk\source\Application\Runtime\common~runtime.php(1): Think\App::exec()
#10 C:\wamp\www\test\trunk\source\ThinkPHP\Library\Think\Think.class.php(120): Think\App::run()
#11 C:\wamp\www\test\trunk\source\ThinkPHP\ThinkPHP.php(97): Think\Think::start()
#12 C:\wamp\www\test\trunk\source\www\index.php(27): require('C:\\wamp\\www\\tes...')
#13 {main}
)

